2024-04-02 05:49:39,511 [INFO] LogOutputStream:77 - [STDOUT_REDIRECT] 
2024-04-02 05:49:43,796 [INFO] ProjectBuilder:4626 - Time for Generating toolchain IDE Files: 7011mS.
2024-04-02 05:49:43,798 [INFO] ProjectBuilder:2935 - Time for Copy CMSIS : 1mS.
2024-04-02 05:49:43,801 [INFO] ProjectBuilder:2935 - Time for Copy CMSIS : 0mS.
2024-04-02 05:49:44,447 [INFO] McuFinderGlobals:76 - Set McuFinderConnectedMode to true
2024-04-02 05:49:44,453 [INFO] ApiDb:448 - Save user favorites file C:\Users\skttr/.stm32cubeide/favorites.mcus.txt: 0 item(s)
2024-04-02 05:49:44,453 [INFO] ApiDb:452 - User favorites MCUs=[]
2024-04-02 05:51:54,244 [INFO] NvicIntPanel:101 - NVIC parent = com.st.microxplorer.plugins.ip.nvic.MultiNvicIntPanel[,0,0,0x0,invalid,layout=javax.swing.BoxLayout,alignmentX=0.0,alignmentY=0.0,border=,flags=9,maximumSize=,minimumSize=,preferredSize=]
2024-04-02 05:53:57,855 [INFO] NvicIntPanel:101 - NVIC parent = com.st.microxplorer.plugins.ip.nvic.MultiNvicIntPanel[,0,0,0x0,invalid,layout=javax.swing.BoxLayout,alignmentX=0.0,alignmentY=0.0,border=,flags=9,maximumSize=,minimumSize=,preferredSize=]
2024-04-02 05:54:01,317 [INFO] NvicIntPanel:101 - NVIC parent = com.st.microxplorer.plugins.ip.nvic.MultiNvicIntPanel[,0,0,0x0,invalid,layout=javax.swing.BoxLayout,alignmentX=0.0,alignmentY=0.0,border=,flags=9,maximumSize=,minimumSize=,preferredSize=]
2024-04-02 05:54:05,797 [INFO] NvicIntPanel:101 - NVIC parent = com.st.microxplorer.plugins.ip.nvic.MultiNvicIntPanel[,0,0,0x0,invalid,layout=javax.swing.BoxLayout,alignmentX=0.0,alignmentY=0.0,border=,flags=9,maximumSize=,minimumSize=,preferredSize=]
2024-04-02 05:54:19,672 [INFO] NvicIntPanel:101 - NVIC parent = com.st.microxplorer.plugins.ip.nvic.MultiNvicIntPanel[,0,0,0x0,invalid,layout=javax.swing.BoxLayout,alignmentX=0.0,alignmentY=0.0,border=,flags=9,maximumSize=,minimumSize=,preferredSize=]
2024-04-02 05:54:24,164 [INFO] NvicIntPanel:101 - NVIC parent = com.st.microxplorer.plugins.ip.nvic.MultiNvicIntPanel[,0,0,0x0,invalid,layout=javax.swing.BoxLayout,alignmentX=0.0,alignmentY=0.0,border=,flags=9,maximumSize=,minimumSize=,preferredSize=]
2024-04-02 05:54:25,525 [INFO] NvicIntPanel:101 - NVIC parent = com.st.microxplorer.plugins.ip.nvic.MultiNvicIntPanel[,0,0,0x0,invalid,layout=javax.swing.BoxLayout,alignmentX=0.0,alignmentY=0.0,border=,flags=9,maximumSize=,minimumSize=,preferredSize=]
2024-04-02 05:54:30,628 [INFO] UtilMem:75 - End SaveConfig() Used Memory: 698551728 Bytes (1073741824)
2024-04-02 05:54:32,219 [INFO] UtilMem:75 - End SaveConfig() Used Memory: 750427160 Bytes (1073741824)
2024-04-02 05:54:32,493 [INFO] BlockDiagram:2759 - set Specific Code input for plugin: SYS
2024-04-02 05:54:32,493 [INFO] BlockDiagram:2759 - set Specific Code input for plugin: RCC
2024-04-02 05:54:32,493 [INFO] BlockDiagram:2759 - set Specific Code input for plugin: NVIC
2024-04-02 05:54:32,493 [INFO] BlockDiagram:2759 - set Specific Code input for plugin: USART
2024-04-02 05:54:32,493 [INFO] BlockDiagram:2759 - set Specific Code input for plugin: GPIO
2024-04-02 05:54:32,495 [INFO] CodeGenerator:799 - code generatio: config db path: C:\ST\STM32CubeIDE_1.13.1\STM32CubeIDE\plugins\com.st.stm32cube.common.mx_6.9.2.202309101412\\db\
2024-04-02 05:54:32,669 [INFO] CodeEngine:255 - oldGeneratedFile, C:\Users\skttr\OneDrive\Desktop\TU-BU-IOT\test\MXTmpFiles\license.tmp_save
2024-04-02 05:54:33,089 [INFO] CodeEngine:279 - Generated code: C:\Users\skttr\OneDrive\Desktop\TU-BU-IOT\test\MXTmpFiles\license.tmp
2024-04-02 05:54:33,230 [INFO] CodeEngine:255 - oldGeneratedFile, C:\Users\skttr\OneDrive\Desktop\TU-BU-IOT\test\MXTmpFiles\gpio.tmp_save
2024-04-02 05:54:33,471 [INFO] CodeEngine:279 - Generated code: C:\Users\skttr\OneDrive\Desktop\TU-BU-IOT\test\MXTmpFiles\gpio.tmp
2024-04-02 05:54:33,597 [INFO] CodeEngine:255 - oldGeneratedFile, C:\Users\skttr\OneDrive\Desktop\TU-BU-IOT\test\Core\Src\stm32f4xx_it.c_save
2024-04-02 05:54:34,132 [INFO] CodeEngine:279 - Generated code: C:\Users\skttr\OneDrive\Desktop\TU-BU-IOT\test\Core\Src\stm32f4xx_it.c
2024-04-02 05:54:34,168 [INFO] CodeEngine:255 - oldGeneratedFile, C:\Users\skttr\OneDrive\Desktop\TU-BU-IOT\test\Core\Inc\stm32f4xx_it.h_save
2024-04-02 05:54:34,334 [INFO] CodeEngine:279 - Generated code: C:\Users\skttr\OneDrive\Desktop\TU-BU-IOT\test\Core\Inc\stm32f4xx_it.h
2024-04-02 05:54:34,367 [INFO] CodeEngine:255 - oldGeneratedFile, C:\Users\skttr\OneDrive\Desktop\TU-BU-IOT\test\Core\Src\stm32f4xx_hal_msp.c_save
2024-04-02 05:54:34,567 [INFO] CodeEngine:279 - Generated code: C:\Users\skttr\OneDrive\Desktop\TU-BU-IOT\test\Core\Src\stm32f4xx_hal_msp.c
2024-04-02 05:54:34,577 [INFO] CodeEngine:255 - oldGeneratedFile, C:\Users\skttr\OneDrive\Desktop\TU-BU-IOT\test\MXTmpFiles\system.tmp_save
2024-04-02 05:54:34,678 [INFO] CodeEngine:279 - Generated code: C:\Users\skttr\OneDrive\Desktop\TU-BU-IOT\test\MXTmpFiles\system.tmp
2024-04-02 05:54:34,719 [INFO] CodeEngine:311 - oldGeneratedFile, C:\Users\skttr\OneDrive\Desktop\TU-BU-IOT\test\Core\Inc\stm32f4xx_hal_conf.h_save
2024-04-02 05:54:34,895 [INFO] CodeEngine:335 - Generated code: C:\Users\skttr\OneDrive\Desktop\TU-BU-IOT\test\Core\Inc\stm32f4xx_hal_conf.h
2024-04-02 05:54:34,996 [INFO] CodeEngine:255 - oldGeneratedFile, C:\Users\skttr\OneDrive\Desktop\TU-BU-IOT\test\Core\Inc\main.h_save
2024-04-02 05:54:35,170 [INFO] CodeEngine:279 - Generated code: C:\Users\skttr\OneDrive\Desktop\TU-BU-IOT\test\Core\Inc\main.h
2024-04-02 05:54:35,226 [INFO] CodeEngine:255 - oldGeneratedFile, C:\Users\skttr\OneDrive\Desktop\TU-BU-IOT\test\Core\Src\main.c_save
2024-04-02 05:54:35,444 [INFO] CodeEngine:279 - Generated code: C:\Users\skttr\OneDrive\Desktop\TU-BU-IOT\test\Core\Src\main.c
2024-04-02 05:54:36,354 [INFO] ProjectBuilder:3064 - Time for Copy HAL[1] : 313mS.
2024-04-02 05:54:36,358 [INFO] ProjectBuilder:4404 - Project Generator version: 4.1.0
2024-04-02 05:54:36,853 [INFO] ConfigFileManager:1457 - The Die is : DIE413
2024-04-02 05:54:39,441 [INFO] ProjectBuilder:4626 - Time for Generating toolchain IDE Files: 3083mS.
2024-04-02 05:54:39,442 [INFO] ProjectBuilder:2935 - Time for Copy CMSIS : 1mS.
2024-04-02 05:54:39,445 [INFO] ProjectBuilder:2935 - Time for Copy CMSIS : 0mS.
2024-04-02 05:58:34,260 [INFO] UtilMem:75 - End SaveConfig() Used Memory: 909183040 Bytes (1073741824)
2024-04-02 05:58:37,440 [INFO] UtilMem:75 - End SaveConfig() Used Memory: 726028976 Bytes (1073741824)
2024-04-02 05:58:37,742 [INFO] BlockDiagram:2759 - set Specific Code input for plugin: SYS
2024-04-02 05:58:37,742 [INFO] BlockDiagram:2759 - set Specific Code input for plugin: RCC
2024-04-02 05:58:37,742 [INFO] BlockDiagram:2759 - set Specific Code input for plugin: NVIC
2024-04-02 05:58:37,742 [INFO] BlockDiagram:2759 - set Specific Code input for plugin: USART
2024-04-02 05:58:37,742 [INFO] BlockDiagram:2759 - set Specific Code input for plugin: GPIO
2024-04-02 05:58:37,743 [INFO] CodeGenerator:799 - code generatio: config db path: C:\ST\STM32CubeIDE_1.13.1\STM32CubeIDE\plugins\com.st.stm32cube.common.mx_6.9.2.202309101412\\db\
2024-04-02 05:58:37,960 [INFO] CodeEngine:255 - oldGeneratedFile, C:\Users\skttr\OneDrive\Desktop\TU-BU-IOT\test\MXTmpFiles\license.tmp_save
2024-04-02 05:58:38,409 [INFO] CodeEngine:279 - Generated code: C:\Users\skttr\OneDrive\Desktop\TU-BU-IOT\test\MXTmpFiles\license.tmp
2024-04-02 05:58:38,438 [INFO] CodeEngine:255 - oldGeneratedFile, C:\Users\skttr\OneDrive\Desktop\TU-BU-IOT\test\MXTmpFiles\gpio.tmp_save
2024-04-02 05:58:38,666 [INFO] CodeEngine:279 - Generated code: C:\Users\skttr\OneDrive\Desktop\TU-BU-IOT\test\MXTmpFiles\gpio.tmp
2024-04-02 05:58:38,741 [INFO] CodeEngine:255 - oldGeneratedFile, C:\Users\skttr\OneDrive\Desktop\TU-BU-IOT\test\Core\Src\stm32f4xx_it.c_save
2024-04-02 05:58:39,009 [INFO] CodeEngine:279 - Generated code: C:\Users\skttr\OneDrive\Desktop\TU-BU-IOT\test\Core\Src\stm32f4xx_it.c
2024-04-02 05:58:39,019 [INFO] CodeEngine:255 - oldGeneratedFile, C:\Users\skttr\OneDrive\Desktop\TU-BU-IOT\test\Core\Inc\stm32f4xx_it.h_save
2024-04-02 05:58:39,119 [INFO] CodeEngine:279 - Generated code: C:\Users\skttr\OneDrive\Desktop\TU-BU-IOT\test\Core\Inc\stm32f4xx_it.h
2024-04-02 05:58:39,146 [INFO] CodeEngine:255 - oldGeneratedFile, C:\Users\skttr\OneDrive\Desktop\TU-BU-IOT\test\Core\Src\stm32f4xx_hal_msp.c_save
2024-04-02 05:58:39,361 [INFO] CodeEngine:279 - Generated code: C:\Users\skttr\OneDrive\Desktop\TU-BU-IOT\test\Core\Src\stm32f4xx_hal_msp.c
2024-04-02 05:58:39,367 [INFO] CodeEngine:255 - oldGeneratedFile, C:\Users\skttr\OneDrive\Desktop\TU-BU-IOT\test\MXTmpFiles\system.tmp_save
2024-04-02 05:58:39,443 [INFO] CodeEngine:279 - Generated code: C:\Users\skttr\OneDrive\Desktop\TU-BU-IOT\test\MXTmpFiles\system.tmp
2024-04-02 05:58:39,466 [INFO] CodeEngine:311 - oldGeneratedFile, C:\Users\skttr\OneDrive\Desktop\TU-BU-IOT\test\Core\Inc\stm32f4xx_hal_conf.h_save
2024-04-02 05:58:39,601 [INFO] CodeEngine:335 - Generated code: C:\Users\skttr\OneDrive\Desktop\TU-BU-IOT\test\Core\Inc\stm32f4xx_hal_conf.h
2024-04-02 05:58:39,661 [INFO] CodeEngine:255 - oldGeneratedFile, C:\Users\skttr\OneDrive\Desktop\TU-BU-IOT\test\Core\Inc\main.h_save
2024-04-02 05:58:39,795 [INFO] CodeEngine:279 - Generated code: C:\Users\skttr\OneDrive\Desktop\TU-BU-IOT\test\Core\Inc\main.h
2024-04-02 05:58:39,816 [INFO] CodeEngine:255 - oldGeneratedFile, C:\Users\skttr\OneDrive\Desktop\TU-BU-IOT\test\Core\Src\main.c_save
2024-04-02 05:58:39,963 [INFO] CodeEngine:279 - Generated code: C:\Users\skttr\OneDrive\Desktop\TU-BU-IOT\test\Core\Src\main.c
2024-04-02 05:58:40,671 [INFO] ProjectBuilder:3064 - Time for Copy HAL[1] : 207mS.
2024-04-02 05:58:40,674 [INFO] ProjectBuilder:4404 - Project Generator version: 4.1.0
2024-04-02 05:58:41,124 [INFO] ConfigFileManager:1457 - The Die is : DIE413
2024-04-02 05:58:43,011 [INFO] ProjectBuilder:4626 - Time for Generating toolchain IDE Files: 2337mS.
2024-04-02 05:58:43,013 [INFO] ProjectBuilder:2935 - Time for Copy CMSIS : 2mS.
2024-04-02 05:58:43,017 [INFO] ProjectBuilder:2935 - Time for Copy CMSIS : 0mS.
2024-04-02 15:21:18,677 [ERROR] LogOutputStream:75 - [STDERR_REDIRECT] Exception in thread "AWT-EventQueue-0" java.awt.IllegalComponentStateException: Native resources unavailable
2024-04-02 15:21:18,680 [ERROR] LogOutputStream:75 - [STDERR_REDIRECT] 	at java.desktop/sun.awt.windows.WWindowPeer.getScreenImOn(Native Method)
2024-04-02 15:21:18,682 [ERROR] LogOutputStream:75 - [STDERR_REDIRECT] 	at java.desktop/sun.awt.windows.WWindowPeer.updateGC(WWindowPeer.java:566)
2024-04-02 15:21:18,683 [ERROR] LogOutputStream:75 - [STDERR_REDIRECT] 	at java.desktop/java.awt.event.InvocationEvent.dispatch(InvocationEvent.java:318)
2024-04-02 15:21:18,684 [ERROR] LogOutputStream:75 - [STDERR_REDIRECT] 	at java.desktop/java.awt.EventQueue.dispatchEventImpl(EventQueue.java:771)
2024-04-02 15:21:18,686 [ERROR] LogOutputStream:75 - [STDERR_REDIRECT] 	at java.desktop/java.awt.EventQueue$4.run(EventQueue.java:722)
2024-04-02 15:21:18,687 [ERROR] LogOutputStream:75 - [STDERR_REDIRECT] 	at java.desktop/java.awt.EventQueue$4.run(EventQueue.java:716)
2024-04-02 15:21:18,688 [ERROR] LogOutputStream:75 - [STDERR_REDIRECT] 	at java.base/java.security.AccessController.doPrivileged(AccessController.java:399)
2024-04-02 15:21:18,689 [ERROR] LogOutputStream:75 - [STDERR_REDIRECT] 	at java.base/java.security.ProtectionDomain$JavaSecurityAccessImpl.doIntersectionPrivilege(ProtectionDomain.java:86)
2024-04-02 15:21:18,690 [ERROR] LogOutputStream:75 - [STDERR_REDIRECT] 	at java.base/java.security.ProtectionDomain$JavaSecurityAccessImpl.doIntersectionPrivilege(ProtectionDomain.java:97)
2024-04-02 15:21:18,691 [ERROR] LogOutputStream:75 - [STDERR_REDIRECT] 	at java.desktop/java.awt.EventQueue$5.run(EventQueue.java:746)
2024-04-02 15:21:18,692 [ERROR] LogOutputStream:75 - [STDERR_REDIRECT] 	at java.desktop/java.awt.EventQueue$5.run(EventQueue.java:744)
2024-04-02 15:21:18,695 [ERROR] LogOutputStream:75 - [STDERR_REDIRECT] 	at java.base/java.security.AccessController.doPrivileged(AccessController.java:399)
2024-04-02 15:21:18,698 [ERROR] LogOutputStream:75 - [STDERR_REDIRECT] 	at java.base/java.security.ProtectionDomain$JavaSecurityAccessImpl.doIntersectionPrivilege(ProtectionDomain.java:86)
2024-04-02 15:21:18,699 [ERROR] LogOutputStream:75 - [STDERR_REDIRECT] 	at java.desktop/java.awt.EventQueue.dispatchEvent(EventQueue.java:743)
2024-04-02 15:21:18,700 [ERROR] LogOutputStream:75 - [STDERR_REDIRECT] 	at java.desktop/java.awt.EventDispatchThread.pumpOneEventForFilters(EventDispatchThread.java:203)
2024-04-02 15:21:18,703 [ERROR] LogOutputStream:75 - [STDERR_REDIRECT] 	at java.desktop/java.awt.EventDispatchThread.pumpEventsForFilter(EventDispatchThread.java:124)
2024-04-02 15:21:18,706 [ERROR] LogOutputStream:75 - [STDERR_REDIRECT] 	at java.desktop/java.awt.EventDispatchThread.pumpEventsForHierarchy(EventDispatchThread.java:113)
2024-04-02 15:21:18,708 [ERROR] LogOutputStream:75 - [STDERR_REDIRECT] 	at java.desktop/java.awt.EventDispatchThread.pumpEvents(EventDispatchThread.java:109)
2024-04-02 15:21:18,709 [ERROR] LogOutputStream:75 - [STDERR_REDIRECT] 	at java.desktop/java.awt.EventDispatchThread.pumpEvents(EventDispatchThread.java:101)
2024-04-02 15:21:18,710 [ERROR] LogOutputStream:75 - [STDERR_REDIRECT] 	at java.desktop/java.awt.EventDispatchThread.run(EventDispatchThread.java:90)
2024-04-02 15:23:36,417 [INFO] Activator:176 - 


2024-04-02 15:23:36,419 [INFO] Activator:177 - !SESSION log4j initialized
2024-04-02 15:23:43,984 [INFO] LogOutputStream:77 - [STDOUT_REDIRECT] 
2024-04-02 15:23:56,831 [INFO] ApplicationProperties:184 - Using Application install path: C:\ST\STM32CubeIDE_1.13.1\STM32CubeIDE\plugins\com.st.stm32cube.common.mx_6.9.2.202309101412
2024-04-02 15:23:56,855 [INFO] DbMcusXml:78 - Set database path to: C:\ST\STM32CubeIDE_1.13.1\STM32CubeIDE\plugins\com.st.stm32cube.common.mx_6.9.2.202309101412\\db\/mcu/
2024-04-02 15:23:56,855 [INFO] ApiDb:274 - Set plugin database path to: C:\ST\STM32CubeIDE_1.13.1\STM32CubeIDE\plugins\com.st.stm32cube.common.mx_6.9.2.202309101412\\db\/plugins/boardmanager/
2024-04-02 15:23:56,855 [WARN] ApiDb:259 - Overriding images path with different value:  => C:\ST\STM32CubeIDE_1.13.1\STM32CubeIDE\plugins\com.st.stm32cube.common.mx_6.9.2.202309101412\\db\/plugins/mcufinder/images/
2024-04-02 15:23:56,875 [INFO] ApiDb:250 - Set database path to: C:\Users\skttr\.stmcufinder\plugins\mcufinder//mcu/
2024-04-02 15:23:56,876 [INFO] DbMcusAds:125 - Set database path to: C:\Users\skttr\.stmcufinder\plugins\mcufinder//mcu/
2024-04-02 15:23:57,873 [INFO] CrossReferenceDbSqlite:203 - Set database path to: C:\Users\skttr\.stmcufinder\plugins\mcufinder//mcu/cs/
2024-04-02 15:23:58,070 [INFO] RulesReader:64 - Compatibility file has been processed (293 Rules)
2024-04-02 15:23:58,179 [INFO] DbMcusXml:78 - Set database path to: C:\ST\STM32CubeIDE_1.13.1\STM32CubeIDE\plugins\com.st.stm32cube.common.mx_6.9.2.202309101412\\db\/mcu/
2024-04-02 15:23:58,180 [INFO] ApiDb:274 - Set plugin database path to: C:\ST\STM32CubeIDE_1.13.1\STM32CubeIDE\plugins\com.st.stm32cube.common.mx_6.9.2.202309101412\\db\/plugins/boardmanager/
2024-04-02 15:23:58,180 [INFO] ApiDb:261 - Set plugin images path to: C:\ST\STM32CubeIDE_1.13.1\STM32CubeIDE\plugins\com.st.stm32cube.common.mx_6.9.2.202309101412\\db\/plugins/mcufinder/images/
2024-04-02 15:23:58,180 [WARN] DbFile:41 - Overriding database path with different value: C:\Users\skttr\.stmcufinder\plugins\mcufinder/ => C:\Users\skttr\.stmcufinder\plugins\mcufinder
2024-04-02 15:23:58,180 [INFO] ApiDb:250 - Set database path to: C:\Users\skttr\.stmcufinder\plugins\mcufinder//mcu/
2024-04-02 15:23:58,180 [WARN] DbFile:41 - Overriding database path with different value: C:\Users\skttr\.stmcufinder\plugins\mcufinder/ => C:\Users\skttr\.stmcufinder\plugins\mcufinder
2024-04-02 15:23:58,180 [INFO] DbMcusAds:125 - Set database path to: C:\Users\skttr\.stmcufinder\plugins\mcufinder//mcu/
2024-04-02 15:23:58,180 [WARN] DbFile:41 - Overriding database path with different value: C:\Users\skttr\.stmcufinder\plugins\mcufinder/ => C:\Users\skttr\.stmcufinder\plugins\mcufinder
2024-04-02 15:23:58,180 [WARN] DbFile:41 - Overriding database path with different value: C:\Users\skttr\.stmcufinder\plugins\mcufinder/ => C:\Users\skttr\.stmcufinder\plugins\mcufinder
2024-04-02 15:23:58,872 [INFO] CrossReferenceDbSqlite:203 - Set database path to: C:\Users\skttr\.stmcufinder\plugins\mcufinder//mcu/cs/
2024-04-02 15:23:59,067 [INFO] MainPanel:262 - HeapMemory: 268435456
2024-04-02 15:23:59,310 [INFO] DbMcusXml:78 - Set database path to: C:\ST\STM32CubeIDE_1.13.1\STM32CubeIDE\plugins\com.st.stm32cube.common.mx_6.9.2.202309101412\\db\/mcu/
2024-04-02 15:23:59,310 [INFO] ApiDb:274 - Set plugin database path to: C:\ST\STM32CubeIDE_1.13.1\STM32CubeIDE\plugins\com.st.stm32cube.common.mx_6.9.2.202309101412\\db\/plugins/boardmanager/
2024-04-02 15:23:59,310 [INFO] ApiDb:261 - Set plugin images path to: C:\ST\STM32CubeIDE_1.13.1\STM32CubeIDE\plugins\com.st.stm32cube.common.mx_6.9.2.202309101412\\db\/plugins/mcufinder/images/
2024-04-02 15:23:59,311 [WARN] DbFile:41 - Overriding database path with different value: C:\Users\skttr\.stmcufinder\plugins\mcufinder/ => C:\Users\skttr\.stmcufinder\plugins\mcufinder
2024-04-02 15:23:59,312 [INFO] ApiDb:250 - Set database path to: C:\Users\skttr\.stmcufinder\plugins\mcufinder//mcu/
2024-04-02 15:23:59,312 [WARN] DbFile:41 - Overriding database path with different value: C:\Users\skttr\.stmcufinder\plugins\mcufinder/ => C:\Users\skttr\.stmcufinder\plugins\mcufinder
2024-04-02 15:23:59,312 [INFO] DbMcusAds:125 - Set database path to: C:\Users\skttr\.stmcufinder\plugins\mcufinder//mcu/
2024-04-02 15:23:59,312 [WARN] DbFile:41 - Overriding database path with different value: C:\Users\skttr\.stmcufinder\plugins\mcufinder/ => C:\Users\skttr\.stmcufinder\plugins\mcufinder
2024-04-02 15:23:59,312 [WARN] DbFile:41 - Overriding database path with different value: C:\Users\skttr\.stmcufinder\plugins\mcufinder/ => C:\Users\skttr\.stmcufinder\plugins\mcufinder
2024-04-02 15:23:59,873 [INFO] CrossReferenceDbSqlite:203 - Set database path to: C:\Users\skttr\.stmcufinder\plugins\mcufinder//mcu/cs/
2024-04-02 15:23:59,915 [INFO] ApplicationProperties:184 - Using Application install path: C:\ST\STM32CubeIDE_1.13.1\STM32CubeIDE\plugins\com.st.stm32cube.common.mx_6.9.2.202309101412
2024-04-02 15:23:59,919 [INFO] PluginManage:196 - Search for loadable plugins [exclusion list=, ]
2024-04-02 15:23:59,922 [INFO] PluginManage:310 - Check plugin analytics
2024-04-02 15:24:01,086 [INFO] AnalyticsPlugin:253 - Accepted Software Licenses: STM32CubeMX.6.9.1,STM32CubeMX.6.9.2
2024-04-02 15:24:01,087 [INFO] AnalyticsPlugin:255 - Accepted CMSIS Pack Licenses: 
2024-04-02 15:24:01,088 [INFO] AnalyticsPlugin:257 - Accepted Firmware Licenses: FW.F4.1.27.0
2024-04-02 15:24:01,094 [INFO] PluginManage:359 - Loaded plugin analytics (category:tool,tabindex:-1)
2024-04-02 15:24:01,095 [INFO] PluginManage:310 - Check plugin cadmodel
2024-04-02 15:24:01,125 [INFO] CADModel:105 - Init CAD model plugin
2024-04-02 15:24:01,127 [INFO] PluginManage:359 - Loaded plugin cadmodel (category:power,tabindex:5)
2024-04-02 15:24:01,127 [INFO] PluginManage:310 - Check plugin clock
2024-04-02 15:24:01,157 [INFO] PluginManage:359 - Loaded plugin clock (category:base,tabindex:2)
2024-04-02 15:24:01,157 [INFO] PluginManage:310 - Check plugin ddr
2024-04-02 15:24:01,162 [INFO] PluginManage:359 - Loaded plugin ddr (category:tool,tabindex:6)
2024-04-02 15:24:01,162 [INFO] PluginManage:310 - Check plugin filemanager
2024-04-02 15:24:01,396 [INFO] PluginManage:359 - Loaded plugin filemanager (category:base,tabindex:10)
2024-04-02 15:24:01,396 [INFO] PluginManage:310 - Check plugin ipmanager
2024-04-02 15:24:01,410 [INFO] PluginManage:359 - Loaded plugin ipmanager (category:base,tabindex:5)
2024-04-02 15:24:01,410 [INFO] PluginManage:310 - Check plugin lpbam
2024-04-02 15:24:01,449 [INFO] PluginManage:359 - Loaded plugin lpbam (category:base,tabindex:0)
2024-04-02 15:24:01,449 [INFO] PluginManage:310 - Check plugin memorymap
2024-04-02 15:24:01,488 [INFO] PluginManage:359 - Loaded plugin memorymap (category:base,tabindex:4)
2024-04-02 15:24:01,489 [INFO] PluginManage:310 - Check plugin pinoutandconfiguration
2024-04-02 15:24:01,511 [INFO] PluginManage:359 - Loaded plugin pinoutandconfiguration (category:base,tabindex:1)
2024-04-02 15:24:01,511 [INFO] PluginManage:310 - Check plugin pinoutconfig
2024-04-02 15:24:01,707 [WARN] SupportedApi:132 - Cannot load RTOS API schema: s4s-elt-must-match.1: The content of 'definitions' must match (annotation?, (simpleType | complexType)?, (unique | key | keyref)*)). A problem was found starting at: attribute.
2024-04-02 15:24:01,999 [INFO] PluginManage:359 - Loaded plugin pinoutconfig (category:base,tabindex:0)
2024-04-02 15:24:01,999 [INFO] PluginManage:310 - Check plugin power
2024-04-02 15:24:02,031 [INFO] PluginManage:359 - Loaded plugin power (category:power,tabindex:4)
2024-04-02 15:24:02,031 [INFO] PluginManage:310 - Check plugin projectmanager
2024-04-02 15:24:02,062 [INFO] PluginManage:359 - Loaded plugin projectmanager (category:projectmanager,tabindex:3)
2024-04-02 15:24:02,063 [INFO] PluginManage:310 - Check plugin thirdparty
2024-04-02 15:24:02,528 [INFO] PluginManage:359 - Loaded plugin thirdparty (category:base,tabindex:-1)
2024-04-02 15:24:02,528 [WARN] IntegrityCheckThread:84 - waiting for thirdparty lock release [integrity check]
2024-04-02 15:24:02,528 [INFO] PluginManage:310 - Check plugin tools
2024-04-02 15:24:02,529 [INFO] IntegrityCheckThread:86 - entering critical section [integrity check]
2024-04-02 15:24:02,529 [INFO] ThirdPartyUpdaterWithRetryManager:70 - Updater plugin not ready yet. [1/15]
2024-04-02 15:24:02,622 [INFO] PluginManage:359 - Loaded plugin tools (category:base,tabindex:7)
2024-04-02 15:24:02,623 [INFO] PluginManage:310 - Check plugin tutovideos
2024-04-02 15:24:03,045 [INFO] PluginManage:359 - Loaded plugin tutovideos (category:base,tabindex:-1)
2024-04-02 15:24:03,046 [INFO] PluginManage:310 - Check plugin updater
2024-04-02 15:24:03,066 [INFO] PluginManage:359 - Loaded plugin updater (category:base,tabindex:12)
2024-04-02 15:24:03,066 [INFO] PluginManage:310 - Check plugin userauth
2024-04-02 15:24:03,077 [INFO] UserAuth:113 - Init User Auth plugin
2024-04-02 15:24:03,078 [INFO] PluginManage:359 - Loaded plugin userauth (category:base,tabindex:14)
2024-04-02 15:24:03,079 [INFO] PluginManage:283 - PluginManage : Loaded plugins [17]
2024-04-02 15:24:03,606 [INFO] PinOutPanel:1499 - setPackage(No Configuration,No Configuration)
2024-04-02 15:24:03,833 [INFO] CADModel:165 - CPN selected for project level
2024-04-02 15:24:03,834 [INFO] CADModel:114 - Register for checkConnection events
2024-04-02 15:24:03,885 [INFO] IPUIPlugin:80 - create IPUIPlugin
2024-04-02 15:24:03,886 [INFO] PluginManager:220 - loadIPPluginJar : add adc
2024-04-02 15:24:03,978 [INFO] IPUIPlugin:80 - create IPUIPlugin
2024-04-02 15:24:03,979 [INFO] PluginManager:220 - loadIPPluginJar : add aes
2024-04-02 15:24:04,075 [INFO] IPUIPlugin:80 - create IPUIPlugin
2024-04-02 15:24:04,075 [INFO] PluginManager:220 - loadIPPluginJar : add can
2024-04-02 15:24:04,125 [INFO] IPUIPlugin:80 - create IPUIPlugin
2024-04-02 15:24:04,125 [INFO] PluginManager:220 - loadIPPluginJar : add comp
2024-04-02 15:24:04,194 [INFO] IPUIPlugin:80 - create IPUIPlugin
2024-04-02 15:24:04,194 [INFO] PluginManager:220 - loadIPPluginJar : add cryp
2024-04-02 15:24:04,268 [INFO] IPUIPlugin:80 - create IPUIPlugin
2024-04-02 15:24:04,269 [INFO] PluginManager:220 - loadIPPluginJar : add dfsdm
2024-04-02 15:24:04,293 [INFO] IPUIPlugin:80 - create IPUIPlugin
2024-04-02 15:24:04,295 [INFO] PluginManager:220 - loadIPPluginJar : add dma
2024-04-02 15:24:04,393 [INFO] IPUIPlugin:80 - create IPUIPlugin
2024-04-02 15:24:04,393 [INFO] PluginManager:220 - loadIPPluginJar : add dma3
2024-04-02 15:24:04,441 [INFO] IPUIPlugin:80 - create IPUIPlugin
2024-04-02 15:24:04,441 [INFO] PluginManager:220 - loadIPPluginJar : add fatfs
2024-04-02 15:24:04,549 [INFO] IPUIPlugin:80 - create IPUIPlugin
2024-04-02 15:24:04,550 [INFO] PluginManager:220 - loadIPPluginJar : add fmc
2024-04-02 15:24:04,579 [INFO] IPUIPlugin:80 - create IPUIPlugin
2024-04-02 15:24:04,580 [INFO] PluginManager:220 - loadIPPluginJar : add freertos
2024-04-02 15:24:04,623 [INFO] IPUIPlugin:80 - create IPUIPlugin
2024-04-02 15:24:04,623 [INFO] PluginManager:220 - loadIPPluginJar : add genericplugin
2024-04-02 15:24:04,874 [INFO] IPUIPlugin:80 - create IPUIPlugin
2024-04-02 15:24:04,875 [INFO] PluginManager:220 - loadIPPluginJar : add gfxmmu
2024-04-02 15:24:05,229 [INFO] IPUIPlugin:80 - create IPUIPlugin
2024-04-02 15:24:05,230 [INFO] PluginManager:220 - loadIPPluginJar : add gic
2024-04-02 15:24:05,259 [INFO] IPUIPlugin:80 - create IPUIPlugin
2024-04-02 15:24:05,259 [INFO] PluginManager:220 - loadIPPluginJar : add gpio
2024-04-02 15:24:05,494 [INFO] IPUIPlugin:80 - create IPUIPlugin
2024-04-02 15:24:05,494 [INFO] PluginManager:220 - loadIPPluginJar : add gtzc
2024-04-02 15:24:05,531 [INFO] ThirdPartyUpdaterWithRetryManager:70 - Updater plugin not ready yet. [2/15]
2024-04-02 15:24:05,557 [INFO] IPUIPlugin:80 - create IPUIPlugin
2024-04-02 15:24:05,557 [INFO] PluginManager:220 - loadIPPluginJar : add hash
2024-04-02 15:24:05,697 [INFO] IPUIPlugin:80 - create IPUIPlugin
2024-04-02 15:24:05,697 [INFO] PluginManager:220 - loadIPPluginJar : add i2c
2024-04-02 15:24:05,798 [INFO] IPUIPlugin:80 - create IPUIPlugin
2024-04-02 15:24:05,799 [INFO] PluginManager:220 - loadIPPluginJar : add i2s
2024-04-02 15:24:05,911 [INFO] IPUIPlugin:80 - create IPUIPlugin
2024-04-02 15:24:05,911 [INFO] PluginManager:220 - loadIPPluginJar : add i3c
2024-04-02 15:24:06,210 [INFO] IPUIPlugin:80 - create IPUIPlugin
2024-04-02 15:24:06,210 [INFO] PluginManager:220 - loadIPPluginJar : add ipddr
2024-04-02 15:24:06,457 [INFO] IPUIPlugin:80 - create IPUIPlugin
2024-04-02 15:24:06,458 [INFO] PluginManager:220 - loadIPPluginJar : add linkedlist
2024-04-02 15:24:06,545 [INFO] IPUIPlugin:80 - create IPUIPlugin
2024-04-02 15:24:06,545 [INFO] PluginManager:220 - loadIPPluginJar : add lorawan
2024-04-02 15:24:06,635 [INFO] IPUIPlugin:80 - create IPUIPlugin
2024-04-02 15:24:06,635 [INFO] PluginManager:220 - loadIPPluginJar : add ltdc
2024-04-02 15:24:06,662 [INFO] IPUIPlugin:80 - create IPUIPlugin
2024-04-02 15:24:06,663 [INFO] PluginManager:220 - loadIPPluginJar : add mdma
2024-04-02 15:24:06,681 [INFO] IPUIPlugin:80 - create IPUIPlugin
2024-04-02 15:24:06,681 [INFO] PluginManager:220 - loadIPPluginJar : add nvic
2024-04-02 15:24:06,754 [INFO] IPUIPlugin:80 - create IPUIPlugin
2024-04-02 15:24:06,755 [INFO] PluginManager:220 - loadIPPluginJar : add opamp
2024-04-02 15:24:06,918 [INFO] IPUIPlugin:80 - create IPUIPlugin
2024-04-02 15:24:06,918 [INFO] PluginManager:220 - loadIPPluginJar : add openamp
2024-04-02 15:24:07,025 [INFO] IPUIPlugin:80 - create IPUIPlugin
2024-04-02 15:24:07,025 [INFO] PluginManager:220 - loadIPPluginJar : add pdm2pcm
2024-04-02 15:24:07,063 [INFO] IPUIPlugin:80 - create IPUIPlugin
2024-04-02 15:24:07,068 [INFO] PluginManager:220 - loadIPPluginJar : add plateformsettings
2024-04-02 15:24:07,117 [INFO] IPUIPlugin:80 - create IPUIPlugin
2024-04-02 15:24:07,117 [INFO] PluginManager:220 - loadIPPluginJar : add quadspi
2024-04-02 15:24:07,135 [INFO] IPUIPlugin:80 - create IPUIPlugin
2024-04-02 15:24:07,136 [INFO] PluginManager:220 - loadIPPluginJar : add resmgrutility
2024-04-02 15:24:07,232 [INFO] IPUIPlugin:80 - create IPUIPlugin
2024-04-02 15:24:07,232 [INFO] PluginManager:220 - loadIPPluginJar : add sai
2024-04-02 15:24:07,330 [INFO] IPUIPlugin:80 - create IPUIPlugin
2024-04-02 15:24:07,331 [INFO] PluginManager:220 - loadIPPluginJar : add spi
2024-04-02 15:24:07,483 [INFO] IPUIPlugin:80 - create IPUIPlugin
2024-04-02 15:24:07,484 [INFO] PluginManager:220 - loadIPPluginJar : add stm32_wpan
2024-04-02 15:24:07,552 [INFO] IPUIPlugin:80 - create IPUIPlugin
2024-04-02 15:24:07,552 [INFO] PluginManager:220 - loadIPPluginJar : add tim
2024-04-02 15:24:07,700 [INFO] IPUIPlugin:80 - create IPUIPlugin
2024-04-02 15:24:07,700 [INFO] PluginManager:220 - loadIPPluginJar : add touchsensing
2024-04-02 15:24:07,754 [INFO] IPUIPlugin:80 - create IPUIPlugin
2024-04-02 15:24:07,755 [INFO] PluginManager:220 - loadIPPluginJar : add tracer_emb
2024-04-02 15:24:07,809 [INFO] IPUIPlugin:80 - create IPUIPlugin
2024-04-02 15:24:07,809 [INFO] PluginManager:220 - loadIPPluginJar : add ts
2024-04-02 15:24:07,862 [INFO] IPUIPlugin:80 - create IPUIPlugin
2024-04-02 15:24:07,863 [INFO] PluginManager:220 - loadIPPluginJar : add tsc
2024-04-02 15:24:07,920 [INFO] IPUIPlugin:80 - create IPUIPlugin
2024-04-02 15:24:07,921 [INFO] PluginManager:220 - loadIPPluginJar : add ucpd
2024-04-02 15:24:08,027 [INFO] IPUIPlugin:80 - create IPUIPlugin
2024-04-02 15:24:08,027 [INFO] PluginManager:220 - loadIPPluginJar : add usart
2024-04-02 15:24:08,133 [INFO] IPUIPlugin:80 - create IPUIPlugin
2024-04-02 15:24:08,133 [INFO] PluginManager:220 - loadIPPluginJar : add usbx
2024-04-02 15:24:08,335 [INFO] CADModel:165 - CPN selected for project level
2024-04-02 15:24:08,335 [INFO] CADModel:114 - Register for checkConnection events
2024-04-02 15:24:08,335 [FATAL] Updater:308 - Updater called before beeing initialized
2024-04-02 15:24:08,335 [ERROR] CADModel:125 - Updater not yet initialized, retry later 
2024-04-02 15:24:08,534 [INFO] ThirdPartyUpdaterWithRetryManager:70 - Updater plugin not ready yet. [3/15]
2024-04-02 15:24:08,689 [INFO] CADModel:165 - CPN selected for project level
2024-04-02 15:24:08,689 [INFO] CADModel:114 - Register for checkConnection events
2024-04-02 15:24:08,689 [FATAL] Updater:308 - Updater called before beeing initialized
2024-04-02 15:24:08,689 [ERROR] CADModel:125 - Updater not yet initialized, retry later 
2024-04-02 15:24:08,696 [FATAL] Updater:308 - Updater called before beeing initialized
2024-04-02 15:24:08,919 [FATAL] Updater:308 - Updater called before beeing initialized
2024-04-02 15:24:08,944 [INFO] DbMcusAds:53 - JSON generation date=Wed Nov 29 17:52:27 ICT 2023 (1701255147349)
2024-04-02 15:24:08,944 [FATAL] Updater:308 - Updater called before beeing initialized
2024-04-02 15:24:09,152 [WARN] DetailPanel:346 - Failed to get advertising image, set to default
2024-04-02 15:24:09,531 [FATAL] Updater:308 - Updater called before beeing initialized
2024-04-02 15:24:09,534 [FATAL] Updater:308 - Updater called before beeing initialized
2024-04-02 15:24:09,534 [FATAL] Updater:308 - Updater called before beeing initialized
2024-04-02 15:24:09,534 [WARN] DetailPanel:346 - Failed to get advertising image, set to default
2024-04-02 15:24:09,536 [FATAL] Updater:308 - Updater called before beeing initialized
2024-04-02 15:24:09,673 [ERROR] Updater:1120 - MainUpdater not yet initialized. External WinMGr cannot be set.
2024-04-02 15:24:09,689 [INFO] Updater:1056 - Updater Version found : 6.9.2
2024-04-02 15:24:09,727 [INFO] ApplicationProperties:184 - Using Application install path: C:\ST\STM32CubeIDE_1.13.1\STM32CubeIDE\plugins\com.st.stm32cube.common.mx_6.9.2.202309101412
2024-04-02 15:24:10,386 [INFO] MainUpdater:2868 - connection check result : 10
2024-04-02 15:24:10,387 [INFO] MainUpdater:285 - Updater Check For Update Now.
2024-04-02 15:24:10,388 [INFO] MicroXplorer:498 - Change Database Version : DB.6.0.92
2024-04-02 15:24:10,419 [INFO] McuFinderGlobals:63 - Set McuFinder mode to 2 (CubeIDE integrated)
2024-04-02 15:24:10,747 [INFO] CheckServerUpdateThread:120 - End of CheckServer Thread
2024-04-02 15:24:11,804 [WARN] PackLoader:240 - Cannot read IP mode file for STMicroelectronics.X-CUBE-SMBUS.2.1.0
2024-04-02 15:24:11,843 [WARN] PackLoader:240 - Cannot read IP mode file for STMicroelectronics.X-CUBE-TOUCHGFX.4.23.1
2024-04-02 15:24:11,931 [WARN] PackLoader:240 - Cannot read IP mode file for STMicroelectronics.X-CUBE-TOUCHGFX.4.23.0
2024-04-02 15:24:11,993 [WARN] PackLoader:240 - Cannot read IP mode file for STMicroelectronics.X-CUBE-AZRTOS-F7.1.1.0
2024-04-02 15:24:12,020 [WARN] PackLoader:240 - Cannot read IP mode file for STMicroelectronics.FP-SNS-MOTENV1.4.3.2
2024-04-02 15:24:12,266 [WARN] PackLoader:240 - Cannot read IP mode file for STMicroelectronics.FP-SNS-FLIGHT1.5.0.2
2024-04-02 15:24:12,319 [WARN] PackLoader:240 - Cannot read IP mode file for STMicroelectronics.X-CUBE-DISPLAY.3.0.0
2024-04-02 15:24:12,361 [WARN] PackLoader:240 - Cannot read IP mode file for STMicroelectronics.X-CUBE-BLE1.7.0.0
2024-04-02 15:24:12,432 [WARN] PackLoader:240 - Cannot read IP mode file for emotas.I-CUBE-CANOPEN.1.3.0
2024-04-02 15:24:12,467 [WARN] PackLoader:240 - Cannot read IP mode file for STMicroelectronics.X-CUBE-BLEMGR.3.1.0
2024-04-02 15:24:12,494 [WARN] PackLoader:240 - Cannot read IP mode file for STMicroelectronics.FP-SNS-SMARTAG2.1.2.0
2024-04-02 15:24:12,525 [INFO] LogOutputStream:77 - [STDOUT_REDIRECT] 1 : Invalid condition id : UX_CORESTACK_Condition cause : null
2024-04-02 15:24:12,526 [INFO] LogOutputStream:77 - [STDOUT_REDIRECT] 1 : Invalid condition id : UX_CORESTACK_Condition cause : null
2024-04-02 15:24:12,527 [INFO] LogOutputStream:77 - [STDOUT_REDIRECT] 1 : Invalid condition id : UX_CORESTACK_Condition cause : null
2024-04-02 15:24:12,529 [INFO] LogOutputStream:77 - [STDOUT_REDIRECT] 1 : Invalid condition id : UX_CORESTACK_Condition cause : null
2024-04-02 15:24:12,530 [INFO] LogOutputStream:77 - [STDOUT_REDIRECT] 1 : Invalid condition id : UX_CORESTACK_Condition cause : null
2024-04-02 15:24:12,540 [WARN] PackLoader:240 - Cannot read IP mode file for STMicroelectronics.X-CUBE-AZRTOS-WL.2.0.0
2024-04-02 15:24:12,565 [WARN] PackLoader:240 - Cannot read IP mode file for STMicroelectronics.FP-SNS-MOTENV1.5.0.0
2024-04-02 15:24:12,591 [WARN] PackLoader:240 - Cannot read IP mode file for WES.I-CUBE-Cesium.1.3.0
2024-04-02 15:24:12,609 [WARN] PackLoader:240 - Cannot read IP mode file for STMicroelectronics.X-CUBE-BLE2.3.3.0
2024-04-02 15:24:12,631 [WARN] PackLoader:240 - Cannot read IP mode file for STMicroelectronics.X-CUBE-ALGOBUILD.1.3.0
2024-04-02 15:24:12,676 [WARN] PackLoader:240 - Cannot read IP mode file for STMicroelectronics.X-CUBE-AZRTOS-G0.1.1.0
2024-04-02 15:24:12,702 [WARN] PackLoader:240 - Cannot read IP mode file for STMicroelectronics.X-CUBE-SAFEA1.1.2.2
2024-04-02 15:24:12,721 [WARN] PackLoader:240 - Cannot read IP mode file for STMicroelectronics.X-CUBE-NFC4.3.0.0
2024-04-02 15:24:12,746 [WARN] PackLoader:240 - Cannot read IP mode file for STMicroelectronics.X-CUBE-BLEMGR.3.0.0
2024-04-02 15:24:12,766 [WARN] PackLoader:240 - Cannot read IP mode file for STMicroelectronics.FP-ATR-SIGFOX1.3.2.0
2024-04-02 15:24:12,789 [WARN] PackLoader:240 - Cannot read IP mode file for STMicroelectronics.X-CUBE-EEPRMA1.5.1.0
2024-04-02 15:24:12,845 [WARN] PackLoader:240 - Cannot read IP mode file for SEGGER.I-CUBE-embOS.1.3.1
2024-04-02 15:24:12,906 [WARN] PackLoader:240 - Cannot read IP mode file for STMicroelectronics.X-CUBE-GNSS1.6.0.0
2024-04-02 15:24:12,945 [WARN] PackLoader:240 - Cannot read IP mode file for STMicroelectronics.X-CUBE-AZRTOS-F4.1.1.0
2024-04-02 15:24:12,964 [WARN] PackLoader:240 - Cannot read IP mode file for wolfSSL.I-CUBE-wolfSSL.5.6.6
2024-04-02 15:24:13,009 [WARN] PackLoader:240 - Cannot read IP mode file for STMicroelectronics.X-CUBE-AZRTOS-L5.2.0.0
2024-04-02 15:24:13,038 [WARN] PackLoader:240 - Cannot read IP mode file for STMicroelectronics.X-CUBE-NFC6.3.1.0
2024-04-02 15:24:13,059 [WARN] PackLoader:240 - Cannot read IP mode file for ITTIA_DB.I-CUBE-ITTIADB.8.8.0
2024-04-02 15:24:13,082 [WARN] PackLoader:240 - Cannot read IP mode file for STMicroelectronics.X-CUBE-NFC7.1.0.1
2024-04-02 15:24:13,105 [WARN] PackLoader:240 - Cannot read IP mode file for STMicroelectronics.X-CUBE-NFC6.3.0.0
2024-04-02 15:24:13,152 [WARN] PackLoader:240 - Cannot read IP mode file for STMicroelectronics.X-CUBE-AI.8.1.0
2024-04-02 15:24:13,203 [WARN] ConditionMgr:438 - getConditionDescription Invalid condition id : LAN8742 Phy interface Condition cause : null
2024-04-02 15:24:13,205 [WARN] PackLoader:240 - Cannot read IP mode file for STMicroelectronics.X-CUBE-AZRTOS-L4.2.0.0
2024-04-02 15:24:13,206 [WARN] ConditionMgr:1039 - genDependencies : Invalid condition id : LAN8742 Phy interface Condition cause : null
2024-04-02 15:24:13,207 [WARN] ConditionMgr:1039 - genDependencies : Invalid condition id : LAN8742 Phy interface Condition cause : null
2024-04-02 15:24:13,208 [WARN] ConditionMgr:1039 - genDependencies : Invalid condition id : LAN8742 Phy interface Condition cause : null
2024-04-02 15:24:13,231 [WARN] PackLoader:240 - Cannot read IP mode file for STMicroelectronics.X-CUBE-SFXS2LP1.4.0.0
2024-04-02 15:24:13,262 [WARN] ConditionMgr:438 - getConditionDescription Invalid condition id : UX DEVICE CLASS RTOS Condition cause : null
2024-04-02 15:24:13,263 [WARN] ConditionMgr:438 - getConditionDescription Invalid condition id : UX DEVICE CLASS RTOS Condition cause : null
2024-04-02 15:24:13,265 [WARN] PackLoader:240 - Cannot read IP mode file for STMicroelectronics.X-CUBE-AZRTOS-WB.2.0.0
2024-04-02 15:24:13,265 [WARN] ConditionMgr:1039 - genDependencies : Invalid condition id : UX DEVICE CLASS RTOS Condition cause : null
2024-04-02 15:24:13,266 [WARN] ConditionMgr:1039 - genDependencies : Invalid condition id : UX DEVICE CLASS RTOS Condition cause : null
2024-04-02 15:24:13,266 [WARN] ConditionMgr:1039 - genDependencies : Invalid condition id : UX DEVICE CLASS RTOS Condition cause : null
2024-04-02 15:24:13,266 [WARN] ConditionMgr:1039 - genDependencies : Invalid condition id : UX DEVICE CLASS RTOS Condition cause : null
2024-04-02 15:24:13,266 [WARN] ConditionMgr:1039 - genDependencies : Invalid condition id : UX DEVICE CLASS RTOS Condition cause : null
2024-04-02 15:24:13,297 [WARN] PackLoader:240 - Cannot read IP mode file for STMicroelectronics.X-CUBE-SUBG2.5.0.0
2024-04-02 15:24:13,345 [WARN] PackLoader:240 - Cannot read IP mode file for STMicroelectronics.X-CUBE-AZRTOS-G4.2.0.0
2024-04-02 15:24:13,377 [WARN] PackLoader:240 - Cannot read IP mode file for Infineon.AIROC-Wi-Fi-Bluetooth-STM32.1.5.1
2024-04-02 15:24:13,397 [WARN] PackLoader:240 - Cannot read IP mode file for STMicroelectronics.FP-SNS-MOTENVWB1.1.3.1
2024-04-02 15:24:13,414 [WARN] PackLoader:240 - Cannot read IP mode file for STMicroelectronics.X-CUBE-ISPU.2.0.0
2024-04-02 15:24:13,477 [WARN] PackLoader:240 - Cannot read IP mode file for STMicroelectronics.X-CUBE-MEMS1.10.0.0
2024-04-02 15:24:13,682 [WARN] PackLoader:240 - Cannot read IP mode file for STMicroelectronics.X-CUBE-FREERTOS.1.1.0
2024-04-02 15:24:13,715 [WARN] PackLoader:240 - Cannot read IP mode file for portGmbH.I-Cube-SoM-uGOAL.1.1.0
2024-04-02 15:24:13,732 [WARN] PackLoader:240 - Cannot read IP mode file for STMicroelectronics.X-CUBE-ALS.1.0.1
2024-04-02 15:24:13,749 [WARN] PackLoader:240 - Cannot read IP mode file for STMicroelectronics.FP-ATR-ASTRA1.2.0.0
2024-04-02 15:24:13,779 [WARN] PackLoader:240 - Cannot read IP mode file for STMicroelectronics.X-CUBE-TOF1.3.4.0
2024-04-02 15:24:13,814 [WARN] PackLoader:240 - Cannot read IP mode file for STMicroelectronics.X-CUBE-TOF1.3.4.1
2024-04-02 15:24:13,968 [WARN] PackLoader:240 - Cannot read IP mode file for STMicroelectronics.X-CUBE-AZRTOS-H7.3.2.0
2024-04-02 15:24:13,973 [INFO] ThirdParty:978 - Integrity check success = true
2024-04-02 15:24:13,973 [INFO] IntegrityCheckThread:100 - exiting critical section [integrity check]
2024-04-02 15:24:13,973 [INFO] IntegrityCheckThread:103 - End integrity checks thread
2024-04-02 15:24:14,591 [ERROR] LogOutputStream:75 - [STDERR_REDIRECT] SLF4J: Failed to load class "org.slf4j.impl.StaticLoggerBinder".
2024-04-02 15:24:14,593 [ERROR] LogOutputStream:75 - [STDERR_REDIRECT] SLF4J: Defaulting to no-operation (NOP) logger implementation
2024-04-02 15:24:14,594 [ERROR] LogOutputStream:75 - [STDERR_REDIRECT] SLF4J: See http://www.slf4j.org/codes.html#StaticLoggerBinder for further details.
2024-04-02 15:36:34,126 [INFO] Activator:176 - 


2024-04-02 15:36:34,127 [INFO] Activator:177 - !SESSION log4j initialized
2024-04-02 15:36:39,329 [INFO] LogOutputStream:77 - [STDOUT_REDIRECT] 
2024-04-02 15:36:41,814 [INFO] ApplicationProperties:184 - Using Application install path: C:\ST\STM32CubeIDE_1.13.1\STM32CubeIDE\plugins\com.st.stm32cube.common.mx_6.9.2.202309101412
2024-04-02 15:36:41,835 [INFO] DbMcusXml:78 - Set database path to: C:\ST\STM32CubeIDE_1.13.1\STM32CubeIDE\plugins\com.st.stm32cube.common.mx_6.9.2.202309101412\\db\/mcu/
2024-04-02 15:36:41,836 [INFO] ApiDb:274 - Set plugin database path to: C:\ST\STM32CubeIDE_1.13.1\STM32CubeIDE\plugins\com.st.stm32cube.common.mx_6.9.2.202309101412\\db\/plugins/boardmanager/
2024-04-02 15:36:41,836 [WARN] ApiDb:259 - Overriding images path with different value:  => C:\ST\STM32CubeIDE_1.13.1\STM32CubeIDE\plugins\com.st.stm32cube.common.mx_6.9.2.202309101412\\db\/plugins/mcufinder/images/
2024-04-02 15:36:41,847 [INFO] ApiDb:250 - Set database path to: C:\Users\skttr\.stmcufinder\plugins\mcufinder//mcu/
2024-04-02 15:36:41,848 [INFO] DbMcusAds:125 - Set database path to: C:\Users\skttr\.stmcufinder\plugins\mcufinder//mcu/
2024-04-02 15:36:42,371 [INFO] CrossReferenceDbSqlite:203 - Set database path to: C:\Users\skttr\.stmcufinder\plugins\mcufinder//mcu/cs/
2024-04-02 15:36:42,559 [INFO] RulesReader:64 - Compatibility file has been processed (293 Rules)
2024-04-02 15:36:42,662 [INFO] DbMcusXml:78 - Set database path to: C:\ST\STM32CubeIDE_1.13.1\STM32CubeIDE\plugins\com.st.stm32cube.common.mx_6.9.2.202309101412\\db\/mcu/
2024-04-02 15:36:42,663 [INFO] ApiDb:274 - Set plugin database path to: C:\ST\STM32CubeIDE_1.13.1\STM32CubeIDE\plugins\com.st.stm32cube.common.mx_6.9.2.202309101412\\db\/plugins/boardmanager/
2024-04-02 15:36:42,663 [INFO] ApiDb:261 - Set plugin images path to: C:\ST\STM32CubeIDE_1.13.1\STM32CubeIDE\plugins\com.st.stm32cube.common.mx_6.9.2.202309101412\\db\/plugins/mcufinder/images/
2024-04-02 15:36:42,663 [WARN] DbFile:41 - Overriding database path with different value: C:\Users\skttr\.stmcufinder\plugins\mcufinder/ => C:\Users\skttr\.stmcufinder\plugins\mcufinder
2024-04-02 15:36:42,663 [INFO] ApiDb:250 - Set database path to: C:\Users\skttr\.stmcufinder\plugins\mcufinder//mcu/
2024-04-02 15:36:42,664 [WARN] DbFile:41 - Overriding database path with different value: C:\Users\skttr\.stmcufinder\plugins\mcufinder/ => C:\Users\skttr\.stmcufinder\plugins\mcufinder
2024-04-02 15:36:42,664 [INFO] DbMcusAds:125 - Set database path to: C:\Users\skttr\.stmcufinder\plugins\mcufinder//mcu/
2024-04-02 15:36:42,664 [WARN] DbFile:41 - Overriding database path with different value: C:\Users\skttr\.stmcufinder\plugins\mcufinder/ => C:\Users\skttr\.stmcufinder\plugins\mcufinder
2024-04-02 15:36:42,664 [WARN] DbFile:41 - Overriding database path with different value: C:\Users\skttr\.stmcufinder\plugins\mcufinder/ => C:\Users\skttr\.stmcufinder\plugins\mcufinder
2024-04-02 15:36:43,372 [INFO] CrossReferenceDbSqlite:203 - Set database path to: C:\Users\skttr\.stmcufinder\plugins\mcufinder//mcu/cs/
2024-04-02 15:36:43,506 [INFO] MainPanel:262 - HeapMemory: 268435456
2024-04-02 15:36:43,586 [INFO] DbMcusXml:78 - Set database path to: C:\ST\STM32CubeIDE_1.13.1\STM32CubeIDE\plugins\com.st.stm32cube.common.mx_6.9.2.202309101412\\db\/mcu/
2024-04-02 15:36:43,586 [INFO] ApiDb:274 - Set plugin database path to: C:\ST\STM32CubeIDE_1.13.1\STM32CubeIDE\plugins\com.st.stm32cube.common.mx_6.9.2.202309101412\\db\/plugins/boardmanager/
2024-04-02 15:36:43,586 [INFO] ApiDb:261 - Set plugin images path to: C:\ST\STM32CubeIDE_1.13.1\STM32CubeIDE\plugins\com.st.stm32cube.common.mx_6.9.2.202309101412\\db\/plugins/mcufinder/images/
2024-04-02 15:36:43,586 [WARN] DbFile:41 - Overriding database path with different value: C:\Users\skttr\.stmcufinder\plugins\mcufinder/ => C:\Users\skttr\.stmcufinder\plugins\mcufinder
2024-04-02 15:36:43,587 [INFO] ApiDb:250 - Set database path to: C:\Users\skttr\.stmcufinder\plugins\mcufinder//mcu/
2024-04-02 15:36:43,587 [WARN] DbFile:41 - Overriding database path with different value: C:\Users\skttr\.stmcufinder\plugins\mcufinder/ => C:\Users\skttr\.stmcufinder\plugins\mcufinder
2024-04-02 15:36:43,587 [INFO] DbMcusAds:125 - Set database path to: C:\Users\skttr\.stmcufinder\plugins\mcufinder//mcu/
2024-04-02 15:36:43,587 [WARN] DbFile:41 - Overriding database path with different value: C:\Users\skttr\.stmcufinder\plugins\mcufinder/ => C:\Users\skttr\.stmcufinder\plugins\mcufinder
2024-04-02 15:36:43,587 [WARN] DbFile:41 - Overriding database path with different value: C:\Users\skttr\.stmcufinder\plugins\mcufinder/ => C:\Users\skttr\.stmcufinder\plugins\mcufinder
2024-04-02 15:36:44,371 [INFO] CrossReferenceDbSqlite:203 - Set database path to: C:\Users\skttr\.stmcufinder\plugins\mcufinder//mcu/cs/
2024-04-02 15:36:44,395 [INFO] ApplicationProperties:184 - Using Application install path: C:\ST\STM32CubeIDE_1.13.1\STM32CubeIDE\plugins\com.st.stm32cube.common.mx_6.9.2.202309101412
2024-04-02 15:36:44,398 [INFO] PluginManage:196 - Search for loadable plugins [exclusion list=, ]
2024-04-02 15:36:44,400 [INFO] PluginManage:310 - Check plugin analytics
2024-04-02 15:36:45,469 [INFO] AnalyticsPlugin:253 - Accepted Software Licenses: STM32CubeMX.6.9.1,STM32CubeMX.6.9.2
2024-04-02 15:36:45,469 [INFO] AnalyticsPlugin:255 - Accepted CMSIS Pack Licenses: 
2024-04-02 15:36:45,470 [INFO] AnalyticsPlugin:257 - Accepted Firmware Licenses: FW.F4.1.27.0
2024-04-02 15:36:45,473 [INFO] PluginManage:359 - Loaded plugin analytics (category:tool,tabindex:-1)
2024-04-02 15:36:45,473 [INFO] PluginManage:310 - Check plugin cadmodel
2024-04-02 15:36:45,477 [INFO] CADModel:105 - Init CAD model plugin
2024-04-02 15:36:45,477 [INFO] PluginManage:359 - Loaded plugin cadmodel (category:power,tabindex:5)
2024-04-02 15:36:45,478 [INFO] PluginManage:310 - Check plugin clock
2024-04-02 15:36:45,486 [INFO] PluginManage:359 - Loaded plugin clock (category:base,tabindex:2)
2024-04-02 15:36:45,486 [INFO] PluginManage:310 - Check plugin ddr
2024-04-02 15:36:45,488 [INFO] PluginManage:359 - Loaded plugin ddr (category:tool,tabindex:6)
2024-04-02 15:36:45,488 [INFO] PluginManage:310 - Check plugin filemanager
2024-04-02 15:36:45,692 [INFO] PluginManage:359 - Loaded plugin filemanager (category:base,tabindex:10)
2024-04-02 15:36:45,692 [INFO] PluginManage:310 - Check plugin ipmanager
2024-04-02 15:36:45,700 [INFO] PluginManage:359 - Loaded plugin ipmanager (category:base,tabindex:5)
2024-04-02 15:36:45,700 [INFO] PluginManage:310 - Check plugin lpbam
2024-04-02 15:36:45,710 [INFO] PluginManage:359 - Loaded plugin lpbam (category:base,tabindex:0)
2024-04-02 15:36:45,710 [INFO] PluginManage:310 - Check plugin memorymap
2024-04-02 15:36:45,720 [INFO] PluginManage:359 - Loaded plugin memorymap (category:base,tabindex:4)
2024-04-02 15:36:45,720 [INFO] PluginManage:310 - Check plugin pinoutandconfiguration
2024-04-02 15:36:45,725 [INFO] PluginManage:359 - Loaded plugin pinoutandconfiguration (category:base,tabindex:1)
2024-04-02 15:36:45,726 [INFO] PluginManage:310 - Check plugin pinoutconfig
2024-04-02 15:36:45,947 [WARN] SupportedApi:132 - Cannot load RTOS API schema: s4s-elt-must-match.1: The content of 'definitions' must match (annotation?, (simpleType | complexType)?, (unique | key | keyref)*)). A problem was found starting at: attribute.
2024-04-02 15:36:46,071 [INFO] PluginManage:359 - Loaded plugin pinoutconfig (category:base,tabindex:0)
2024-04-02 15:36:46,072 [INFO] PluginManage:310 - Check plugin power
2024-04-02 15:36:46,079 [INFO] PluginManage:359 - Loaded plugin power (category:power,tabindex:4)
2024-04-02 15:36:46,079 [INFO] PluginManage:310 - Check plugin projectmanager
2024-04-02 15:36:46,094 [INFO] PluginManage:359 - Loaded plugin projectmanager (category:projectmanager,tabindex:3)
2024-04-02 15:36:46,094 [INFO] PluginManage:310 - Check plugin thirdparty
2024-04-02 15:36:46,199 [INFO] PluginManage:359 - Loaded plugin thirdparty (category:base,tabindex:-1)
2024-04-02 15:36:46,199 [INFO] PluginManage:310 - Check plugin tools
2024-04-02 15:36:46,199 [WARN] IntegrityCheckThread:84 - waiting for thirdparty lock release [integrity check]
2024-04-02 15:36:46,201 [INFO] IntegrityCheckThread:86 - entering critical section [integrity check]
2024-04-02 15:36:46,201 [INFO] ThirdPartyUpdaterWithRetryManager:70 - Updater plugin not ready yet. [1/15]
2024-04-02 15:36:46,203 [INFO] PluginManage:359 - Loaded plugin tools (category:base,tabindex:7)
2024-04-02 15:36:46,203 [INFO] PluginManage:310 - Check plugin tutovideos
2024-04-02 15:36:46,366 [INFO] PluginManage:359 - Loaded plugin tutovideos (category:base,tabindex:-1)
2024-04-02 15:36:46,366 [INFO] PluginManage:310 - Check plugin updater
2024-04-02 15:36:46,375 [INFO] PluginManage:359 - Loaded plugin updater (category:base,tabindex:12)
2024-04-02 15:36:46,375 [INFO] PluginManage:310 - Check plugin userauth
2024-04-02 15:36:46,381 [INFO] UserAuth:113 - Init User Auth plugin
2024-04-02 15:36:46,381 [INFO] PluginManage:359 - Loaded plugin userauth (category:base,tabindex:14)
2024-04-02 15:36:46,381 [INFO] PluginManage:283 - PluginManage : Loaded plugins [17]
2024-04-02 15:36:47,418 [INFO] PinOutPanel:1499 - setPackage(No Configuration,No Configuration)
2024-04-02 15:36:48,335 [INFO] CADModel:165 - CPN selected for project level
2024-04-02 15:36:48,335 [INFO] CADModel:114 - Register for checkConnection events
2024-04-02 15:36:48,362 [INFO] IPUIPlugin:80 - create IPUIPlugin
2024-04-02 15:36:48,363 [INFO] PluginManager:220 - loadIPPluginJar : add adc
2024-04-02 15:36:48,374 [INFO] IPUIPlugin:80 - create IPUIPlugin
2024-04-02 15:36:48,374 [INFO] PluginManager:220 - loadIPPluginJar : add aes
2024-04-02 15:36:48,378 [INFO] IPUIPlugin:80 - create IPUIPlugin
2024-04-02 15:36:48,384 [INFO] PluginManager:220 - loadIPPluginJar : add can
2024-04-02 15:36:48,389 [INFO] IPUIPlugin:80 - create IPUIPlugin
2024-04-02 15:36:48,389 [INFO] PluginManager:220 - loadIPPluginJar : add comp
2024-04-02 15:36:48,393 [INFO] IPUIPlugin:80 - create IPUIPlugin
2024-04-02 15:36:48,393 [INFO] PluginManager:220 - loadIPPluginJar : add cryp
2024-04-02 15:36:48,399 [INFO] IPUIPlugin:80 - create IPUIPlugin
2024-04-02 15:36:48,399 [INFO] PluginManager:220 - loadIPPluginJar : add dfsdm
2024-04-02 15:36:48,408 [INFO] IPUIPlugin:80 - create IPUIPlugin
2024-04-02 15:36:48,409 [INFO] PluginManager:220 - loadIPPluginJar : add dma
2024-04-02 15:36:48,413 [INFO] IPUIPlugin:80 - create IPUIPlugin
2024-04-02 15:36:48,413 [INFO] PluginManager:220 - loadIPPluginJar : add dma3
2024-04-02 15:36:48,416 [INFO] IPUIPlugin:80 - create IPUIPlugin
2024-04-02 15:36:48,416 [INFO] PluginManager:220 - loadIPPluginJar : add fatfs
2024-04-02 15:36:48,423 [INFO] IPUIPlugin:80 - create IPUIPlugin
2024-04-02 15:36:48,423 [INFO] PluginManager:220 - loadIPPluginJar : add fmc
2024-04-02 15:36:48,429 [INFO] IPUIPlugin:80 - create IPUIPlugin
2024-04-02 15:36:48,430 [INFO] PluginManager:220 - loadIPPluginJar : add freertos
2024-04-02 15:36:48,432 [INFO] IPUIPlugin:80 - create IPUIPlugin
2024-04-02 15:36:48,432 [INFO] PluginManager:220 - loadIPPluginJar : add genericplugin
2024-04-02 15:36:48,441 [INFO] IPUIPlugin:80 - create IPUIPlugin
2024-04-02 15:36:48,441 [INFO] PluginManager:220 - loadIPPluginJar : add gfxmmu
2024-04-02 15:36:48,449 [INFO] IPUIPlugin:80 - create IPUIPlugin
2024-04-02 15:36:48,450 [INFO] PluginManager:220 - loadIPPluginJar : add gic
2024-04-02 15:36:48,457 [INFO] IPUIPlugin:80 - create IPUIPlugin
2024-04-02 15:36:48,458 [INFO] PluginManager:220 - loadIPPluginJar : add gpio
2024-04-02 15:36:48,460 [INFO] IPUIPlugin:80 - create IPUIPlugin
2024-04-02 15:36:48,460 [INFO] PluginManager:220 - loadIPPluginJar : add gtzc
2024-04-02 15:36:48,466 [INFO] IPUIPlugin:80 - create IPUIPlugin
2024-04-02 15:36:48,466 [INFO] PluginManager:220 - loadIPPluginJar : add hash
2024-04-02 15:36:48,471 [INFO] IPUIPlugin:80 - create IPUIPlugin
2024-04-02 15:36:48,471 [INFO] PluginManager:220 - loadIPPluginJar : add i2c
2024-04-02 15:36:48,473 [INFO] IPUIPlugin:80 - create IPUIPlugin
2024-04-02 15:36:48,473 [INFO] PluginManager:220 - loadIPPluginJar : add i2s
2024-04-02 15:36:48,477 [INFO] IPUIPlugin:80 - create IPUIPlugin
2024-04-02 15:36:48,477 [INFO] PluginManager:220 - loadIPPluginJar : add i3c
2024-04-02 15:36:48,481 [INFO] IPUIPlugin:80 - create IPUIPlugin
2024-04-02 15:36:48,481 [INFO] PluginManager:220 - loadIPPluginJar : add ipddr
2024-04-02 15:36:48,491 [INFO] IPUIPlugin:80 - create IPUIPlugin
2024-04-02 15:36:48,491 [INFO] PluginManager:220 - loadIPPluginJar : add linkedlist
2024-04-02 15:36:48,494 [INFO] IPUIPlugin:80 - create IPUIPlugin
2024-04-02 15:36:48,494 [INFO] PluginManager:220 - loadIPPluginJar : add lorawan
2024-04-02 15:36:48,497 [INFO] IPUIPlugin:80 - create IPUIPlugin
2024-04-02 15:36:48,497 [INFO] PluginManager:220 - loadIPPluginJar : add ltdc
2024-04-02 15:36:48,505 [INFO] IPUIPlugin:80 - create IPUIPlugin
2024-04-02 15:36:48,505 [INFO] PluginManager:220 - loadIPPluginJar : add mdma
2024-04-02 15:36:48,508 [INFO] IPUIPlugin:80 - create IPUIPlugin
2024-04-02 15:36:48,509 [INFO] PluginManager:220 - loadIPPluginJar : add nvic
2024-04-02 15:36:48,512 [INFO] IPUIPlugin:80 - create IPUIPlugin
2024-04-02 15:36:48,512 [INFO] PluginManager:220 - loadIPPluginJar : add opamp
2024-04-02 15:36:48,515 [INFO] IPUIPlugin:80 - create IPUIPlugin
2024-04-02 15:36:48,517 [INFO] PluginManager:220 - loadIPPluginJar : add openamp
2024-04-02 15:36:48,520 [INFO] IPUIPlugin:80 - create IPUIPlugin
2024-04-02 15:36:48,520 [INFO] PluginManager:220 - loadIPPluginJar : add pdm2pcm
2024-04-02 15:36:48,527 [INFO] IPUIPlugin:80 - create IPUIPlugin
2024-04-02 15:36:48,531 [INFO] PluginManager:220 - loadIPPluginJar : add plateformsettings
2024-04-02 15:36:48,533 [INFO] IPUIPlugin:80 - create IPUIPlugin
2024-04-02 15:36:48,533 [INFO] PluginManager:220 - loadIPPluginJar : add quadspi
2024-04-02 15:36:48,538 [INFO] IPUIPlugin:80 - create IPUIPlugin
2024-04-02 15:36:48,538 [INFO] PluginManager:220 - loadIPPluginJar : add resmgrutility
2024-04-02 15:36:48,542 [INFO] IPUIPlugin:80 - create IPUIPlugin
2024-04-02 15:36:48,542 [INFO] PluginManager:220 - loadIPPluginJar : add sai
2024-04-02 15:36:48,546 [INFO] IPUIPlugin:80 - create IPUIPlugin
2024-04-02 15:36:48,546 [INFO] PluginManager:220 - loadIPPluginJar : add spi
2024-04-02 15:36:48,553 [INFO] IPUIPlugin:80 - create IPUIPlugin
2024-04-02 15:36:48,553 [INFO] PluginManager:220 - loadIPPluginJar : add stm32_wpan
2024-04-02 15:36:48,556 [INFO] IPUIPlugin:80 - create IPUIPlugin
2024-04-02 15:36:48,556 [INFO] PluginManager:220 - loadIPPluginJar : add tim
2024-04-02 15:36:48,559 [INFO] IPUIPlugin:80 - create IPUIPlugin
2024-04-02 15:36:48,559 [INFO] PluginManager:220 - loadIPPluginJar : add touchsensing
2024-04-02 15:36:48,564 [INFO] IPUIPlugin:80 - create IPUIPlugin
2024-04-02 15:36:48,564 [INFO] PluginManager:220 - loadIPPluginJar : add tracer_emb
2024-04-02 15:36:48,567 [INFO] IPUIPlugin:80 - create IPUIPlugin
2024-04-02 15:36:48,567 [INFO] PluginManager:220 - loadIPPluginJar : add ts
2024-04-02 15:36:48,569 [INFO] IPUIPlugin:80 - create IPUIPlugin
2024-04-02 15:36:48,570 [INFO] PluginManager:220 - loadIPPluginJar : add tsc
2024-04-02 15:36:48,573 [INFO] IPUIPlugin:80 - create IPUIPlugin
2024-04-02 15:36:48,573 [INFO] PluginManager:220 - loadIPPluginJar : add ucpd
2024-04-02 15:36:48,575 [INFO] IPUIPlugin:80 - create IPUIPlugin
2024-04-02 15:36:48,575 [INFO] PluginManager:220 - loadIPPluginJar : add usart
2024-04-02 15:36:48,580 [INFO] IPUIPlugin:80 - create IPUIPlugin
2024-04-02 15:36:48,580 [INFO] PluginManager:220 - loadIPPluginJar : add usbx
2024-04-02 15:36:48,723 [INFO] CADModel:165 - CPN selected for project level
2024-04-02 15:36:48,723 [INFO] CADModel:114 - Register for checkConnection events
2024-04-02 15:36:48,725 [FATAL] Updater:308 - Updater called before beeing initialized
2024-04-02 15:36:48,725 [ERROR] CADModel:125 - Updater not yet initialized, retry later 
2024-04-02 15:36:48,893 [INFO] CADModel:165 - CPN selected for project level
2024-04-02 15:36:48,893 [INFO] CADModel:114 - Register for checkConnection events
2024-04-02 15:36:48,893 [FATAL] Updater:308 - Updater called before beeing initialized
2024-04-02 15:36:48,893 [ERROR] CADModel:125 - Updater not yet initialized, retry later 
2024-04-02 15:36:48,900 [FATAL] Updater:308 - Updater called before beeing initialized
2024-04-02 15:36:49,106 [FATAL] Updater:308 - Updater called before beeing initialized
2024-04-02 15:36:49,118 [INFO] DbMcusAds:53 - JSON generation date=Wed Nov 29 17:52:27 ICT 2023 (1701255147349)
2024-04-02 15:36:49,119 [FATAL] Updater:308 - Updater called before beeing initialized
2024-04-02 15:36:49,202 [INFO] ThirdPartyUpdaterWithRetryManager:70 - Updater plugin not ready yet. [2/15]
2024-04-02 15:36:49,230 [WARN] DetailPanel:346 - Failed to get advertising image, set to default
2024-04-02 15:36:49,382 [FATAL] Updater:308 - Updater called before beeing initialized
2024-04-02 15:36:49,383 [FATAL] Updater:308 - Updater called before beeing initialized
2024-04-02 15:36:49,384 [FATAL] Updater:308 - Updater called before beeing initialized
2024-04-02 15:36:49,384 [WARN] DetailPanel:346 - Failed to get advertising image, set to default
2024-04-02 15:36:49,385 [FATAL] Updater:308 - Updater called before beeing initialized
2024-04-02 15:36:49,434 [ERROR] Updater:1120 - MainUpdater not yet initialized. External WinMGr cannot be set.
2024-04-02 15:36:49,436 [INFO] Updater:1056 - Updater Version found : 6.9.2
2024-04-02 15:36:49,461 [INFO] ApplicationProperties:184 - Using Application install path: C:\ST\STM32CubeIDE_1.13.1\STM32CubeIDE\plugins\com.st.stm32cube.common.mx_6.9.2.202309101412
2024-04-02 15:36:50,123 [INFO] MainUpdater:2868 - connection check result : 10
2024-04-02 15:36:50,124 [INFO] MainUpdater:285 - Updater Check For Update Now.
2024-04-02 15:36:50,125 [INFO] MicroXplorer:498 - Change Database Version : DB.6.0.92
2024-04-02 15:36:50,132 [INFO] McuFinderGlobals:63 - Set McuFinder mode to 2 (CubeIDE integrated)
2024-04-02 15:36:50,345 [INFO] CheckServerUpdateThread:120 - End of CheckServer Thread
2024-04-02 15:36:52,378 [WARN] PackLoader:240 - Cannot read IP mode file for STMicroelectronics.X-CUBE-SMBUS.2.1.0
2024-04-02 15:36:52,385 [WARN] PackLoader:240 - Cannot read IP mode file for STMicroelectronics.X-CUBE-TOUCHGFX.4.23.1
2024-04-02 15:36:52,388 [WARN] PackLoader:240 - Cannot read IP mode file for STMicroelectronics.X-CUBE-TOUCHGFX.4.23.0
2024-04-02 15:36:52,443 [WARN] PackLoader:240 - Cannot read IP mode file for STMicroelectronics.X-CUBE-AZRTOS-F7.1.1.0
2024-04-02 15:36:52,458 [WARN] PackLoader:240 - Cannot read IP mode file for STMicroelectronics.FP-SNS-MOTENV1.4.3.2
2024-04-02 15:36:52,473 [WARN] PackLoader:240 - Cannot read IP mode file for STMicroelectronics.FP-SNS-FLIGHT1.5.0.2
2024-04-02 15:36:52,489 [WARN] PackLoader:240 - Cannot read IP mode file for STMicroelectronics.X-CUBE-DISPLAY.3.0.0
2024-04-02 15:36:52,506 [WARN] PackLoader:240 - Cannot read IP mode file for STMicroelectronics.X-CUBE-BLE1.7.0.0
2024-04-02 15:36:52,512 [WARN] PackLoader:240 - Cannot read IP mode file for emotas.I-CUBE-CANOPEN.1.3.0
2024-04-02 15:36:52,525 [WARN] PackLoader:240 - Cannot read IP mode file for STMicroelectronics.X-CUBE-BLEMGR.3.1.0
2024-04-02 15:36:52,534 [WARN] PackLoader:240 - Cannot read IP mode file for STMicroelectronics.FP-SNS-SMARTAG2.1.2.0
2024-04-02 15:36:52,548 [INFO] LogOutputStream:77 - [STDOUT_REDIRECT] 1 : Invalid condition id : UX_CORESTACK_Condition cause : null
2024-04-02 15:36:52,548 [INFO] LogOutputStream:77 - [STDOUT_REDIRECT] 1 : Invalid condition id : UX_CORESTACK_Condition cause : null
2024-04-02 15:36:52,550 [INFO] LogOutputStream:77 - [STDOUT_REDIRECT] 1 : Invalid condition id : UX_CORESTACK_Condition cause : null
2024-04-02 15:36:52,552 [INFO] LogOutputStream:77 - [STDOUT_REDIRECT] 1 : Invalid condition id : UX_CORESTACK_Condition cause : null
2024-04-02 15:36:52,553 [INFO] LogOutputStream:77 - [STDOUT_REDIRECT] 1 : Invalid condition id : UX_CORESTACK_Condition cause : null
2024-04-02 15:36:52,559 [WARN] PackLoader:240 - Cannot read IP mode file for STMicroelectronics.X-CUBE-AZRTOS-WL.2.0.0
2024-04-02 15:36:52,596 [WARN] PackLoader:240 - Cannot read IP mode file for STMicroelectronics.FP-SNS-MOTENV1.5.0.0
2024-04-02 15:36:52,616 [WARN] PackLoader:240 - Cannot read IP mode file for WES.I-CUBE-Cesium.1.3.0
2024-04-02 15:36:52,626 [WARN] PackLoader:240 - Cannot read IP mode file for STMicroelectronics.X-CUBE-BLE2.3.3.0
2024-04-02 15:36:52,657 [WARN] PackLoader:240 - Cannot read IP mode file for STMicroelectronics.X-CUBE-ALGOBUILD.1.3.0
2024-04-02 15:36:52,693 [WARN] PackLoader:240 - Cannot read IP mode file for STMicroelectronics.X-CUBE-AZRTOS-G0.1.1.0
2024-04-02 15:36:52,711 [WARN] PackLoader:240 - Cannot read IP mode file for STMicroelectronics.X-CUBE-SAFEA1.1.2.2
2024-04-02 15:36:52,721 [WARN] PackLoader:240 - Cannot read IP mode file for STMicroelectronics.X-CUBE-NFC4.3.0.0
2024-04-02 15:36:52,733 [WARN] PackLoader:240 - Cannot read IP mode file for STMicroelectronics.X-CUBE-BLEMGR.3.0.0
2024-04-02 15:36:52,741 [WARN] PackLoader:240 - Cannot read IP mode file for STMicroelectronics.FP-ATR-SIGFOX1.3.2.0
2024-04-02 15:36:52,748 [WARN] PackLoader:240 - Cannot read IP mode file for STMicroelectronics.X-CUBE-EEPRMA1.5.1.0
2024-04-02 15:36:52,787 [WARN] PackLoader:240 - Cannot read IP mode file for SEGGER.I-CUBE-embOS.1.3.1
2024-04-02 15:36:52,849 [WARN] PackLoader:240 - Cannot read IP mode file for STMicroelectronics.X-CUBE-GNSS1.6.0.0
2024-04-02 15:36:52,875 [WARN] PackLoader:240 - Cannot read IP mode file for STMicroelectronics.X-CUBE-AZRTOS-F4.1.1.0
2024-04-02 15:36:52,885 [WARN] PackLoader:240 - Cannot read IP mode file for wolfSSL.I-CUBE-wolfSSL.5.6.6
2024-04-02 15:36:52,901 [WARN] PackLoader:240 - Cannot read IP mode file for STMicroelectronics.X-CUBE-AZRTOS-L5.2.0.0
2024-04-02 15:36:52,918 [WARN] PackLoader:240 - Cannot read IP mode file for STMicroelectronics.X-CUBE-NFC6.3.1.0
2024-04-02 15:36:52,925 [WARN] PackLoader:240 - Cannot read IP mode file for ITTIA_DB.I-CUBE-ITTIADB.8.8.0
2024-04-02 15:36:52,930 [WARN] PackLoader:240 - Cannot read IP mode file for STMicroelectronics.X-CUBE-NFC7.1.0.1
2024-04-02 15:36:52,938 [WARN] PackLoader:240 - Cannot read IP mode file for STMicroelectronics.X-CUBE-NFC6.3.0.0
2024-04-02 15:36:52,943 [WARN] PackLoader:240 - Cannot read IP mode file for STMicroelectronics.X-CUBE-AI.8.1.0
2024-04-02 15:36:52,958 [WARN] ConditionMgr:438 - getConditionDescription Invalid condition id : LAN8742 Phy interface Condition cause : null
2024-04-02 15:36:52,960 [WARN] PackLoader:240 - Cannot read IP mode file for STMicroelectronics.X-CUBE-AZRTOS-L4.2.0.0
2024-04-02 15:36:52,962 [WARN] ConditionMgr:1039 - genDependencies : Invalid condition id : LAN8742 Phy interface Condition cause : null
2024-04-02 15:36:52,962 [WARN] ConditionMgr:1039 - genDependencies : Invalid condition id : LAN8742 Phy interface Condition cause : null
2024-04-02 15:36:52,963 [WARN] ConditionMgr:1039 - genDependencies : Invalid condition id : LAN8742 Phy interface Condition cause : null
2024-04-02 15:36:52,971 [WARN] PackLoader:240 - Cannot read IP mode file for STMicroelectronics.X-CUBE-SFXS2LP1.4.0.0
2024-04-02 15:36:52,987 [WARN] ConditionMgr:438 - getConditionDescription Invalid condition id : UX DEVICE CLASS RTOS Condition cause : null
2024-04-02 15:36:52,989 [WARN] ConditionMgr:438 - getConditionDescription Invalid condition id : UX DEVICE CLASS RTOS Condition cause : null
2024-04-02 15:36:52,991 [WARN] PackLoader:240 - Cannot read IP mode file for STMicroelectronics.X-CUBE-AZRTOS-WB.2.0.0
2024-04-02 15:36:52,992 [WARN] ConditionMgr:1039 - genDependencies : Invalid condition id : UX DEVICE CLASS RTOS Condition cause : null
2024-04-02 15:36:52,992 [WARN] ConditionMgr:1039 - genDependencies : Invalid condition id : UX DEVICE CLASS RTOS Condition cause : null
2024-04-02 15:36:52,992 [WARN] ConditionMgr:1039 - genDependencies : Invalid condition id : UX DEVICE CLASS RTOS Condition cause : null
2024-04-02 15:36:52,992 [WARN] ConditionMgr:1039 - genDependencies : Invalid condition id : UX DEVICE CLASS RTOS Condition cause : null
2024-04-02 15:36:52,992 [WARN] ConditionMgr:1039 - genDependencies : Invalid condition id : UX DEVICE CLASS RTOS Condition cause : null
2024-04-02 15:36:53,003 [WARN] PackLoader:240 - Cannot read IP mode file for STMicroelectronics.X-CUBE-SUBG2.5.0.0
2024-04-02 15:36:53,020 [WARN] PackLoader:240 - Cannot read IP mode file for STMicroelectronics.X-CUBE-AZRTOS-G4.2.0.0
2024-04-02 15:36:53,031 [WARN] PackLoader:240 - Cannot read IP mode file for Infineon.AIROC-Wi-Fi-Bluetooth-STM32.1.5.1
2024-04-02 15:36:53,039 [WARN] PackLoader:240 - Cannot read IP mode file for STMicroelectronics.FP-SNS-MOTENVWB1.1.3.1
2024-04-02 15:36:53,044 [WARN] PackLoader:240 - Cannot read IP mode file for STMicroelectronics.X-CUBE-ISPU.2.0.0
2024-04-02 15:36:53,085 [WARN] PackLoader:240 - Cannot read IP mode file for STMicroelectronics.X-CUBE-MEMS1.10.0.0
2024-04-02 15:36:53,269 [WARN] PackLoader:240 - Cannot read IP mode file for STMicroelectronics.X-CUBE-FREERTOS.1.1.0
2024-04-02 15:36:53,274 [WARN] PackLoader:240 - Cannot read IP mode file for portGmbH.I-Cube-SoM-uGOAL.1.1.0
2024-04-02 15:36:53,278 [WARN] PackLoader:240 - Cannot read IP mode file for STMicroelectronics.X-CUBE-ALS.1.0.1
2024-04-02 15:36:53,284 [WARN] PackLoader:240 - Cannot read IP mode file for STMicroelectronics.FP-ATR-ASTRA1.2.0.0
2024-04-02 15:36:53,297 [WARN] PackLoader:240 - Cannot read IP mode file for STMicroelectronics.X-CUBE-TOF1.3.4.0
2024-04-02 15:36:53,325 [WARN] PackLoader:240 - Cannot read IP mode file for STMicroelectronics.X-CUBE-TOF1.3.4.1
2024-04-02 15:36:53,361 [WARN] PackLoader:240 - Cannot read IP mode file for STMicroelectronics.X-CUBE-AZRTOS-H7.3.2.0
2024-04-02 15:36:53,366 [INFO] ThirdParty:978 - Integrity check success = true
2024-04-02 15:36:53,366 [INFO] IntegrityCheckThread:100 - exiting critical section [integrity check]
2024-04-02 15:36:53,366 [INFO] IntegrityCheckThread:103 - End integrity checks thread
2024-04-02 15:37:02,303 [ERROR] LogOutputStream:75 - [STDERR_REDIRECT] SLF4J: Failed to load class "org.slf4j.impl.StaticLoggerBinder".
2024-04-02 15:37:02,304 [ERROR] LogOutputStream:75 - [STDERR_REDIRECT] SLF4J: Defaulting to no-operation (NOP) logger implementation
2024-04-02 15:37:02,307 [ERROR] LogOutputStream:75 - [STDERR_REDIRECT] SLF4J: See http://www.slf4j.org/codes.html#StaticLoggerBinder for further details.
