2024-03-28 21:56:55,623 [INFO] Activator:176 - 


2024-03-28 21:56:55,625 [INFO] Activator:177 - !SESSION log4j initialized
2024-03-28 21:56:58,205 [INFO] LogOutputStream:77 - [STDOUT_REDIRECT] 
2024-03-28 21:57:01,268 [INFO] ApplicationProperties:184 - Using Application install path: C:\ST\STM32CubeIDE_1.13.1\STM32CubeIDE\plugins\com.st.stm32cube.common.mx_6.9.2.202309101412
2024-03-28 21:57:01,288 [INFO] DbMcusXml:78 - Set database path to: C:\ST\STM32CubeIDE_1.13.1\STM32CubeIDE\plugins\com.st.stm32cube.common.mx_6.9.2.202309101412\\db\/mcu/
2024-03-28 21:57:01,288 [INFO] ApiDb:274 - Set plugin database path to: C:\ST\STM32CubeIDE_1.13.1\STM32CubeIDE\plugins\com.st.stm32cube.common.mx_6.9.2.202309101412\\db\/plugins/boardmanager/
2024-03-28 21:57:01,288 [WARN] ApiDb:259 - Overriding images path with different value:  => C:\ST\STM32CubeIDE_1.13.1\STM32CubeIDE\plugins\com.st.stm32cube.common.mx_6.9.2.202309101412\\db\/plugins/mcufinder/images/
2024-03-28 21:57:01,299 [INFO] ApiDb:250 - Set database path to: C:\Users\skttr\.stmcufinder\plugins\mcufinder//mcu/
2024-03-28 21:57:01,300 [INFO] DbMcusAds:125 - Set database path to: C:\Users\skttr\.stmcufinder\plugins\mcufinder//mcu/
2024-03-28 21:57:01,304 [INFO] CrossReferenceDbSqlite:203 - Set database path to: C:\Users\skttr\.stmcufinder\plugins\mcufinder//mcu/cs/
2024-03-28 21:57:01,433 [INFO] RulesReader:64 - Compatibility file has been processed (293 Rules)
2024-03-28 21:57:01,519 [INFO] DbMcusXml:78 - Set database path to: C:\ST\STM32CubeIDE_1.13.1\STM32CubeIDE\plugins\com.st.stm32cube.common.mx_6.9.2.202309101412\\db\/mcu/
2024-03-28 21:57:01,520 [INFO] ApiDb:274 - Set plugin database path to: C:\ST\STM32CubeIDE_1.13.1\STM32CubeIDE\plugins\com.st.stm32cube.common.mx_6.9.2.202309101412\\db\/plugins/boardmanager/
2024-03-28 21:57:01,520 [INFO] ApiDb:261 - Set plugin images path to: C:\ST\STM32CubeIDE_1.13.1\STM32CubeIDE\plugins\com.st.stm32cube.common.mx_6.9.2.202309101412\\db\/plugins/mcufinder/images/
2024-03-28 21:57:01,521 [WARN] DbFile:41 - Overriding database path with different value: C:\Users\skttr\.stmcufinder\plugins\mcufinder/ => C:\Users\skttr\.stmcufinder\plugins\mcufinder
2024-03-28 21:57:01,521 [INFO] ApiDb:250 - Set database path to: C:\Users\skttr\.stmcufinder\plugins\mcufinder//mcu/
2024-03-28 21:57:01,521 [WARN] DbFile:41 - Overriding database path with different value: C:\Users\skttr\.stmcufinder\plugins\mcufinder/ => C:\Users\skttr\.stmcufinder\plugins\mcufinder
2024-03-28 21:57:01,521 [INFO] DbMcusAds:125 - Set database path to: C:\Users\skttr\.stmcufinder\plugins\mcufinder//mcu/
2024-03-28 21:57:01,521 [WARN] DbFile:41 - Overriding database path with different value: C:\Users\skttr\.stmcufinder\plugins\mcufinder/ => C:\Users\skttr\.stmcufinder\plugins\mcufinder
2024-03-28 21:57:01,521 [WARN] DbFile:41 - Overriding database path with different value: C:\Users\skttr\.stmcufinder\plugins\mcufinder/ => C:\Users\skttr\.stmcufinder\plugins\mcufinder
2024-03-28 21:57:01,522 [INFO] CrossReferenceDbSqlite:203 - Set database path to: C:\Users\skttr\.stmcufinder\plugins\mcufinder//mcu/cs/
2024-03-28 21:57:01,608 [INFO] MainPanel:262 - HeapMemory: 268435456
2024-03-28 21:57:01,728 [INFO] DbMcusXml:78 - Set database path to: C:\ST\STM32CubeIDE_1.13.1\STM32CubeIDE\plugins\com.st.stm32cube.common.mx_6.9.2.202309101412\\db\/mcu/
2024-03-28 21:57:01,728 [INFO] ApiDb:274 - Set plugin database path to: C:\ST\STM32CubeIDE_1.13.1\STM32CubeIDE\plugins\com.st.stm32cube.common.mx_6.9.2.202309101412\\db\/plugins/boardmanager/
2024-03-28 21:57:01,728 [INFO] ApiDb:261 - Set plugin images path to: C:\ST\STM32CubeIDE_1.13.1\STM32CubeIDE\plugins\com.st.stm32cube.common.mx_6.9.2.202309101412\\db\/plugins/mcufinder/images/
2024-03-28 21:57:01,729 [WARN] DbFile:41 - Overriding database path with different value: C:\Users\skttr\.stmcufinder\plugins\mcufinder/ => C:\Users\skttr\.stmcufinder\plugins\mcufinder
2024-03-28 21:57:01,729 [INFO] ApiDb:250 - Set database path to: C:\Users\skttr\.stmcufinder\plugins\mcufinder//mcu/
2024-03-28 21:57:01,729 [WARN] DbFile:41 - Overriding database path with different value: C:\Users\skttr\.stmcufinder\plugins\mcufinder/ => C:\Users\skttr\.stmcufinder\plugins\mcufinder
2024-03-28 21:57:01,729 [INFO] DbMcusAds:125 - Set database path to: C:\Users\skttr\.stmcufinder\plugins\mcufinder//mcu/
2024-03-28 21:57:01,729 [WARN] DbFile:41 - Overriding database path with different value: C:\Users\skttr\.stmcufinder\plugins\mcufinder/ => C:\Users\skttr\.stmcufinder\plugins\mcufinder
2024-03-28 21:57:01,729 [WARN] DbFile:41 - Overriding database path with different value: C:\Users\skttr\.stmcufinder\plugins\mcufinder/ => C:\Users\skttr\.stmcufinder\plugins\mcufinder
2024-03-28 21:57:01,729 [INFO] CrossReferenceDbSqlite:203 - Set database path to: C:\Users\skttr\.stmcufinder\plugins\mcufinder//mcu/cs/
2024-03-28 21:57:01,743 [INFO] ApplicationProperties:184 - Using Application install path: C:\ST\STM32CubeIDE_1.13.1\STM32CubeIDE\plugins\com.st.stm32cube.common.mx_6.9.2.202309101412
2024-03-28 21:57:01,744 [INFO] PluginManage:196 - Search for loadable plugins [exclusion list=, ]
2024-03-28 21:57:01,746 [INFO] PluginManage:310 - Check plugin analytics
2024-03-28 21:57:01,878 [INFO] AnalyticsPlugin:253 - Accepted Software Licenses: STM32CubeMX.6.9.1,STM32CubeMX.6.9.2
2024-03-28 21:57:01,878 [INFO] AnalyticsPlugin:255 - Accepted CMSIS Pack Licenses: 
2024-03-28 21:57:01,878 [INFO] AnalyticsPlugin:257 - Accepted Firmware Licenses: FW.F4.1.27.0
2024-03-28 21:57:01,881 [INFO] PluginManage:359 - Loaded plugin analytics (category:tool,tabindex:-1)
2024-03-28 21:57:01,881 [INFO] PluginManage:310 - Check plugin cadmodel
2024-03-28 21:57:01,887 [INFO] CADModel:105 - Init CAD model plugin
2024-03-28 21:57:01,887 [INFO] PluginManage:359 - Loaded plugin cadmodel (category:power,tabindex:5)
2024-03-28 21:57:01,887 [INFO] PluginManage:310 - Check plugin clock
2024-03-28 21:57:01,895 [INFO] PluginManage:359 - Loaded plugin clock (category:base,tabindex:2)
2024-03-28 21:57:01,895 [INFO] PluginManage:310 - Check plugin ddr
2024-03-28 21:57:01,897 [INFO] PluginManage:359 - Loaded plugin ddr (category:tool,tabindex:6)
2024-03-28 21:57:01,897 [INFO] PluginManage:310 - Check plugin filemanager
2024-03-28 21:57:02,026 [INFO] PluginManage:359 - Loaded plugin filemanager (category:base,tabindex:10)
2024-03-28 21:57:02,027 [INFO] PluginManage:310 - Check plugin ipmanager
2024-03-28 21:57:02,034 [INFO] PluginManage:359 - Loaded plugin ipmanager (category:base,tabindex:5)
2024-03-28 21:57:02,034 [INFO] PluginManage:310 - Check plugin lpbam
2024-03-28 21:57:02,042 [INFO] PluginManage:359 - Loaded plugin lpbam (category:base,tabindex:0)
2024-03-28 21:57:02,042 [INFO] PluginManage:310 - Check plugin memorymap
2024-03-28 21:57:02,052 [INFO] PluginManage:359 - Loaded plugin memorymap (category:base,tabindex:4)
2024-03-28 21:57:02,052 [INFO] PluginManage:310 - Check plugin pinoutandconfiguration
2024-03-28 21:57:02,058 [INFO] PluginManage:359 - Loaded plugin pinoutandconfiguration (category:base,tabindex:1)
2024-03-28 21:57:02,058 [INFO] PluginManage:310 - Check plugin pinoutconfig
2024-03-28 21:57:02,147 [WARN] SupportedApi:132 - Cannot load RTOS API schema: s4s-elt-must-match.1: The content of 'definitions' must match (annotation?, (simpleType | complexType)?, (unique | key | keyref)*)). A problem was found starting at: attribute.
2024-03-28 21:57:02,294 [INFO] PluginManage:359 - Loaded plugin pinoutconfig (category:base,tabindex:0)
2024-03-28 21:57:02,294 [INFO] PluginManage:310 - Check plugin power
2024-03-28 21:57:02,302 [INFO] PluginManage:359 - Loaded plugin power (category:power,tabindex:4)
2024-03-28 21:57:02,302 [INFO] PluginManage:310 - Check plugin projectmanager
2024-03-28 21:57:02,317 [INFO] PluginManage:359 - Loaded plugin projectmanager (category:projectmanager,tabindex:3)
2024-03-28 21:57:02,318 [INFO] PluginManage:310 - Check plugin thirdparty
2024-03-28 21:57:02,431 [INFO] PluginManage:359 - Loaded plugin thirdparty (category:base,tabindex:-1)
2024-03-28 21:57:02,431 [WARN] IntegrityCheckThread:84 - waiting for thirdparty lock release [integrity check]
2024-03-28 21:57:02,431 [INFO] PluginManage:310 - Check plugin tools
2024-03-28 21:57:02,431 [INFO] IntegrityCheckThread:86 - entering critical section [integrity check]
2024-03-28 21:57:02,432 [INFO] ThirdPartyUpdaterWithRetryManager:70 - Updater plugin not ready yet. [1/15]
2024-03-28 21:57:02,434 [INFO] PluginManage:359 - Loaded plugin tools (category:base,tabindex:7)
2024-03-28 21:57:02,434 [INFO] PluginManage:310 - Check plugin tutovideos
2024-03-28 21:57:02,592 [INFO] PluginManage:359 - Loaded plugin tutovideos (category:base,tabindex:-1)
2024-03-28 21:57:02,592 [INFO] PluginManage:310 - Check plugin updater
2024-03-28 21:57:02,603 [INFO] PluginManage:359 - Loaded plugin updater (category:base,tabindex:12)
2024-03-28 21:57:02,603 [INFO] PluginManage:310 - Check plugin userauth
2024-03-28 21:57:02,608 [INFO] UserAuth:113 - Init User Auth plugin
2024-03-28 21:57:02,608 [INFO] PluginManage:359 - Loaded plugin userauth (category:base,tabindex:14)
2024-03-28 21:57:02,609 [INFO] PluginManage:283 - PluginManage : Loaded plugins [17]
2024-03-28 21:57:02,836 [INFO] PinOutPanel:1499 - setPackage(No Configuration,No Configuration)
2024-03-28 21:57:02,948 [INFO] CADModel:165 - CPN selected for project level
2024-03-28 21:57:02,948 [INFO] CADModel:114 - Register for checkConnection events
2024-03-28 21:57:02,965 [INFO] IPUIPlugin:80 - create IPUIPlugin
2024-03-28 21:57:02,965 [INFO] PluginManager:220 - loadIPPluginJar : add adc
2024-03-28 21:57:02,968 [INFO] IPUIPlugin:80 - create IPUIPlugin
2024-03-28 21:57:02,968 [INFO] PluginManager:220 - loadIPPluginJar : add aes
2024-03-28 21:57:02,971 [INFO] IPUIPlugin:80 - create IPUIPlugin
2024-03-28 21:57:02,971 [INFO] PluginManager:220 - loadIPPluginJar : add can
2024-03-28 21:57:02,972 [INFO] IPUIPlugin:80 - create IPUIPlugin
2024-03-28 21:57:02,973 [INFO] PluginManager:220 - loadIPPluginJar : add comp
2024-03-28 21:57:02,974 [INFO] IPUIPlugin:80 - create IPUIPlugin
2024-03-28 21:57:02,974 [INFO] PluginManager:220 - loadIPPluginJar : add cryp
2024-03-28 21:57:02,976 [INFO] IPUIPlugin:80 - create IPUIPlugin
2024-03-28 21:57:02,976 [INFO] PluginManager:220 - loadIPPluginJar : add dfsdm
2024-03-28 21:57:02,981 [INFO] IPUIPlugin:80 - create IPUIPlugin
2024-03-28 21:57:02,981 [INFO] PluginManager:220 - loadIPPluginJar : add dma
2024-03-28 21:57:02,984 [INFO] IPUIPlugin:80 - create IPUIPlugin
2024-03-28 21:57:02,984 [INFO] PluginManager:220 - loadIPPluginJar : add dma3
2024-03-28 21:57:02,986 [INFO] IPUIPlugin:80 - create IPUIPlugin
2024-03-28 21:57:02,986 [INFO] PluginManager:220 - loadIPPluginJar : add fatfs
2024-03-28 21:57:02,990 [INFO] IPUIPlugin:80 - create IPUIPlugin
2024-03-28 21:57:02,991 [INFO] PluginManager:220 - loadIPPluginJar : add fmc
2024-03-28 21:57:02,996 [INFO] IPUIPlugin:80 - create IPUIPlugin
2024-03-28 21:57:02,996 [INFO] PluginManager:220 - loadIPPluginJar : add freertos
2024-03-28 21:57:02,998 [INFO] IPUIPlugin:80 - create IPUIPlugin
2024-03-28 21:57:02,998 [INFO] PluginManager:220 - loadIPPluginJar : add genericplugin
2024-03-28 21:57:03,001 [INFO] IPUIPlugin:80 - create IPUIPlugin
2024-03-28 21:57:03,001 [INFO] PluginManager:220 - loadIPPluginJar : add gfxmmu
2024-03-28 21:57:03,007 [INFO] IPUIPlugin:80 - create IPUIPlugin
2024-03-28 21:57:03,007 [INFO] PluginManager:220 - loadIPPluginJar : add gic
2024-03-28 21:57:03,010 [INFO] IPUIPlugin:80 - create IPUIPlugin
2024-03-28 21:57:03,011 [INFO] PluginManager:220 - loadIPPluginJar : add gpio
2024-03-28 21:57:03,012 [INFO] IPUIPlugin:80 - create IPUIPlugin
2024-03-28 21:57:03,013 [INFO] PluginManager:220 - loadIPPluginJar : add gtzc
2024-03-28 21:57:03,015 [INFO] IPUIPlugin:80 - create IPUIPlugin
2024-03-28 21:57:03,015 [INFO] PluginManager:220 - loadIPPluginJar : add hash
2024-03-28 21:57:03,019 [INFO] IPUIPlugin:80 - create IPUIPlugin
2024-03-28 21:57:03,020 [INFO] PluginManager:220 - loadIPPluginJar : add i2c
2024-03-28 21:57:03,022 [INFO] IPUIPlugin:80 - create IPUIPlugin
2024-03-28 21:57:03,022 [INFO] PluginManager:220 - loadIPPluginJar : add i2s
2024-03-28 21:57:03,025 [INFO] IPUIPlugin:80 - create IPUIPlugin
2024-03-28 21:57:03,025 [INFO] PluginManager:220 - loadIPPluginJar : add i3c
2024-03-28 21:57:03,028 [INFO] IPUIPlugin:80 - create IPUIPlugin
2024-03-28 21:57:03,028 [INFO] PluginManager:220 - loadIPPluginJar : add ipddr
2024-03-28 21:57:03,036 [INFO] IPUIPlugin:80 - create IPUIPlugin
2024-03-28 21:57:03,036 [INFO] PluginManager:220 - loadIPPluginJar : add linkedlist
2024-03-28 21:57:03,039 [INFO] IPUIPlugin:80 - create IPUIPlugin
2024-03-28 21:57:03,039 [INFO] PluginManager:220 - loadIPPluginJar : add lorawan
2024-03-28 21:57:03,040 [INFO] IPUIPlugin:80 - create IPUIPlugin
2024-03-28 21:57:03,040 [INFO] PluginManager:220 - loadIPPluginJar : add ltdc
2024-03-28 21:57:03,046 [INFO] IPUIPlugin:80 - create IPUIPlugin
2024-03-28 21:57:03,046 [INFO] PluginManager:220 - loadIPPluginJar : add mdma
2024-03-28 21:57:03,050 [INFO] IPUIPlugin:80 - create IPUIPlugin
2024-03-28 21:57:03,050 [INFO] PluginManager:220 - loadIPPluginJar : add nvic
2024-03-28 21:57:03,054 [INFO] IPUIPlugin:80 - create IPUIPlugin
2024-03-28 21:57:03,054 [INFO] PluginManager:220 - loadIPPluginJar : add opamp
2024-03-28 21:57:03,057 [INFO] IPUIPlugin:80 - create IPUIPlugin
2024-03-28 21:57:03,057 [INFO] PluginManager:220 - loadIPPluginJar : add openamp
2024-03-28 21:57:03,060 [INFO] IPUIPlugin:80 - create IPUIPlugin
2024-03-28 21:57:03,060 [INFO] PluginManager:220 - loadIPPluginJar : add pdm2pcm
2024-03-28 21:57:03,066 [INFO] IPUIPlugin:80 - create IPUIPlugin
2024-03-28 21:57:03,070 [INFO] PluginManager:220 - loadIPPluginJar : add plateformsettings
2024-03-28 21:57:03,072 [INFO] IPUIPlugin:80 - create IPUIPlugin
2024-03-28 21:57:03,072 [INFO] PluginManager:220 - loadIPPluginJar : add quadspi
2024-03-28 21:57:03,076 [INFO] IPUIPlugin:80 - create IPUIPlugin
2024-03-28 21:57:03,076 [INFO] PluginManager:220 - loadIPPluginJar : add resmgrutility
2024-03-28 21:57:03,079 [INFO] IPUIPlugin:80 - create IPUIPlugin
2024-03-28 21:57:03,079 [INFO] PluginManager:220 - loadIPPluginJar : add sai
2024-03-28 21:57:03,081 [INFO] IPUIPlugin:80 - create IPUIPlugin
2024-03-28 21:57:03,081 [INFO] PluginManager:220 - loadIPPluginJar : add spi
2024-03-28 21:57:03,086 [INFO] IPUIPlugin:80 - create IPUIPlugin
2024-03-28 21:57:03,086 [INFO] PluginManager:220 - loadIPPluginJar : add stm32_wpan
2024-03-28 21:57:03,088 [INFO] IPUIPlugin:80 - create IPUIPlugin
2024-03-28 21:57:03,088 [INFO] PluginManager:220 - loadIPPluginJar : add tim
2024-03-28 21:57:03,090 [INFO] IPUIPlugin:80 - create IPUIPlugin
2024-03-28 21:57:03,090 [INFO] PluginManager:220 - loadIPPluginJar : add touchsensing
2024-03-28 21:57:03,092 [INFO] IPUIPlugin:80 - create IPUIPlugin
2024-03-28 21:57:03,092 [INFO] PluginManager:220 - loadIPPluginJar : add tracer_emb
2024-03-28 21:57:03,093 [INFO] IPUIPlugin:80 - create IPUIPlugin
2024-03-28 21:57:03,094 [INFO] PluginManager:220 - loadIPPluginJar : add ts
2024-03-28 21:57:03,095 [INFO] IPUIPlugin:80 - create IPUIPlugin
2024-03-28 21:57:03,095 [INFO] PluginManager:220 - loadIPPluginJar : add tsc
2024-03-28 21:57:03,096 [INFO] IPUIPlugin:80 - create IPUIPlugin
2024-03-28 21:57:03,097 [INFO] PluginManager:220 - loadIPPluginJar : add ucpd
2024-03-28 21:57:03,098 [INFO] IPUIPlugin:80 - create IPUIPlugin
2024-03-28 21:57:03,098 [INFO] PluginManager:220 - loadIPPluginJar : add usart
2024-03-28 21:57:03,101 [INFO] IPUIPlugin:80 - create IPUIPlugin
2024-03-28 21:57:03,101 [INFO] PluginManager:220 - loadIPPluginJar : add usbx
2024-03-28 21:57:03,227 [INFO] CADModel:165 - CPN selected for project level
2024-03-28 21:57:03,227 [INFO] CADModel:114 - Register for checkConnection events
2024-03-28 21:57:03,229 [FATAL] Updater:308 - Updater called before beeing initialized
2024-03-28 21:57:03,229 [ERROR] CADModel:125 - Updater not yet initialized, retry later 
2024-03-28 21:57:03,398 [INFO] CADModel:165 - CPN selected for project level
2024-03-28 21:57:03,399 [INFO] CADModel:114 - Register for checkConnection events
2024-03-28 21:57:03,399 [FATAL] Updater:308 - Updater called before beeing initialized
2024-03-28 21:57:03,399 [ERROR] CADModel:125 - Updater not yet initialized, retry later 
2024-03-28 21:57:03,404 [FATAL] Updater:308 - Updater called before beeing initialized
2024-03-28 21:57:03,512 [FATAL] Updater:308 - Updater called before beeing initialized
2024-03-28 21:57:03,519 [INFO] DbMcusAds:53 - JSON generation date=Wed Nov 29 17:52:27 ICT 2023 (1701255147349)
2024-03-28 21:57:03,519 [FATAL] Updater:308 - Updater called before beeing initialized
2024-03-28 21:57:03,555 [WARN] DetailPanel:346 - Failed to get advertising image, set to default
2024-03-28 21:57:03,651 [FATAL] Updater:308 - Updater called before beeing initialized
2024-03-28 21:57:03,654 [FATAL] Updater:308 - Updater called before beeing initialized
2024-03-28 21:57:03,654 [FATAL] Updater:308 - Updater called before beeing initialized
2024-03-28 21:57:03,654 [WARN] DetailPanel:346 - Failed to get advertising image, set to default
2024-03-28 21:57:03,655 [FATAL] Updater:308 - Updater called before beeing initialized
2024-03-28 21:57:03,693 [ERROR] Updater:1120 - MainUpdater not yet initialized. External WinMGr cannot be set.
2024-03-28 21:57:03,695 [INFO] Updater:1056 - Updater Version found : 6.9.2
2024-03-28 21:57:03,714 [INFO] ApplicationProperties:184 - Using Application install path: C:\ST\STM32CubeIDE_1.13.1\STM32CubeIDE\plugins\com.st.stm32cube.common.mx_6.9.2.202309101412
2024-03-28 21:57:04,419 [INFO] MainUpdater:2868 - connection check result : 10
2024-03-28 21:57:04,420 [INFO] MainUpdater:285 - Updater Check For Update Now.
2024-03-28 21:57:04,420 [INFO] MicroXplorer:498 - Change Database Version : DB.6.0.92
2024-03-28 21:57:04,425 [INFO] McuFinderGlobals:63 - Set McuFinder mode to 2 (CubeIDE integrated)
2024-03-28 21:57:04,626 [INFO] CheckServerUpdateThread:120 - End of CheckServer Thread
2024-03-28 21:57:05,558 [WARN] PackLoader:240 - Cannot read IP mode file for STMicroelectronics.X-CUBE-SMBUS.2.1.0
2024-03-28 21:57:05,564 [WARN] PackLoader:240 - Cannot read IP mode file for STMicroelectronics.X-CUBE-TOUCHGFX.4.23.0
2024-03-28 21:57:05,614 [WARN] PackLoader:240 - Cannot read IP mode file for STMicroelectronics.X-CUBE-AZRTOS-F7.1.1.0
2024-03-28 21:57:05,633 [WARN] PackLoader:240 - Cannot read IP mode file for STMicroelectronics.FP-SNS-MOTENV1.4.3.2
2024-03-28 21:57:05,647 [WARN] PackLoader:240 - Cannot read IP mode file for STMicroelectronics.FP-SNS-FLIGHT1.5.0.2
2024-03-28 21:57:05,676 [WARN] PackLoader:240 - Cannot read IP mode file for STMicroelectronics.X-CUBE-DISPLAY.3.0.0
2024-03-28 21:57:05,723 [WARN] PackLoader:240 - Cannot read IP mode file for STMicroelectronics.X-CUBE-BLE1.7.0.0
2024-03-28 21:57:05,734 [WARN] PackLoader:240 - Cannot read IP mode file for emotas.I-CUBE-CANOPEN.1.3.0
2024-03-28 21:57:05,753 [WARN] PackLoader:240 - Cannot read IP mode file for STMicroelectronics.X-CUBE-BLEMGR.3.1.0
2024-03-28 21:57:05,764 [WARN] PackLoader:240 - Cannot read IP mode file for STMicroelectronics.FP-SNS-SMARTAG2.1.2.0
2024-03-28 21:57:05,779 [INFO] LogOutputStream:77 - [STDOUT_REDIRECT] 1 : Invalid condition id : UX_CORESTACK_Condition cause : null
2024-03-28 21:57:05,780 [INFO] LogOutputStream:77 - [STDOUT_REDIRECT] 1 : Invalid condition id : UX_CORESTACK_Condition cause : null
2024-03-28 21:57:05,781 [INFO] LogOutputStream:77 - [STDOUT_REDIRECT] 1 : Invalid condition id : UX_CORESTACK_Condition cause : null
2024-03-28 21:57:05,782 [INFO] LogOutputStream:77 - [STDOUT_REDIRECT] 1 : Invalid condition id : UX_CORESTACK_Condition cause : null
2024-03-28 21:57:05,783 [INFO] LogOutputStream:77 - [STDOUT_REDIRECT] 1 : Invalid condition id : UX_CORESTACK_Condition cause : null
2024-03-28 21:57:05,791 [WARN] PackLoader:240 - Cannot read IP mode file for STMicroelectronics.X-CUBE-AZRTOS-WL.2.0.0
2024-03-28 21:57:05,801 [WARN] PackLoader:240 - Cannot read IP mode file for WES.I-CUBE-Cesium.1.3.0
2024-03-28 21:57:05,807 [WARN] PackLoader:240 - Cannot read IP mode file for STMicroelectronics.X-CUBE-BLE2.3.3.0
2024-03-28 21:57:05,816 [WARN] PackLoader:240 - Cannot read IP mode file for STMicroelectronics.X-CUBE-ALGOBUILD.1.3.0
2024-03-28 21:57:05,840 [WARN] PackLoader:240 - Cannot read IP mode file for STMicroelectronics.X-CUBE-AZRTOS-G0.1.1.0
2024-03-28 21:57:05,850 [WARN] PackLoader:240 - Cannot read IP mode file for STMicroelectronics.X-CUBE-NFC4.3.0.0
2024-03-28 21:57:05,860 [WARN] PackLoader:240 - Cannot read IP mode file for STMicroelectronics.X-CUBE-BLEMGR.3.0.0
2024-03-28 21:57:05,866 [WARN] PackLoader:240 - Cannot read IP mode file for STMicroelectronics.FP-ATR-SIGFOX1.3.2.0
2024-03-28 21:57:05,872 [WARN] PackLoader:240 - Cannot read IP mode file for STMicroelectronics.X-CUBE-EEPRMA1.5.1.0
2024-03-28 21:57:05,906 [WARN] PackLoader:240 - Cannot read IP mode file for SEGGER.I-CUBE-embOS.1.3.1
2024-03-28 21:57:05,958 [WARN] PackLoader:240 - Cannot read IP mode file for STMicroelectronics.X-CUBE-GNSS1.6.0.0
2024-03-28 21:57:05,978 [WARN] PackLoader:240 - Cannot read IP mode file for STMicroelectronics.X-CUBE-AZRTOS-F4.1.1.0
2024-03-28 21:57:05,984 [WARN] PackLoader:240 - Cannot read IP mode file for wolfSSL.I-CUBE-wolfSSL.5.6.6
2024-03-28 21:57:06,010 [WARN] PackLoader:240 - Cannot read IP mode file for STMicroelectronics.X-CUBE-AZRTOS-L5.2.0.0
2024-03-28 21:57:06,020 [WARN] PackLoader:240 - Cannot read IP mode file for STMicroelectronics.X-CUBE-NFC6.3.1.0
2024-03-28 21:57:06,027 [WARN] PackLoader:240 - Cannot read IP mode file for ITTIA_DB.I-CUBE-ITTIADB.8.8.0
2024-03-28 21:57:06,032 [WARN] PackLoader:240 - Cannot read IP mode file for STMicroelectronics.X-CUBE-NFC7.1.0.1
2024-03-28 21:57:06,039 [WARN] PackLoader:240 - Cannot read IP mode file for STMicroelectronics.X-CUBE-NFC6.3.0.0
2024-03-28 21:57:06,043 [WARN] PackLoader:240 - Cannot read IP mode file for STMicroelectronics.X-CUBE-AI.8.1.0
2024-03-28 21:57:06,056 [WARN] ConditionMgr:438 - getConditionDescription Invalid condition id : LAN8742 Phy interface Condition cause : null
2024-03-28 21:57:06,057 [WARN] PackLoader:240 - Cannot read IP mode file for STMicroelectronics.X-CUBE-AZRTOS-L4.2.0.0
2024-03-28 21:57:06,058 [WARN] ConditionMgr:1039 - genDependencies : Invalid condition id : LAN8742 Phy interface Condition cause : null
2024-03-28 21:57:06,058 [WARN] ConditionMgr:1039 - genDependencies : Invalid condition id : LAN8742 Phy interface Condition cause : null
2024-03-28 21:57:06,058 [WARN] ConditionMgr:1039 - genDependencies : Invalid condition id : LAN8742 Phy interface Condition cause : null
2024-03-28 21:57:06,065 [WARN] PackLoader:240 - Cannot read IP mode file for STMicroelectronics.X-CUBE-SFXS2LP1.4.0.0
2024-03-28 21:57:06,080 [WARN] ConditionMgr:438 - getConditionDescription Invalid condition id : UX DEVICE CLASS RTOS Condition cause : null
2024-03-28 21:57:06,080 [WARN] ConditionMgr:438 - getConditionDescription Invalid condition id : UX DEVICE CLASS RTOS Condition cause : null
2024-03-28 21:57:06,082 [WARN] PackLoader:240 - Cannot read IP mode file for STMicroelectronics.X-CUBE-AZRTOS-WB.2.0.0
2024-03-28 21:57:06,083 [WARN] ConditionMgr:1039 - genDependencies : Invalid condition id : UX DEVICE CLASS RTOS Condition cause : null
2024-03-28 21:57:06,083 [WARN] ConditionMgr:1039 - genDependencies : Invalid condition id : UX DEVICE CLASS RTOS Condition cause : null
2024-03-28 21:57:06,083 [WARN] ConditionMgr:1039 - genDependencies : Invalid condition id : UX DEVICE CLASS RTOS Condition cause : null
2024-03-28 21:57:06,084 [WARN] ConditionMgr:1039 - genDependencies : Invalid condition id : UX DEVICE CLASS RTOS Condition cause : null
2024-03-28 21:57:06,084 [WARN] ConditionMgr:1039 - genDependencies : Invalid condition id : UX DEVICE CLASS RTOS Condition cause : null
2024-03-28 21:57:06,094 [WARN] PackLoader:240 - Cannot read IP mode file for STMicroelectronics.X-CUBE-SUBG2.5.0.0
2024-03-28 21:57:06,115 [WARN] PackLoader:240 - Cannot read IP mode file for STMicroelectronics.X-CUBE-AZRTOS-G4.2.0.0
2024-03-28 21:57:06,124 [WARN] PackLoader:240 - Cannot read IP mode file for Infineon.AIROC-Wi-Fi-Bluetooth-STM32.1.5.1
2024-03-28 21:57:06,129 [WARN] PackLoader:240 - Cannot read IP mode file for STMicroelectronics.FP-SNS-MOTENVWB1.1.3.1
2024-03-28 21:57:06,132 [WARN] PackLoader:240 - Cannot read IP mode file for STMicroelectronics.X-CUBE-ISPU.2.0.0
2024-03-28 21:57:06,166 [WARN] PackLoader:240 - Cannot read IP mode file for STMicroelectronics.X-CUBE-MEMS1.10.0.0
2024-03-28 21:57:06,376 [WARN] PackLoader:240 - Cannot read IP mode file for STMicroelectronics.X-CUBE-FREERTOS.1.1.0
2024-03-28 21:57:06,384 [WARN] PackLoader:240 - Cannot read IP mode file for portGmbH.I-Cube-SoM-uGOAL.1.1.0
2024-03-28 21:57:06,388 [WARN] PackLoader:240 - Cannot read IP mode file for STMicroelectronics.X-CUBE-ALS.1.0.1
2024-03-28 21:57:06,393 [WARN] PackLoader:240 - Cannot read IP mode file for STMicroelectronics.FP-ATR-ASTRA1.2.0.0
2024-03-28 21:57:06,404 [WARN] PackLoader:240 - Cannot read IP mode file for STMicroelectronics.X-CUBE-TOF1.3.4.0
2024-03-28 21:57:06,429 [WARN] PackLoader:240 - Cannot read IP mode file for STMicroelectronics.X-CUBE-TOF1.3.4.1
2024-03-28 21:57:06,468 [WARN] PackLoader:240 - Cannot read IP mode file for STMicroelectronics.X-CUBE-AZRTOS-H7.3.2.0
2024-03-28 21:57:06,473 [INFO] ThirdParty:978 - Integrity check success = true
2024-03-28 21:57:06,474 [INFO] IntegrityCheckThread:100 - exiting critical section [integrity check]
2024-03-28 21:57:06,474 [INFO] IntegrityCheckThread:103 - End integrity checks thread
2024-03-28 21:57:19,956 [ERROR] LogOutputStream:75 - [STDERR_REDIRECT] SLF4J: Failed to load class "org.slf4j.impl.StaticLoggerBinder".
2024-03-28 21:57:19,957 [ERROR] LogOutputStream:75 - [STDERR_REDIRECT] SLF4J: Defaulting to no-operation (NOP) logger implementation
2024-03-28 21:57:19,958 [ERROR] LogOutputStream:75 - [STDERR_REDIRECT] SLF4J: See http://www.slf4j.org/codes.html#StaticLoggerBinder for further details.
2024-03-28 21:57:31,749 [INFO] Activator:176 - 


2024-03-28 21:57:31,755 [INFO] Activator:177 - !SESSION log4j initialized
2024-03-28 21:57:34,145 [INFO] LogOutputStream:77 - [STDOUT_REDIRECT] 
2024-03-28 21:57:48,514 [INFO] ApplicationProperties:184 - Using Application install path: C:\ST\STM32CubeIDE_1.13.1\STM32CubeIDE\plugins\com.st.stm32cube.common.mx_6.9.2.202309101412
2024-03-28 21:57:48,609 [INFO] DbMcusXml:78 - Set database path to: C:\ST\STM32CubeIDE_1.13.1\STM32CubeIDE\plugins\com.st.stm32cube.common.mx_6.9.2.202309101412\\db\/mcu/
2024-03-28 21:57:48,610 [INFO] ApiDb:274 - Set plugin database path to: C:\ST\STM32CubeIDE_1.13.1\STM32CubeIDE\plugins\com.st.stm32cube.common.mx_6.9.2.202309101412\\db\/plugins/boardmanager/
2024-03-28 21:57:48,611 [WARN] ApiDb:259 - Overriding images path with different value:  => C:\ST\STM32CubeIDE_1.13.1\STM32CubeIDE\plugins\com.st.stm32cube.common.mx_6.9.2.202309101412\\db\/plugins/mcufinder/images/
2024-03-28 21:57:48,628 [INFO] ApiDb:250 - Set database path to: C:\Users\skttr\.stmcufinder\plugins\mcufinder//mcu/
2024-03-28 21:57:48,630 [INFO] DbMcusAds:125 - Set database path to: C:\Users\skttr\.stmcufinder\plugins\mcufinder//mcu/
2024-03-28 21:57:48,747 [INFO] CrossReferenceDbSqlite:203 - Set database path to: C:\Users\skttr\.stmcufinder\plugins\mcufinder//mcu/cs/
2024-03-28 21:57:48,925 [INFO] RulesReader:64 - Compatibility file has been processed (293 Rules)
2024-03-28 21:57:49,045 [INFO] DbMcusXml:78 - Set database path to: C:\ST\STM32CubeIDE_1.13.1\STM32CubeIDE\plugins\com.st.stm32cube.common.mx_6.9.2.202309101412\\db\/mcu/
2024-03-28 21:57:49,045 [INFO] ApiDb:274 - Set plugin database path to: C:\ST\STM32CubeIDE_1.13.1\STM32CubeIDE\plugins\com.st.stm32cube.common.mx_6.9.2.202309101412\\db\/plugins/boardmanager/
2024-03-28 21:57:49,045 [INFO] ApiDb:261 - Set plugin images path to: C:\ST\STM32CubeIDE_1.13.1\STM32CubeIDE\plugins\com.st.stm32cube.common.mx_6.9.2.202309101412\\db\/plugins/mcufinder/images/
2024-03-28 21:57:49,046 [WARN] DbFile:41 - Overriding database path with different value: C:\Users\skttr\.stmcufinder\plugins\mcufinder/ => C:\Users\skttr\.stmcufinder\plugins\mcufinder
2024-03-28 21:57:49,046 [INFO] ApiDb:250 - Set database path to: C:\Users\skttr\.stmcufinder\plugins\mcufinder//mcu/
2024-03-28 21:57:49,046 [WARN] DbFile:41 - Overriding database path with different value: C:\Users\skttr\.stmcufinder\plugins\mcufinder/ => C:\Users\skttr\.stmcufinder\plugins\mcufinder
2024-03-28 21:57:49,046 [INFO] DbMcusAds:125 - Set database path to: C:\Users\skttr\.stmcufinder\plugins\mcufinder//mcu/
2024-03-28 21:57:49,046 [WARN] DbFile:41 - Overriding database path with different value: C:\Users\skttr\.stmcufinder\plugins\mcufinder/ => C:\Users\skttr\.stmcufinder\plugins\mcufinder
2024-03-28 21:57:49,046 [WARN] DbFile:41 - Overriding database path with different value: C:\Users\skttr\.stmcufinder\plugins\mcufinder/ => C:\Users\skttr\.stmcufinder\plugins\mcufinder
2024-03-28 21:57:49,047 [INFO] CrossReferenceDbSqlite:203 - Set database path to: C:\Users\skttr\.stmcufinder\plugins\mcufinder//mcu/cs/
2024-03-28 21:57:49,185 [INFO] MainPanel:262 - HeapMemory: 268435456
2024-03-28 21:57:49,301 [INFO] DbMcusXml:78 - Set database path to: C:\ST\STM32CubeIDE_1.13.1\STM32CubeIDE\plugins\com.st.stm32cube.common.mx_6.9.2.202309101412\\db\/mcu/
2024-03-28 21:57:49,301 [INFO] ApiDb:274 - Set plugin database path to: C:\ST\STM32CubeIDE_1.13.1\STM32CubeIDE\plugins\com.st.stm32cube.common.mx_6.9.2.202309101412\\db\/plugins/boardmanager/
2024-03-28 21:57:49,301 [INFO] ApiDb:261 - Set plugin images path to: C:\ST\STM32CubeIDE_1.13.1\STM32CubeIDE\plugins\com.st.stm32cube.common.mx_6.9.2.202309101412\\db\/plugins/mcufinder/images/
2024-03-28 21:57:49,302 [WARN] DbFile:41 - Overriding database path with different value: C:\Users\skttr\.stmcufinder\plugins\mcufinder/ => C:\Users\skttr\.stmcufinder\plugins\mcufinder
2024-03-28 21:57:49,302 [INFO] ApiDb:250 - Set database path to: C:\Users\skttr\.stmcufinder\plugins\mcufinder//mcu/
2024-03-28 21:57:49,302 [WARN] DbFile:41 - Overriding database path with different value: C:\Users\skttr\.stmcufinder\plugins\mcufinder/ => C:\Users\skttr\.stmcufinder\plugins\mcufinder
2024-03-28 21:57:49,302 [INFO] DbMcusAds:125 - Set database path to: C:\Users\skttr\.stmcufinder\plugins\mcufinder//mcu/
2024-03-28 21:57:49,303 [WARN] DbFile:41 - Overriding database path with different value: C:\Users\skttr\.stmcufinder\plugins\mcufinder/ => C:\Users\skttr\.stmcufinder\plugins\mcufinder
2024-03-28 21:57:49,303 [WARN] DbFile:41 - Overriding database path with different value: C:\Users\skttr\.stmcufinder\plugins\mcufinder/ => C:\Users\skttr\.stmcufinder\plugins\mcufinder
2024-03-28 21:57:49,304 [INFO] CrossReferenceDbSqlite:203 - Set database path to: C:\Users\skttr\.stmcufinder\plugins\mcufinder//mcu/cs/
2024-03-28 21:57:49,331 [INFO] ApplicationProperties:184 - Using Application install path: C:\ST\STM32CubeIDE_1.13.1\STM32CubeIDE\plugins\com.st.stm32cube.common.mx_6.9.2.202309101412
2024-03-28 21:57:49,334 [INFO] PluginManage:196 - Search for loadable plugins [exclusion list=, ]
2024-03-28 21:57:49,336 [INFO] PluginManage:310 - Check plugin analytics
2024-03-28 21:57:49,646 [INFO] AnalyticsPlugin:253 - Accepted Software Licenses: STM32CubeMX.6.9.1,STM32CubeMX.6.9.2
2024-03-28 21:57:49,647 [INFO] AnalyticsPlugin:255 - Accepted CMSIS Pack Licenses: 
2024-03-28 21:57:49,647 [INFO] AnalyticsPlugin:257 - Accepted Firmware Licenses: FW.F4.1.27.0
2024-03-28 21:57:49,654 [INFO] PluginManage:359 - Loaded plugin analytics (category:tool,tabindex:-1)
2024-03-28 21:57:49,654 [INFO] PluginManage:310 - Check plugin cadmodel
2024-03-28 21:57:49,663 [INFO] CADModel:105 - Init CAD model plugin
2024-03-28 21:57:49,664 [INFO] PluginManage:359 - Loaded plugin cadmodel (category:power,tabindex:5)
2024-03-28 21:57:49,665 [INFO] PluginManage:310 - Check plugin clock
2024-03-28 21:57:49,677 [INFO] PluginManage:359 - Loaded plugin clock (category:base,tabindex:2)
2024-03-28 21:57:49,677 [INFO] PluginManage:310 - Check plugin ddr
2024-03-28 21:57:49,680 [INFO] PluginManage:359 - Loaded plugin ddr (category:tool,tabindex:6)
2024-03-28 21:57:49,680 [INFO] PluginManage:310 - Check plugin filemanager
2024-03-28 21:57:49,872 [INFO] PluginManage:359 - Loaded plugin filemanager (category:base,tabindex:10)
2024-03-28 21:57:49,872 [INFO] PluginManage:310 - Check plugin ipmanager
2024-03-28 21:57:49,885 [INFO] PluginManage:359 - Loaded plugin ipmanager (category:base,tabindex:5)
2024-03-28 21:57:49,885 [INFO] PluginManage:310 - Check plugin lpbam
2024-03-28 21:57:49,896 [INFO] PluginManage:359 - Loaded plugin lpbam (category:base,tabindex:0)
2024-03-28 21:57:49,898 [INFO] PluginManage:310 - Check plugin memorymap
2024-03-28 21:57:49,913 [INFO] PluginManage:359 - Loaded plugin memorymap (category:base,tabindex:4)
2024-03-28 21:57:49,913 [INFO] PluginManage:310 - Check plugin pinoutandconfiguration
2024-03-28 21:57:49,922 [INFO] PluginManage:359 - Loaded plugin pinoutandconfiguration (category:base,tabindex:1)
2024-03-28 21:57:49,923 [INFO] PluginManage:310 - Check plugin pinoutconfig
2024-03-28 21:57:50,081 [WARN] SupportedApi:132 - Cannot load RTOS API schema: s4s-elt-must-match.1: The content of 'definitions' must match (annotation?, (simpleType | complexType)?, (unique | key | keyref)*)). A problem was found starting at: attribute.
2024-03-28 21:57:50,313 [INFO] PluginManage:359 - Loaded plugin pinoutconfig (category:base,tabindex:0)
2024-03-28 21:57:50,314 [INFO] PluginManage:310 - Check plugin power
2024-03-28 21:57:50,328 [INFO] PluginManage:359 - Loaded plugin power (category:power,tabindex:4)
2024-03-28 21:57:50,329 [INFO] PluginManage:310 - Check plugin projectmanager
2024-03-28 21:57:50,347 [INFO] PluginManage:359 - Loaded plugin projectmanager (category:projectmanager,tabindex:3)
2024-03-28 21:57:50,347 [INFO] PluginManage:310 - Check plugin thirdparty
2024-03-28 21:57:50,524 [WARN] IntegrityCheckThread:84 - waiting for thirdparty lock release [integrity check]
2024-03-28 21:57:50,524 [INFO] PluginManage:359 - Loaded plugin thirdparty (category:base,tabindex:-1)
2024-03-28 21:57:50,524 [INFO] IntegrityCheckThread:86 - entering critical section [integrity check]
2024-03-28 21:57:50,524 [INFO] PluginManage:310 - Check plugin tools
2024-03-28 21:57:50,525 [INFO] ThirdPartyUpdaterWithRetryManager:70 - Updater plugin not ready yet. [1/15]
2024-03-28 21:57:50,528 [INFO] PluginManage:359 - Loaded plugin tools (category:base,tabindex:7)
2024-03-28 21:57:50,529 [INFO] PluginManage:310 - Check plugin tutovideos
2024-03-28 21:57:50,882 [INFO] PluginManage:359 - Loaded plugin tutovideos (category:base,tabindex:-1)
2024-03-28 21:57:50,885 [INFO] PluginManage:310 - Check plugin updater
2024-03-28 21:57:50,902 [INFO] PluginManage:359 - Loaded plugin updater (category:base,tabindex:12)
2024-03-28 21:57:50,903 [INFO] PluginManage:310 - Check plugin userauth
2024-03-28 21:57:50,910 [INFO] UserAuth:113 - Init User Auth plugin
2024-03-28 21:57:50,911 [INFO] PluginManage:359 - Loaded plugin userauth (category:base,tabindex:14)
2024-03-28 21:57:50,911 [INFO] PluginManage:283 - PluginManage : Loaded plugins [17]
2024-03-28 21:57:51,489 [INFO] PinOutPanel:1499 - setPackage(No Configuration,No Configuration)
2024-03-28 21:57:51,701 [INFO] CADModel:165 - CPN selected for project level
2024-03-28 21:57:51,701 [INFO] CADModel:114 - Register for checkConnection events
2024-03-28 21:57:51,729 [INFO] IPUIPlugin:80 - create IPUIPlugin
2024-03-28 21:57:51,730 [INFO] PluginManager:220 - loadIPPluginJar : add adc
2024-03-28 21:57:51,736 [INFO] IPUIPlugin:80 - create IPUIPlugin
2024-03-28 21:57:51,736 [INFO] PluginManager:220 - loadIPPluginJar : add aes
2024-03-28 21:57:51,740 [INFO] IPUIPlugin:80 - create IPUIPlugin
2024-03-28 21:57:51,740 [INFO] PluginManager:220 - loadIPPluginJar : add can
2024-03-28 21:57:51,742 [INFO] IPUIPlugin:80 - create IPUIPlugin
2024-03-28 21:57:51,743 [INFO] PluginManager:220 - loadIPPluginJar : add comp
2024-03-28 21:57:51,745 [INFO] IPUIPlugin:80 - create IPUIPlugin
2024-03-28 21:57:51,745 [INFO] PluginManager:220 - loadIPPluginJar : add cryp
2024-03-28 21:57:51,747 [INFO] IPUIPlugin:80 - create IPUIPlugin
2024-03-28 21:57:51,748 [INFO] PluginManager:220 - loadIPPluginJar : add dfsdm
2024-03-28 21:57:51,756 [INFO] IPUIPlugin:80 - create IPUIPlugin
2024-03-28 21:57:51,756 [INFO] PluginManager:220 - loadIPPluginJar : add dma
2024-03-28 21:57:51,761 [INFO] IPUIPlugin:80 - create IPUIPlugin
2024-03-28 21:57:51,761 [INFO] PluginManager:220 - loadIPPluginJar : add dma3
2024-03-28 21:57:51,764 [INFO] IPUIPlugin:80 - create IPUIPlugin
2024-03-28 21:57:51,764 [INFO] PluginManager:220 - loadIPPluginJar : add fatfs
2024-03-28 21:57:51,771 [INFO] IPUIPlugin:80 - create IPUIPlugin
2024-03-28 21:57:51,772 [INFO] PluginManager:220 - loadIPPluginJar : add fmc
2024-03-28 21:57:51,779 [INFO] IPUIPlugin:80 - create IPUIPlugin
2024-03-28 21:57:51,779 [INFO] PluginManager:220 - loadIPPluginJar : add freertos
2024-03-28 21:57:51,781 [INFO] IPUIPlugin:80 - create IPUIPlugin
2024-03-28 21:57:51,781 [INFO] PluginManager:220 - loadIPPluginJar : add genericplugin
2024-03-28 21:57:51,784 [INFO] IPUIPlugin:80 - create IPUIPlugin
2024-03-28 21:57:51,784 [INFO] PluginManager:220 - loadIPPluginJar : add gfxmmu
2024-03-28 21:57:51,789 [INFO] IPUIPlugin:80 - create IPUIPlugin
2024-03-28 21:57:51,789 [INFO] PluginManager:220 - loadIPPluginJar : add gic
2024-03-28 21:57:51,793 [INFO] IPUIPlugin:80 - create IPUIPlugin
2024-03-28 21:57:51,794 [INFO] PluginManager:220 - loadIPPluginJar : add gpio
2024-03-28 21:57:51,798 [INFO] IPUIPlugin:80 - create IPUIPlugin
2024-03-28 21:57:51,798 [INFO] PluginManager:220 - loadIPPluginJar : add gtzc
2024-03-28 21:57:51,802 [INFO] IPUIPlugin:80 - create IPUIPlugin
2024-03-28 21:57:51,802 [INFO] PluginManager:220 - loadIPPluginJar : add hash
2024-03-28 21:57:51,805 [INFO] IPUIPlugin:80 - create IPUIPlugin
2024-03-28 21:57:51,805 [INFO] PluginManager:220 - loadIPPluginJar : add i2c
2024-03-28 21:57:51,809 [INFO] IPUIPlugin:80 - create IPUIPlugin
2024-03-28 21:57:51,809 [INFO] PluginManager:220 - loadIPPluginJar : add i2s
2024-03-28 21:57:51,813 [INFO] IPUIPlugin:80 - create IPUIPlugin
2024-03-28 21:57:51,813 [INFO] PluginManager:220 - loadIPPluginJar : add i3c
2024-03-28 21:57:51,818 [INFO] IPUIPlugin:80 - create IPUIPlugin
2024-03-28 21:57:51,818 [INFO] PluginManager:220 - loadIPPluginJar : add ipddr
2024-03-28 21:57:51,828 [INFO] IPUIPlugin:80 - create IPUIPlugin
2024-03-28 21:57:51,828 [INFO] PluginManager:220 - loadIPPluginJar : add linkedlist
2024-03-28 21:57:51,831 [INFO] IPUIPlugin:80 - create IPUIPlugin
2024-03-28 21:57:51,832 [INFO] PluginManager:220 - loadIPPluginJar : add lorawan
2024-03-28 21:57:51,836 [INFO] IPUIPlugin:80 - create IPUIPlugin
2024-03-28 21:57:51,836 [INFO] PluginManager:220 - loadIPPluginJar : add ltdc
2024-03-28 21:57:51,845 [INFO] IPUIPlugin:80 - create IPUIPlugin
2024-03-28 21:57:51,845 [INFO] PluginManager:220 - loadIPPluginJar : add mdma
2024-03-28 21:57:51,849 [INFO] IPUIPlugin:80 - create IPUIPlugin
2024-03-28 21:57:51,849 [INFO] PluginManager:220 - loadIPPluginJar : add nvic
2024-03-28 21:57:51,853 [INFO] IPUIPlugin:80 - create IPUIPlugin
2024-03-28 21:57:51,853 [INFO] PluginManager:220 - loadIPPluginJar : add opamp
2024-03-28 21:57:51,856 [INFO] IPUIPlugin:80 - create IPUIPlugin
2024-03-28 21:57:51,856 [INFO] PluginManager:220 - loadIPPluginJar : add openamp
2024-03-28 21:57:51,859 [INFO] IPUIPlugin:80 - create IPUIPlugin
2024-03-28 21:57:51,859 [INFO] PluginManager:220 - loadIPPluginJar : add pdm2pcm
2024-03-28 21:57:51,866 [INFO] IPUIPlugin:80 - create IPUIPlugin
2024-03-28 21:57:51,871 [INFO] PluginManager:220 - loadIPPluginJar : add plateformsettings
2024-03-28 21:57:51,874 [INFO] IPUIPlugin:80 - create IPUIPlugin
2024-03-28 21:57:51,874 [INFO] PluginManager:220 - loadIPPluginJar : add quadspi
2024-03-28 21:57:51,877 [INFO] IPUIPlugin:80 - create IPUIPlugin
2024-03-28 21:57:51,877 [INFO] PluginManager:220 - loadIPPluginJar : add resmgrutility
2024-03-28 21:57:51,880 [INFO] IPUIPlugin:80 - create IPUIPlugin
2024-03-28 21:57:51,880 [INFO] PluginManager:220 - loadIPPluginJar : add sai
2024-03-28 21:57:51,892 [INFO] IPUIPlugin:80 - create IPUIPlugin
2024-03-28 21:57:51,892 [INFO] PluginManager:220 - loadIPPluginJar : add spi
2024-03-28 21:57:51,900 [INFO] IPUIPlugin:80 - create IPUIPlugin
2024-03-28 21:57:51,901 [INFO] PluginManager:220 - loadIPPluginJar : add stm32_wpan
2024-03-28 21:57:51,903 [INFO] IPUIPlugin:80 - create IPUIPlugin
2024-03-28 21:57:51,903 [INFO] PluginManager:220 - loadIPPluginJar : add tim
2024-03-28 21:57:51,908 [INFO] IPUIPlugin:80 - create IPUIPlugin
2024-03-28 21:57:51,908 [INFO] PluginManager:220 - loadIPPluginJar : add touchsensing
2024-03-28 21:57:51,910 [INFO] IPUIPlugin:80 - create IPUIPlugin
2024-03-28 21:57:51,910 [INFO] PluginManager:220 - loadIPPluginJar : add tracer_emb
2024-03-28 21:57:51,918 [INFO] IPUIPlugin:80 - create IPUIPlugin
2024-03-28 21:57:51,919 [INFO] PluginManager:220 - loadIPPluginJar : add ts
2024-03-28 21:57:51,922 [INFO] IPUIPlugin:80 - create IPUIPlugin
2024-03-28 21:57:51,922 [INFO] PluginManager:220 - loadIPPluginJar : add tsc
2024-03-28 21:57:51,926 [INFO] IPUIPlugin:80 - create IPUIPlugin
2024-03-28 21:57:51,929 [INFO] PluginManager:220 - loadIPPluginJar : add ucpd
2024-03-28 21:57:51,936 [INFO] IPUIPlugin:80 - create IPUIPlugin
2024-03-28 21:57:51,936 [INFO] PluginManager:220 - loadIPPluginJar : add usart
2024-03-28 21:57:51,940 [INFO] IPUIPlugin:80 - create IPUIPlugin
2024-03-28 21:57:51,940 [INFO] PluginManager:220 - loadIPPluginJar : add usbx
2024-03-28 21:57:52,160 [INFO] CADModel:165 - CPN selected for project level
2024-03-28 21:57:52,160 [INFO] CADModel:114 - Register for checkConnection events
2024-03-28 21:57:52,160 [FATAL] Updater:308 - Updater called before beeing initialized
2024-03-28 21:57:52,160 [ERROR] CADModel:125 - Updater not yet initialized, retry later 
2024-03-28 21:57:52,357 [INFO] CADModel:165 - CPN selected for project level
2024-03-28 21:57:52,357 [INFO] CADModel:114 - Register for checkConnection events
2024-03-28 21:57:52,357 [FATAL] Updater:308 - Updater called before beeing initialized
2024-03-28 21:57:52,357 [ERROR] CADModel:125 - Updater not yet initialized, retry later 
2024-03-28 21:57:52,361 [FATAL] Updater:308 - Updater called before beeing initialized
2024-03-28 21:57:52,523 [FATAL] Updater:308 - Updater called before beeing initialized
2024-03-28 21:57:52,529 [INFO] DbMcusAds:53 - JSON generation date=Wed Nov 29 17:52:27 ICT 2023 (1701255147349)
2024-03-28 21:57:52,529 [FATAL] Updater:308 - Updater called before beeing initialized
2024-03-28 21:57:52,570 [WARN] DetailPanel:346 - Failed to get advertising image, set to default
2024-03-28 21:57:52,732 [FATAL] Updater:308 - Updater called before beeing initialized
2024-03-28 21:57:52,735 [FATAL] Updater:308 - Updater called before beeing initialized
2024-03-28 21:57:52,736 [FATAL] Updater:308 - Updater called before beeing initialized
2024-03-28 21:57:52,736 [WARN] DetailPanel:346 - Failed to get advertising image, set to default
2024-03-28 21:57:52,737 [FATAL] Updater:308 - Updater called before beeing initialized
2024-03-28 21:57:52,807 [ERROR] Updater:1120 - MainUpdater not yet initialized. External WinMGr cannot be set.
2024-03-28 21:57:52,808 [INFO] Updater:1056 - Updater Version found : 6.9.2
2024-03-28 21:57:52,844 [INFO] ApplicationProperties:184 - Using Application install path: C:\ST\STM32CubeIDE_1.13.1\STM32CubeIDE\plugins\com.st.stm32cube.common.mx_6.9.2.202309101412
2024-03-28 21:57:53,526 [INFO] ThirdPartyUpdaterWithRetryManager:70 - Updater plugin not ready yet. [2/15]
2024-03-28 21:57:54,189 [INFO] MainUpdater:2868 - connection check result : 10
2024-03-28 21:57:54,190 [INFO] MainUpdater:285 - Updater Check For Update Now.
2024-03-28 21:57:54,190 [INFO] MicroXplorer:498 - Change Database Version : DB.6.0.92
2024-03-28 21:57:54,198 [INFO] McuFinderGlobals:63 - Set McuFinder mode to 2 (CubeIDE integrated)
2024-03-28 21:57:54,375 [INFO] CheckServerUpdateThread:120 - End of CheckServer Thread
2024-03-28 21:57:55,408 [ERROR] LogOutputStream:75 - [STDERR_REDIRECT] SLF4J: Failed to load class "org.slf4j.impl.StaticLoggerBinder".
2024-03-28 21:57:55,408 [ERROR] LogOutputStream:75 - [STDERR_REDIRECT] SLF4J: Defaulting to no-operation (NOP) logger implementation
2024-03-28 21:57:55,410 [ERROR] LogOutputStream:75 - [STDERR_REDIRECT] SLF4J: See http://www.slf4j.org/codes.html#StaticLoggerBinder for further details.
2024-03-28 21:57:56,762 [WARN] PackLoader:240 - Cannot read IP mode file for STMicroelectronics.X-CUBE-SMBUS.2.1.0
2024-03-28 21:57:56,774 [WARN] PackLoader:240 - Cannot read IP mode file for STMicroelectronics.X-CUBE-TOUCHGFX.4.23.0
2024-03-28 21:57:56,819 [WARN] PackLoader:240 - Cannot read IP mode file for STMicroelectronics.X-CUBE-AZRTOS-F7.1.1.0
2024-03-28 21:57:56,837 [WARN] PackLoader:240 - Cannot read IP mode file for STMicroelectronics.FP-SNS-MOTENV1.4.3.2
2024-03-28 21:57:56,848 [WARN] PackLoader:240 - Cannot read IP mode file for STMicroelectronics.FP-SNS-FLIGHT1.5.0.2
2024-03-28 21:57:56,863 [WARN] PackLoader:240 - Cannot read IP mode file for STMicroelectronics.X-CUBE-DISPLAY.3.0.0
2024-03-28 21:57:56,884 [WARN] PackLoader:240 - Cannot read IP mode file for STMicroelectronics.X-CUBE-BLE1.7.0.0
2024-03-28 21:57:56,896 [WARN] PackLoader:240 - Cannot read IP mode file for emotas.I-CUBE-CANOPEN.1.3.0
2024-03-28 21:57:56,918 [WARN] PackLoader:240 - Cannot read IP mode file for STMicroelectronics.X-CUBE-BLEMGR.3.1.0
2024-03-28 21:57:56,945 [WARN] PackLoader:240 - Cannot read IP mode file for STMicroelectronics.FP-SNS-SMARTAG2.1.2.0
2024-03-28 21:57:56,978 [INFO] LogOutputStream:77 - [STDOUT_REDIRECT] 1 : Invalid condition id : UX_CORESTACK_Condition cause : null
2024-03-28 21:57:56,978 [INFO] LogOutputStream:77 - [STDOUT_REDIRECT] 1 : Invalid condition id : UX_CORESTACK_Condition cause : null
2024-03-28 21:57:56,980 [INFO] LogOutputStream:77 - [STDOUT_REDIRECT] 1 : Invalid condition id : UX_CORESTACK_Condition cause : null
2024-03-28 21:57:56,983 [INFO] LogOutputStream:77 - [STDOUT_REDIRECT] 1 : Invalid condition id : UX_CORESTACK_Condition cause : null
2024-03-28 21:57:56,984 [INFO] LogOutputStream:77 - [STDOUT_REDIRECT] 1 : Invalid condition id : UX_CORESTACK_Condition cause : null
2024-03-28 21:57:57,001 [WARN] PackLoader:240 - Cannot read IP mode file for STMicroelectronics.X-CUBE-AZRTOS-WL.2.0.0
2024-03-28 21:57:57,020 [WARN] PackLoader:240 - Cannot read IP mode file for WES.I-CUBE-Cesium.1.3.0
2024-03-28 21:57:57,030 [WARN] PackLoader:240 - Cannot read IP mode file for STMicroelectronics.X-CUBE-BLE2.3.3.0
2024-03-28 21:57:57,047 [WARN] PackLoader:240 - Cannot read IP mode file for STMicroelectronics.X-CUBE-ALGOBUILD.1.3.0
2024-03-28 21:57:57,089 [WARN] PackLoader:240 - Cannot read IP mode file for STMicroelectronics.X-CUBE-AZRTOS-G0.1.1.0
2024-03-28 21:57:57,106 [WARN] PackLoader:240 - Cannot read IP mode file for STMicroelectronics.X-CUBE-NFC4.3.0.0
2024-03-28 21:57:57,126 [WARN] PackLoader:240 - Cannot read IP mode file for STMicroelectronics.X-CUBE-BLEMGR.3.0.0
2024-03-28 21:57:57,145 [WARN] PackLoader:240 - Cannot read IP mode file for STMicroelectronics.FP-ATR-SIGFOX1.3.2.0
2024-03-28 21:57:57,156 [WARN] PackLoader:240 - Cannot read IP mode file for STMicroelectronics.X-CUBE-EEPRMA1.5.1.0
2024-03-28 21:57:57,243 [WARN] PackLoader:240 - Cannot read IP mode file for SEGGER.I-CUBE-embOS.1.3.1
2024-03-28 21:57:57,314 [WARN] PackLoader:240 - Cannot read IP mode file for STMicroelectronics.X-CUBE-GNSS1.6.0.0
2024-03-28 21:57:57,347 [WARN] PackLoader:240 - Cannot read IP mode file for STMicroelectronics.X-CUBE-AZRTOS-F4.1.1.0
2024-03-28 21:57:57,357 [WARN] PackLoader:240 - Cannot read IP mode file for wolfSSL.I-CUBE-wolfSSL.5.6.6
2024-03-28 21:57:57,376 [WARN] PackLoader:240 - Cannot read IP mode file for STMicroelectronics.X-CUBE-AZRTOS-L5.2.0.0
2024-03-28 21:57:57,388 [WARN] PackLoader:240 - Cannot read IP mode file for STMicroelectronics.X-CUBE-NFC6.3.1.0
2024-03-28 21:57:57,401 [WARN] PackLoader:240 - Cannot read IP mode file for ITTIA_DB.I-CUBE-ITTIADB.8.8.0
2024-03-28 21:57:57,414 [WARN] PackLoader:240 - Cannot read IP mode file for STMicroelectronics.X-CUBE-NFC7.1.0.1
2024-03-28 21:57:57,442 [WARN] PackLoader:240 - Cannot read IP mode file for STMicroelectronics.X-CUBE-NFC6.3.0.0
2024-03-28 21:57:57,451 [WARN] PackLoader:240 - Cannot read IP mode file for STMicroelectronics.X-CUBE-AI.8.1.0
2024-03-28 21:57:57,476 [WARN] ConditionMgr:438 - getConditionDescription Invalid condition id : LAN8742 Phy interface Condition cause : null
2024-03-28 21:57:57,477 [WARN] PackLoader:240 - Cannot read IP mode file for STMicroelectronics.X-CUBE-AZRTOS-L4.2.0.0
2024-03-28 21:57:57,482 [WARN] ConditionMgr:1039 - genDependencies : Invalid condition id : LAN8742 Phy interface Condition cause : null
2024-03-28 21:57:57,482 [WARN] ConditionMgr:1039 - genDependencies : Invalid condition id : LAN8742 Phy interface Condition cause : null
2024-03-28 21:57:57,483 [WARN] ConditionMgr:1039 - genDependencies : Invalid condition id : LAN8742 Phy interface Condition cause : null
2024-03-28 21:57:57,495 [WARN] PackLoader:240 - Cannot read IP mode file for STMicroelectronics.X-CUBE-SFXS2LP1.4.0.0
2024-03-28 21:57:57,526 [WARN] ConditionMgr:438 - getConditionDescription Invalid condition id : UX DEVICE CLASS RTOS Condition cause : null
2024-03-28 21:57:57,527 [WARN] ConditionMgr:438 - getConditionDescription Invalid condition id : UX DEVICE CLASS RTOS Condition cause : null
2024-03-28 21:57:57,530 [WARN] PackLoader:240 - Cannot read IP mode file for STMicroelectronics.X-CUBE-AZRTOS-WB.2.0.0
2024-03-28 21:57:57,531 [WARN] ConditionMgr:1039 - genDependencies : Invalid condition id : UX DEVICE CLASS RTOS Condition cause : null
2024-03-28 21:57:57,531 [WARN] ConditionMgr:1039 - genDependencies : Invalid condition id : UX DEVICE CLASS RTOS Condition cause : null
2024-03-28 21:57:57,532 [WARN] ConditionMgr:1039 - genDependencies : Invalid condition id : UX DEVICE CLASS RTOS Condition cause : null
2024-03-28 21:57:57,533 [WARN] ConditionMgr:1039 - genDependencies : Invalid condition id : UX DEVICE CLASS RTOS Condition cause : null
2024-03-28 21:57:57,533 [WARN] ConditionMgr:1039 - genDependencies : Invalid condition id : UX DEVICE CLASS RTOS Condition cause : null
2024-03-28 21:57:57,551 [WARN] PackLoader:240 - Cannot read IP mode file for STMicroelectronics.X-CUBE-SUBG2.5.0.0
2024-03-28 21:57:57,581 [WARN] PackLoader:240 - Cannot read IP mode file for STMicroelectronics.X-CUBE-AZRTOS-G4.2.0.0
2024-03-28 21:57:57,604 [WARN] PackLoader:240 - Cannot read IP mode file for Infineon.AIROC-Wi-Fi-Bluetooth-STM32.1.5.1
2024-03-28 21:57:57,613 [WARN] PackLoader:240 - Cannot read IP mode file for STMicroelectronics.FP-SNS-MOTENVWB1.1.3.1
2024-03-28 21:57:57,621 [WARN] PackLoader:240 - Cannot read IP mode file for STMicroelectronics.X-CUBE-ISPU.2.0.0
2024-03-28 21:57:57,694 [WARN] PackLoader:240 - Cannot read IP mode file for STMicroelectronics.X-CUBE-MEMS1.10.0.0
2024-03-28 21:57:57,973 [WARN] PackLoader:240 - Cannot read IP mode file for STMicroelectronics.X-CUBE-FREERTOS.1.1.0
2024-03-28 21:57:57,981 [WARN] PackLoader:240 - Cannot read IP mode file for portGmbH.I-Cube-SoM-uGOAL.1.1.0
2024-03-28 21:57:57,988 [WARN] PackLoader:240 - Cannot read IP mode file for STMicroelectronics.X-CUBE-ALS.1.0.1
2024-03-28 21:57:57,992 [WARN] PackLoader:240 - Cannot read IP mode file for STMicroelectronics.FP-ATR-ASTRA1.2.0.0
2024-03-28 21:57:58,012 [WARN] PackLoader:240 - Cannot read IP mode file for STMicroelectronics.X-CUBE-TOF1.3.4.0
2024-03-28 21:57:58,046 [WARN] PackLoader:240 - Cannot read IP mode file for STMicroelectronics.X-CUBE-TOF1.3.4.1
2024-03-28 21:57:58,092 [WARN] PackLoader:240 - Cannot read IP mode file for STMicroelectronics.X-CUBE-AZRTOS-H7.3.2.0
2024-03-28 21:57:58,098 [INFO] ThirdParty:978 - Integrity check success = true
2024-03-28 21:57:58,098 [INFO] IntegrityCheckThread:100 - exiting critical section [integrity check]
2024-03-28 21:57:58,098 [INFO] IntegrityCheckThread:103 - End integrity checks thread
2024-03-28 22:54:00,281 [INFO] McuFinderGlobals:63 - Set McuFinder mode to 2 (CubeIDE integrated)
2024-03-28 22:54:01,402 [INFO] MainUpdater:2868 - connection check result : 10
2024-03-28 22:54:01,407 [INFO] MainUpdater:2868 - connection check result : 10
2024-03-28 22:54:01,588 [INFO] MicroXplorer:468 - Change Database Path : 
2024-03-28 22:54:01,588 [INFO] MicroXplorer:498 - Change Database Version : DB.6.0.92
2024-03-28 22:54:01,592 [WARN] ThirdParty:871 - waiting for thirdparty lock release [close project]
2024-03-28 22:54:01,592 [INFO] ThirdParty:873 - entering critical section [close project]
2024-03-28 22:54:01,593 [INFO] ThirdParty:883 - exiting critical section [close project]
2024-03-28 22:54:01,594 [INFO] PinOutPanel:1499 - setPackage(No Configuration,No Configuration)
2024-03-28 22:54:01,602 [INFO] UtilMem:75 - Begin LoadConfig() Used Memory: 603564384 Bytes (1073741824)
2024-03-28 22:54:01,604 [INFO] MicroXplorer:468 - Change Database Path : 
2024-03-28 22:54:01,605 [INFO] MicroXplorer:498 - Change Database Version : DB.6.0.92
2024-03-28 22:54:01,605 [INFO] OpenFileManager:308 - Change cursor
2024-03-28 22:54:01,652 [INFO] Mcu:1946 - Initializing MCU STM32F407V(E-G)Tx STM32F407VGTx STM32F407VGT6
2024-03-28 22:54:03,143 [INFO] Context:659 - Trying to add GPIOservice into a context  which must be forbidden
2024-03-28 22:54:03,635 [INFO] RtosManager:555 - Registered RTOS mode: class=CMSIS, group=RTOS, mode=CMSIS_V1, owner=FREERTOS
2024-03-28 22:54:03,636 [INFO] RtosManager:555 - Registered RTOS mode: class=CMSIS, group=RTOS2, mode=CMSIS_V2, owner=FREERTOS
2024-03-28 22:54:03,636 [INFO] RtosManager:555 - Registered RTOS mode: class=RTOS, group=Core, mode=CMSIS_V1, owner=FREERTOS
2024-03-28 22:54:03,636 [INFO] RtosManager:555 - Registered RTOS mode: class=RTOS, group=Core, mode=CMSIS_V2, owner=FREERTOS
2024-03-28 22:54:03,636 [WARN] ModelIntegratedComponent:184 - Missing modes for component STMicroelectronics:FreeRTOS:0.0.1:STMicroelectronics:RTOS:FreeRTOS:Core:::10.2.0:
2024-03-28 22:54:03,646 [WARN] ModelIntegratedComponent:63 - No mode defined for component null
2024-03-28 22:54:03,647 [WARN] ModelIntegratedComponent:63 - No mode defined for component null
2024-03-28 22:54:03,647 [WARN] ModelIntegratedComponent:63 - No mode defined for component null
2024-03-28 22:54:03,647 [WARN] ModelIntegratedComponent:63 - No mode defined for component null
2024-03-28 22:54:03,647 [WARN] ModelIntegratedComponent:63 - No mode defined for component null
2024-03-28 22:54:03,647 [WARN] ModelIntegratedComponent:63 - No mode defined for component null
2024-03-28 22:54:03,647 [WARN] ModelIntegratedComponent:63 - No mode defined for component null
2024-03-28 22:54:03,647 [WARN] ModelIntegratedComponent:63 - No mode defined for component null
2024-03-28 22:54:03,647 [WARN] ModelIntegratedComponent:63 - No mode defined for component null
2024-03-28 22:54:03,647 [WARN] ModelIntegratedComponent:63 - No mode defined for component null
2024-03-28 22:54:03,647 [WARN] ModelIntegratedComponent:63 - No mode defined for component null
2024-03-28 22:54:03,647 [WARN] ModelIntegratedComponent:63 - No mode defined for component null
2024-03-28 22:54:03,647 [WARN] ModelIntegratedComponent:63 - No mode defined for component null
2024-03-28 22:54:03,647 [WARN] ModelIntegratedComponent:63 - No mode defined for component null
2024-03-28 22:54:03,647 [WARN] ModelIntegratedComponent:63 - No mode defined for component null
2024-03-28 22:54:03,647 [WARN] ModelIntegratedComponent:63 - No mode defined for component null
2024-03-28 22:54:03,647 [WARN] ModelIntegratedComponent:63 - No mode defined for component null
2024-03-28 22:54:03,647 [WARN] ModelIntegratedComponent:63 - No mode defined for component null
2024-03-28 22:54:03,647 [WARN] ModelIntegratedComponent:63 - No mode defined for component null
2024-03-28 22:54:03,647 [WARN] ModelIntegratedComponent:63 - No mode defined for component null
2024-03-28 22:54:03,647 [WARN] ModelIntegratedComponent:63 - No mode defined for component null
2024-03-28 22:54:03,647 [WARN] ModelIntegratedComponent:63 - No mode defined for component null
2024-03-28 22:54:03,647 [WARN] ModelIntegratedComponent:63 - No mode defined for component null
2024-03-28 22:54:03,647 [WARN] ModelIntegratedComponent:63 - No mode defined for component null
2024-03-28 22:54:03,647 [WARN] ModelIntegratedComponent:63 - No mode defined for component null
2024-03-28 22:54:03,647 [WARN] ModelIntegratedComponent:63 - No mode defined for component null
2024-03-28 22:54:03,647 [WARN] ModelIntegratedComponent:63 - No mode defined for component null
2024-03-28 22:54:03,647 [WARN] ModelIntegratedComponent:63 - No mode defined for component null
2024-03-28 22:54:03,647 [WARN] ModelIntegratedComponent:63 - No mode defined for component null
2024-03-28 22:54:03,647 [WARN] ModelIntegratedComponent:63 - No mode defined for component null
2024-03-28 22:54:03,647 [WARN] ModelIntegratedComponent:63 - No mode defined for component null
2024-03-28 22:54:03,648 [WARN] ModelIntegratedComponent:63 - No mode defined for component null
2024-03-28 22:54:03,648 [WARN] ModelIntegratedComponent:63 - No mode defined for component null
2024-03-28 22:54:03,734 [INFO] ThirdPartyModel:298 - Start build external matchings
2024-03-28 22:54:04,031 [INFO] ThirdPartyModel:316 - End build external matchings
2024-03-28 22:54:04,046 [INFO] ImportTextPane:194 - (OptionalMessage_ERROR) IP (DMA) : Parameter (Instance) has Id (USART3_RX) currently not set
2024-03-28 22:54:04,046 [INFO] ImportTextPane:194 - (OptionalMessage_ERROR) IP (DMA) : Parameter (Channel) has Id (USART3_RX) currently not set
2024-03-28 22:54:04,046 [INFO] ImportTextPane:194 - (OptionalMessage_ERROR) IP (DMA) : Parameter (Direction) has Id (USART3_RX) currently not set
2024-03-28 22:54:04,047 [INFO] ImportTextPane:194 - (OptionalMessage_ERROR) IP (DMA) : Parameter (PeriphInc) has Id (USART3_RX) currently not set
2024-03-28 22:54:04,047 [INFO] ImportTextPane:194 - (OptionalMessage_ERROR) IP (DMA) : Parameter (MemInc) has Id (USART3_RX) currently not set
2024-03-28 22:54:04,047 [INFO] ImportTextPane:194 - (OptionalMessage_ERROR) IP (DMA) : Parameter (PeriphDataAlignment) has Id (USART3_RX) currently not set
2024-03-28 22:54:04,047 [INFO] ImportTextPane:194 - (OptionalMessage_ERROR) IP (DMA) : Parameter (MemDataAlignment) has Id (USART3_RX) currently not set
2024-03-28 22:54:04,047 [INFO] ImportTextPane:194 - (OptionalMessage_ERROR) IP (DMA) : Parameter (Mode) has Id (USART3_RX) currently not set
2024-03-28 22:54:04,047 [INFO] ImportTextPane:194 - (OptionalMessage_ERROR) IP (DMA) : Parameter (Priority) has Id (USART3_RX) currently not set
2024-03-28 22:54:04,047 [INFO] ImportTextPane:194 - (OptionalMessage_ERROR) IP (DMA) : Parameter (FIFOMode) has Id (USART3_RX) currently not set
2024-03-28 22:54:04,047 [INFO] ImportTextPane:194 - (OptionalMessage_ERROR) IP (DMA) : Parameter (Instance) has Id (USART2_RX) currently not set
2024-03-28 22:54:04,047 [INFO] ImportTextPane:194 - (OptionalMessage_ERROR) IP (DMA) : Parameter (Channel) has Id (USART2_RX) currently not set
2024-03-28 22:54:04,047 [INFO] ImportTextPane:194 - (OptionalMessage_ERROR) IP (DMA) : Parameter (Direction) has Id (USART2_RX) currently not set
2024-03-28 22:54:04,047 [INFO] ImportTextPane:194 - (OptionalMessage_ERROR) IP (DMA) : Parameter (PeriphInc) has Id (USART2_RX) currently not set
2024-03-28 22:54:04,047 [INFO] ImportTextPane:194 - (OptionalMessage_ERROR) IP (DMA) : Parameter (MemInc) has Id (USART2_RX) currently not set
2024-03-28 22:54:04,047 [INFO] ImportTextPane:194 - (OptionalMessage_ERROR) IP (DMA) : Parameter (PeriphDataAlignment) has Id (USART2_RX) currently not set
2024-03-28 22:54:04,047 [INFO] ImportTextPane:194 - (OptionalMessage_ERROR) IP (DMA) : Parameter (MemDataAlignment) has Id (USART2_RX) currently not set
2024-03-28 22:54:04,047 [INFO] ImportTextPane:194 - (OptionalMessage_ERROR) IP (DMA) : Parameter (Mode) has Id (USART2_RX) currently not set
2024-03-28 22:54:04,047 [INFO] ImportTextPane:194 - (OptionalMessage_ERROR) IP (DMA) : Parameter (Priority) has Id (USART2_RX) currently not set
2024-03-28 22:54:04,048 [INFO] ImportTextPane:194 - (OptionalMessage_ERROR) IP (DMA) : Parameter (FIFOMode) has Id (USART2_RX) currently not set
2024-03-28 22:54:04,052 [INFO] ImportTextPane:194 - (OptionalMessage_ERROR) IP (RCC) : Parameter (48MHZClocksFreq_Value) has invalid value (84000000)
2024-03-28 22:54:04,052 [INFO] ImportTextPane:194 - (OptionalMessage_ERROR) IP (RCC) : Parameter (RTCHSEDivFreq_Value) has invalid value (12500000)
2024-03-28 22:54:04,354 [INFO] UtilMem:75 - End LoadConfig() Used Memory: 708186384 Bytes (1073741824)
2024-03-28 22:54:04,581 [INFO] ApiDb:581 - Connected to CubeFinder SQLite database (C:\Users\skttr\.stmcufinder\plugins\mcufinder\mcu\cube-finder-db.db)
2024-03-28 22:54:04,666 [INFO] ApiDb:668 - CubeFinder database Data Model version=2.1
2024-03-28 22:54:04,666 [INFO] ApiDb:669 - CubeFinder database Configuration version=3.0.39
2024-03-28 22:54:04,667 [INFO] ApiDb:670 - CubeFinder database generation date=2024-03-01 (1709305525)
2024-03-28 22:54:04,667 [INFO] ApiDb:671 - CubeFinder database FW Pack versions=[FP-ATR-ASTRA1_V2.0.0, FP-SNS-FLIGHT1_V5.0.1, FP-SNS-FLIGHT1_V5.0.2, FP-SNS-MOTENV1_V4.3.1, FP-SNS-MOTENV1_V4.3.2, FP-SNS-MOTENVWB1_V1.3.1, FP-SNS-SMARTAG2_V1.2.0, STM32Cube_FW_C0_V1.1.0, STM32Cube_FW_F4_V1.28.0, STM32Cube_FW_F7_V1.17.0, STM32Cube_FW_G0_V1.6.2, STM32Cube_FW_G4_V1.5.2, STM32Cube_FW_H5_V0.5.1, STM32Cube_FW_H5_V1.1.1, STM32Cube_FW_H5_V1.2.0, STM32Cube_FW_H5_V1.2.0RC4, STM32Cube_FW_H7RS_V1.0.0, STM32Cube_FW_H7RS_V1.0.0RC4, STM32Cube_FW_H7_V1.11.0, STM32Cube_FW_L0_V1.12.2, STM32Cube_FW_L5_V1.5.1, STM32Cube_FW_U0_V1.0.0, STM32Cube_FW_U0_V1.0.0RC1, STM32Cube_FW_U5_V1.3.0RC4, STM32Cube_FW_U5_V1.5.0, STM32Cube_FW_U5_V1.5.0RC1, STM32Cube_FW_WBA_V1.0.0RC1, STM32Cube_FW_WBA_V1.2.0, STM32Cube_FW_WBA_V1.2.0RC2, STM32Cube_FW_WBA_V1.3.0, STM32Cube_FW_WBA_V1.3.0RC1, STM32Cube_FW_WB_V1.15.0RC1, STM32Cube_FW_WB_V1.16.0, STM32Cube_FW_WB_V1.16.0RC2, STM32Cube_FW_WB_V1.18.0, STM32Cube_FW_WB_V1.19.0, STM32Cube_FW_WL_V1.3.0, X-CUBE-ALGOBUILD_V1.3.0, X-CUBE-ALS_V1.0.1, X-CUBE-AZRTOS-F4_V1.1.0, X-CUBE-AZRTOS-F7_V1.1.0, X-CUBE-AZRTOS-G0_V1.1.0, X-CUBE-AZRTOS-G4_V2.0.0, X-CUBE-AZRTOS-H7_V3.2.0, X-CUBE-AZRTOS-L4_V1.0.0, X-CUBE-AZRTOS-L4_V2.0.0, X-CUBE-AZRTOS-L5_V1.1.0, X-CUBE-AZRTOS-WB_V2.0.0, X-CUBE-AZRTOS-WL_V2.0.0, X-CUBE-BLE1_V7.0.0, X-CUBE-BLE2_V3.3.0, X-CUBE-BLEMGR_V3.1.0, X-CUBE-EEPRMA1_V4.1.0, X-CUBE-EEPRMA1_V5.1.0, X-CUBE-FREERTOS_V1.1.0, X-CUBE-GNSS1_V6.0.0, X-CUBE-MEMS1_V10.0.0, X-CUBE-MEMS1_V9.1.0, X-CUBE-MEMS1_V9.4.0, X-CUBE-MEMS1_V9.6.0, X-CUBE-NFC4_V3.0.0, X-CUBE-NFC7_V1.0.1, X-CUBE-SFXS2LP1_V4.0.0, X-CUBE-SUBG2_V5.0.0, X-CUBE-TOF1_V3.4.0]
2024-03-28 22:54:06,859 [INFO] ApiDb:240 - Found 323 in-development CPN: [B-G473E-ZEST1S, B-WB1M-WPAN1, B-WL5M-SUBG1, NUCLEO-C031C6, NUCLEO-H503RB, NUCLEO-H563ZI, NUCLEO-U545RE-Q, NUCLEO-U5A5ZJ-Q, NUCLEO-WBA52CG, STEVAL-PROTEUS1, STEVAL-SMARTAG2, STEVAL-STWINBX1, STM320518-EVAL, STM32C0116-DK, STM32C011D6Y3TR, STM32C011D6Y6TR, STM32C011F4P3, STM32C011F4P6, STM32C011F4U3, STM32C011F4U6TR, STM32C011F6P3, STM32C011F6P6, STM32C011F6U3, STM32C011F6U6TR, STM32C011J4M3, STM32C011J4M6, STM32C011J6M3, STM32C011J6M6, STM32C0316-DK, STM32C031C4T3, STM32C031C4T6, STM32C031C4U3, STM32C031C4U6, STM32C031C6T3, STM32C031C6T6, STM32C031C6U3, STM32C031C6U6, STM32C031F4P3, STM32C031F4P6, STM32C031F6P3, STM32C031F6P6, STM32C031G4U3, STM32C031G4U6, STM32C031G6U3, STM32C031G6U6, STM32C031K4T3, STM32C031K4T6, STM32C031K4U3, STM32C031K4U6, STM32C031K6T3, STM32C031K6T6, STM32C031K6U3, STM32C031K6U6, STM32G071K8TXN, STM32G071K8UXN, STM32G081GBU6N, STM32G081KBT6N, STM32G081KBUXN, STM32G0B1CCT6N, STM32G0B1KCT6, STM32G0B1NEY6TR, STM32G0B1RCT6N, STM32G0C1CCT6, STM32G0C1CCT6N, STM32G0C1CCU6N, STM32G0C1CET6N, STM32G0C1CEU6N, STM32G0C1KCT6, STM32G0C1NEY6TR, STM32G0C1RCI6N, STM32G0C1RCT6N, STM32G0C1REI6N, STM32G0C1RET6N, STM32G0C1VCI6, STM32G0C1VEI6, STM32G471CCT6, STM32G471CCU6, STM32G471CET3, STM32G471CET6, STM32G471CEU3, STM32G471CEU6, STM32G471MCT6, STM32G471MET3, STM32G471MET6, STM32G471MEY6TR, STM32G471QCT6, STM32G471QET3, STM32G471RCT6, STM32G471RET3, STM32G471RET6, STM32G471VCH6, STM32G471VCI6, STM32G471VCT6, STM32G471VEH3, STM32G471VEH6, STM32G471VEI3, STM32G471VEI6, STM32G471VET3, STM32G471VET6, STM32G474CCT6, STM32H503CBT6, STM32H503CBU6, STM32H503EBY6TR, STM32H503KBU6, STM32H503RBT6, STM32H562AGI6, STM32H562AII6, STM32H562IGK6, STM32H562IGT6, STM32H562IIK6, STM32H562IIT6, STM32H562RGT6, STM32H562RGV6, STM32H562RIT6, STM32H562RIV6, STM32H562VGT6, STM32H562VIT6, STM32H562ZGT6, STM32H562ZIT6, STM32H563AGI6, STM32H563AII3Q, STM32H563AII6, STM32H563IGK6, STM32H563IGT6, STM32H563IIK3Q, STM32H563IIK6, STM32H563IIT3Q, STM32H563IIT6, STM32H563MIY3QTR, STM32H563RGT6, STM32H563RGV6, STM32H563RIT6, STM32H563RIV6, STM32H563VGT6, STM32H563VIT3Q, STM32H563VIT6, STM32H563ZGT6, STM32H563ZIT3Q, STM32H563ZIT6, STM32H573AII3Q, STM32H573AII6, STM32H573I-DK, STM32H573IIK3Q, STM32H573IIK6, STM32H573IIT3Q, STM32H573IIT6, STM32H573MIY3QTR, STM32H573RIT6, STM32H573RIV6, STM32H573VIT3Q, STM32H573VIT6, STM32H573ZIT3Q, STM32H573ZIT6, STM32L4R5QGI6STR, STM32MP131AAE3, STM32MP131AAF3, STM32MP131AAG3, STM32MP131CAE3, STM32MP131CAF3, STM32MP131CAG3, STM32MP131DAE7, STM32MP131DAF7, STM32MP131DAG7, STM32MP131FAE7, STM32MP131FAF7, STM32MP131FAG7, STM32MP133AAE3, STM32MP133AAF3, STM32MP133AAG3, STM32MP133CAE3, STM32MP133CAF3, STM32MP133CAG3, STM32MP133DAE7, STM32MP133DAF7, STM32MP133DAG7, STM32MP133FAE7, STM32MP133FAF7, STM32MP133FAG7, STM32MP135AAE3, STM32MP135AAF3, STM32MP135AAG3, STM32MP135CAE3, STM32MP135CAF3, STM32MP135CAG3, STM32MP135DAE7, STM32MP135DAF7, STM32MP135DAG7, STM32MP135F-DK, STM32MP135FAE7, STM32MP135FAF7, STM32MP135FAF7T, STM32MP135FAF7U, STM32MP135FAG7, STM32U535CBT6, STM32U535CBT6Q, STM32U535CBU6, STM32U535CBU6Q, STM32U535CCT6, STM32U535CCT6Q, STM32U535CCU6, STM32U535CCU6Q, STM32U535CET6, STM32U535CET6Q, STM32U535CEU6, STM32U535CEU6Q, STM32U535JEY6QTR, STM32U535NCY6QTR, STM32U535NEY6QTR, STM32U535RBI6, STM32U535RBI6Q, STM32U535RBT6, STM32U535RBT6Q, STM32U535RCI6, STM32U535RCI6Q, STM32U535RCT6, STM32U535RCT6Q, STM32U535REI6, STM32U535REI6Q, STM32U535RET6, STM32U535RET6Q, STM32U535VCI6, STM32U535VCI6Q, STM32U535VCT6, STM32U535VCT6Q, STM32U535VEI6, STM32U535VEI6Q, STM32U535VET6, STM32U535VET6Q, STM32U545CET6, STM32U545CET6Q, STM32U545CEU6, STM32U545CEU6Q, STM32U545JEY6QTR, STM32U545NEY6QTR, STM32U545REI6, STM32U545REI6Q, STM32U545RET6, STM32U545RET6Q, STM32U545VEI6, STM32U545VEI6Q, STM32U545VET6, STM32U545VET6Q, STM32U595AIH6, STM32U595AIH6Q, STM32U595AJH6, STM32U595AJH6Q, STM32U595QII6, STM32U595QII6Q, STM32U595QJI6, STM32U595QJI6Q, STM32U595RIT6, STM32U595RIT6Q, STM32U595RJT6, STM32U595RJT6Q, STM32U595VIT6, STM32U595VIT6Q, STM32U595VJT6, STM32U595VJT6Q, STM32U595ZIT6, STM32U595ZIT6Q, STM32U595ZIY6QTR, STM32U595ZJT6, STM32U595ZJT6Q, STM32U595ZJY6QTR, STM32U599BJY6QTR, STM32U599NIH6Q, STM32U599NJH6Q, STM32U599VIT6Q, STM32U599VJT6, STM32U599VJT6Q, STM32U599ZIT6Q, STM32U599ZIY6QTR, STM32U599ZJT6Q, STM32U599ZJY6QTR, STM32U5A5AJH6, STM32U5A5AJH6Q, STM32U5A5QJI6, STM32U5A5QJI6Q, STM32U5A5RJT6, STM32U5A5RJT6Q, STM32U5A5VJT6, STM32U5A5VJT6Q, STM32U5A5ZJT6, STM32U5A5ZJT6Q, STM32U5A5ZJY6QTR, STM32U5A9BJY6QTR, STM32U5A9J-DK, STM32U5A9NJH6Q, STM32U5A9VJT6Q, STM32U5A9ZJT6Q, STM32U5A9ZJY6QTR, STM32U5F7VIT6, STM32U5F7VIT6Q, STM32U5F7VJT6, STM32U5F7VJT6Q, STM32U5F9BJY6QTR, STM32U5F9NJH6Q, STM32U5F9VIT6Q, STM32U5F9VJT6Q, STM32U5F9ZIJ6QTR, STM32U5F9ZIT6Q, STM32U5F9ZJJ6QTR, STM32U5F9ZJT6Q, STM32U5G7VJT6, STM32U5G7VJT6Q, STM32U5G9BJY6QTR, STM32U5G9J-DK1, STM32U5G9J-DK2, STM32U5G9NJH6Q, STM32U5G9VJT6Q, STM32U5G9ZJJ6QTR, STM32U5G9ZJT6Q, STM32WB1MMCH6, STM32WBA52CEU6, STM32WBA52CEU6T, STM32WBA52CGU6, STM32WBA52CGU6T, STM32WBA52KEU6, STM32WBA52KEU6T, STM32WBA52KGU6, STM32WBA52KGU6T, STM32WL5MOCH6, STM32WL5MOCH6TR]
2024-03-28 22:54:06,865 [INFO] DbMcus:217 - Found 3938 MCUs, 3938 are supported
2024-03-28 22:54:06,867 [INFO] ApiDb:423 - Load user favorites file C:\Users\skttr/.stm32cubeide/favorites.mcus.txt: 0 item(s)
2024-03-28 22:54:06,867 [INFO] ApiDb:427 - User favorites MCUs=[]
2024-03-28 22:54:06,867 [INFO] DbMcus:223 - Set 0 / 0 favorites MCUs
2024-03-28 22:54:07,338 [WARN] ThirdParty:833 - waiting for thirdparty lock release [change project]
2024-03-28 22:54:07,338 [INFO] ThirdParty:835 - entering critical section [change project]
2024-03-28 22:54:07,339 [INFO] ThirdParty:1030 - CMSIS Pack Vendor :STMicroelectronics USBPD 4.1
2024-03-28 22:54:07,339 [INFO] ThirdParty:1030 - CMSIS Pack Vendor :STMicroelectronics X-CUBE-GNSS1 6.0.0
2024-03-28 22:54:07,339 [INFO] ThirdParty:1030 - CMSIS Pack Vendor :STMicroelectronics USB_HOST 2.0.0
2024-03-28 22:54:07,339 [INFO] ThirdParty:1030 - CMSIS Pack Vendor :STMicroelectronics X-CUBE-AZRTOS-F4 1.1.0
2024-03-28 22:54:07,339 [INFO] ThirdParty:1030 - CMSIS Pack Vendor :STMicroelectronics LIBJPEG 8.0.0
2024-03-28 22:54:07,339 [INFO] ThirdParty:1030 - CMSIS Pack Vendor :STMicroelectronics X-CUBE-SMBUS 2.1.0
2024-03-28 22:54:07,339 [INFO] ThirdParty:1030 - CMSIS Pack Vendor :STMicroelectronics USB_DEVICE 3.0.0
2024-03-28 22:54:07,339 [INFO] ThirdParty:1030 - CMSIS Pack Vendor :STMicroelectronics X-CUBE-AZRTOS-WB 2.0.0
2024-03-28 22:54:07,339 [INFO] ThirdParty:1030 - CMSIS Pack Vendor :wolfSSL I-CUBE-wolfSSL 5.6.6
2024-03-28 22:54:07,339 [INFO] ThirdParty:1030 - CMSIS Pack Vendor :STMicroelectronics X-CUBE-TOUCHGFX 4.23.0
2024-03-28 22:54:07,339 [INFO] ThirdParty:1030 - CMSIS Pack Vendor :STMicroelectronics X-CUBE-AZRTOS-F7 1.1.0
2024-03-28 22:54:07,339 [INFO] ThirdParty:1030 - CMSIS Pack Vendor :STMicroelectronics X-CUBE-AZRTOS-L5 2.0.0
2024-03-28 22:54:07,339 [INFO] ThirdParty:1030 - CMSIS Pack Vendor :STMicroelectronics USB_DEVICE 2.0.0
2024-03-28 22:54:07,339 [INFO] ThirdParty:1030 - CMSIS Pack Vendor :STMicroelectronics X-CUBE-NFC6 3.1.0
2024-03-28 22:54:07,339 [INFO] ThirdParty:1030 - CMSIS Pack Vendor :ITTIA_DB I-CUBE-ITTIADB 8.8.0
2024-03-28 22:54:07,339 [INFO] ThirdParty:1030 - CMSIS Pack Vendor :STMicroelectronics FP-SNS-MOTENV1 4.3.2
2024-03-28 22:54:07,339 [INFO] ThirdParty:1030 - CMSIS Pack Vendor :STMicroelectronics X-CUBE-ALGOBUILD 1.3.0
2024-03-28 22:54:07,339 [INFO] ThirdParty:1030 - CMSIS Pack Vendor :STMicroelectronics FreeRTOS 0.0.1
2024-03-28 22:54:07,340 [INFO] ThirdParty:1030 - CMSIS Pack Vendor :STMicroelectronics X-CUBE-AZRTOS-G0 1.1.0
2024-03-28 22:54:07,340 [INFO] ThirdParty:1030 - CMSIS Pack Vendor :STMicroelectronics X-CUBE-NFC4 3.0.0
2024-03-28 22:54:07,340 [INFO] ThirdParty:1030 - CMSIS Pack Vendor :STMicroelectronics X-CUBE-SUBG2 5.0.0
2024-03-28 22:54:07,340 [INFO] ThirdParty:1030 - CMSIS Pack Vendor :STMicroelectronics STM32_WPAN 1.0.0
2024-03-28 22:54:07,340 [INFO] ThirdParty:1030 - CMSIS Pack Vendor :STMicroelectronics lwIP 2.0.3
2024-03-28 22:54:07,340 [INFO] ThirdParty:1030 - CMSIS Pack Vendor :STMicroelectronics FP-SNS-FLIGHT1 5.0.2
2024-03-28 22:54:07,340 [INFO] ThirdParty:1030 - CMSIS Pack Vendor :STMicroelectronics USB_HOST 1.0.0
2024-03-28 22:54:07,340 [INFO] ThirdParty:1030 - CMSIS Pack Vendor :STMicroelectronics X-CUBE-AZRTOS-G4 2.0.0
2024-03-28 22:54:07,340 [INFO] ThirdParty:1030 - CMSIS Pack Vendor :STMicroelectronics PDM2PCM 3.1.0
2024-03-28 22:54:07,340 [INFO] ThirdParty:1030 - CMSIS Pack Vendor :Infineon AIROC-Wi-Fi-Bluetooth-STM32 1.5.1
2024-03-28 22:54:07,340 [INFO] ThirdParty:1030 - CMSIS Pack Vendor :STMicroelectronics X-CUBE-BLEMGR 3.0.0
2024-03-28 22:54:07,340 [INFO] ThirdParty:1030 - CMSIS Pack Vendor :STMicroelectronics PDM2PCM 3.3.0
2024-03-28 22:54:07,340 [INFO] ThirdParty:1030 - CMSIS Pack Vendor :STMicroelectronics X-CUBE-DISPLAY 3.0.0
2024-03-28 22:54:07,340 [INFO] ThirdParty:1030 - CMSIS Pack Vendor :STMicroelectronics FP-SNS-MOTENVWB1 1.3.1
2024-03-28 22:54:07,340 [INFO] ThirdParty:1030 - CMSIS Pack Vendor :STMicroelectronics X-CUBE-BLE1 7.0.0
2024-03-28 22:54:07,340 [INFO] ThirdParty:1030 - CMSIS Pack Vendor :STMicroelectronics FP-ATR-SIGFOX1 3.2.0
2024-03-28 22:54:07,340 [INFO] ThirdParty:1030 - CMSIS Pack Vendor :STMicroelectronics X-CUBE-ISPU 2.0.0
2024-03-28 22:54:07,340 [INFO] ThirdParty:1030 - CMSIS Pack Vendor :STMicroelectronics X-CUBE-EEPRMA1 5.1.0
2024-03-28 22:54:07,340 [INFO] ThirdParty:1030 - CMSIS Pack Vendor :STMicroelectronics HAL Drivers 0.0.0
2024-03-28 22:54:07,340 [INFO] ThirdParty:1030 - CMSIS Pack Vendor :STMicroelectronics MBEDTLS 2.16.2
2024-03-28 22:54:07,340 [INFO] ThirdParty:1030 - CMSIS Pack Vendor :emotas I-CUBE-CANOPEN 1.3.0
2024-03-28 22:54:07,341 [INFO] ThirdParty:1030 - CMSIS Pack Vendor :STMicroelectronics X-CUBE-MEMS1 10.0.0
2024-03-28 22:54:07,341 [INFO] ThirdParty:1030 - CMSIS Pack Vendor :STMicroelectronics X-CUBE-FREERTOS 1.1.0
2024-03-28 22:54:07,341 [INFO] ThirdParty:1030 - CMSIS Pack Vendor :STMicroelectronics X-CUBE-NFC7 1.0.1
2024-03-28 22:54:07,341 [INFO] ThirdParty:1030 - CMSIS Pack Vendor :STMicroelectronics MBEDTLS 2.14.1
2024-03-28 22:54:07,341 [INFO] ThirdParty:1030 - CMSIS Pack Vendor :STMicroelectronics X-CUBE-NFC6 3.0.0
2024-03-28 22:54:07,341 [INFO] ThirdParty:1030 - CMSIS Pack Vendor :portGmbH I-Cube-SoM-uGOAL 1.1.0
2024-03-28 22:54:07,341 [INFO] ThirdParty:1030 - CMSIS Pack Vendor :STMicroelectronics X-CUBE-ALS 1.0.1
2024-03-28 22:54:07,341 [INFO] ThirdParty:1030 - CMSIS Pack Vendor :STMicroelectronics X-CUBE-BLEMGR 3.1.0
2024-03-28 22:54:07,341 [INFO] ThirdParty:1030 - CMSIS Pack Vendor :STMicroelectronics ThreadX 1.0.0
2024-03-28 22:54:07,341 [INFO] ThirdParty:1030 - CMSIS Pack Vendor :STMicroelectronics FP-SNS-SMARTAG2 1.2.0
2024-03-28 22:54:07,341 [INFO] ThirdParty:1030 - CMSIS Pack Vendor :STMicroelectronics X-CUBE-AZRTOS-WL 2.0.0
2024-03-28 22:54:07,341 [INFO] ThirdParty:1030 - CMSIS Pack Vendor :SEGGER I-CUBE-embOS 1.3.1
2024-03-28 22:54:07,341 [INFO] ThirdParty:1030 - CMSIS Pack Vendor :STMicroelectronics USB_DEVICE 1.0.0
2024-03-28 22:54:07,341 [INFO] ThirdParty:1030 - CMSIS Pack Vendor :STMicroelectronics X-CUBE-AI 8.1.0
2024-03-28 22:54:07,341 [INFO] ThirdParty:1030 - CMSIS Pack Vendor :STMicroelectronics X-CUBE-AZRTOS-L4 2.0.0
2024-03-28 22:54:07,341 [INFO] ThirdParty:1030 - CMSIS Pack Vendor :STMicroelectronics ThreadX 0.0.2
2024-03-28 22:54:07,341 [INFO] ThirdParty:1030 - CMSIS Pack Vendor :WES I-CUBE-Cesium 1.3.0
2024-03-28 22:54:07,341 [INFO] ThirdParty:1030 - CMSIS Pack Vendor :STMicroelectronics FP-ATR-ASTRA1 2.0.0
2024-03-28 22:54:07,341 [INFO] ThirdParty:1030 - CMSIS Pack Vendor :STMicroelectronics lwIP 2.1.2
2024-03-28 22:54:07,341 [INFO] ThirdParty:1030 - CMSIS Pack Vendor :STMicroelectronics X-CUBE-SFXS2LP1 4.0.0
2024-03-28 22:54:07,341 [INFO] ThirdParty:1030 - CMSIS Pack Vendor :STMicroelectronics X-CUBE-BLE2 3.3.0
2024-03-28 22:54:07,341 [INFO] ThirdParty:1030 - CMSIS Pack Vendor :STMicroelectronics X-CUBE-TOF1 3.4.0
2024-03-28 22:54:07,341 [INFO] ThirdParty:1030 - CMSIS Pack Vendor :STMicroelectronics X-CUBE-TOF1 3.4.1
2024-03-28 22:54:07,341 [INFO] ThirdParty:1030 - CMSIS Pack Vendor :STMicroelectronics X-CUBE-AZRTOS-H7 3.2.0
2024-03-28 22:54:07,341 [INFO] ThirdParty:1030 - CMSIS Pack Vendor :STMicroelectronics PDM2PCM 3.2.0
2024-03-28 22:54:07,343 [INFO] ThirdParty:841 - exiting critical section [change project]
2024-03-28 22:54:07,935 [INFO] PinOutPanel:1499 - setPackage(No Configuration,No Configuration)
2024-03-28 22:54:07,937 [INFO] PinOutPanel:1499 - setPackage(STM32F407VGTx,LQFP100)
2024-03-28 22:54:08,801 [INFO] UtilMem:75 - Before build in PCC Used Memory: 768487632 Bytes (1073741824)
2024-03-28 22:54:09,918 [INFO] UtilMem:75 - After build in PCC Used Memory: 866708424 Bytes (1073741824)
2024-03-28 22:54:10,060 [INFO] ApiDbMcu:507 - Load IP Config File for FATFS
2024-03-28 22:54:10,101 [INFO] IPUIPlugin:80 - create IPUIPlugin
2024-03-28 22:54:10,102 [INFO] IPUIPlugin:80 - create IPUIPlugin
2024-03-28 22:54:10,102 [INFO] IPUIPlugin:80 - create IPUIPlugin
2024-03-28 22:54:10,102 [INFO] IPUIPlugin:80 - create IPUIPlugin
2024-03-28 22:54:10,102 [INFO] IPUIPlugin:80 - create IPUIPlugin
2024-03-28 22:54:10,103 [INFO] IPUIPlugin:80 - create IPUIPlugin
2024-03-28 22:54:10,103 [INFO] IPUIPlugin:80 - create IPUIPlugin
2024-03-28 22:54:10,104 [INFO] IPUIPlugin:80 - create IPUIPlugin
2024-03-28 22:54:10,104 [INFO] IPUIPlugin:80 - create IPUIPlugin
2024-03-28 22:54:10,104 [INFO] IPUIPlugin:80 - create IPUIPlugin
2024-03-28 22:54:10,104 [INFO] IPUIPlugin:80 - create IPUIPlugin
2024-03-28 22:54:10,104 [INFO] IPUIPlugin:80 - create IPUIPlugin
2024-03-28 22:54:10,105 [INFO] IPUIPlugin:80 - create IPUIPlugin
2024-03-28 22:54:10,105 [INFO] IPUIPlugin:80 - create IPUIPlugin
2024-03-28 22:54:10,105 [INFO] IPUIPlugin:80 - create IPUIPlugin
2024-03-28 22:54:10,105 [INFO] IPUIPlugin:80 - create IPUIPlugin
2024-03-28 22:54:10,105 [INFO] IPUIPlugin:80 - create IPUIPlugin
2024-03-28 22:54:10,105 [INFO] IPUIPlugin:80 - create IPUIPlugin
2024-03-28 22:54:10,105 [INFO] IPUIPlugin:80 - create IPUIPlugin
2024-03-28 22:54:10,106 [INFO] IPUIPlugin:80 - create IPUIPlugin
2024-03-28 22:54:10,106 [INFO] IPUIPlugin:80 - create IPUIPlugin
2024-03-28 22:54:10,106 [INFO] IPUIPlugin:80 - create IPUIPlugin
2024-03-28 22:54:10,107 [INFO] IPUIPlugin:80 - create IPUIPlugin
2024-03-28 22:54:10,107 [INFO] IPUIPlugin:80 - create IPUIPlugin
2024-03-28 22:54:10,108 [INFO] IPUIPlugin:80 - create IPUIPlugin
2024-03-28 22:54:10,108 [INFO] IPUIPlugin:80 - create IPUIPlugin
2024-03-28 22:54:10,108 [INFO] IPUIPlugin:80 - create IPUIPlugin
2024-03-28 22:54:10,109 [INFO] IPUIPlugin:80 - create IPUIPlugin
2024-03-28 22:54:10,109 [INFO] IPUIPlugin:80 - create IPUIPlugin
2024-03-28 22:54:10,109 [INFO] IPUIPlugin:80 - create IPUIPlugin
2024-03-28 22:54:10,109 [INFO] IPUIPlugin:80 - create IPUIPlugin
2024-03-28 22:54:10,109 [INFO] IPUIPlugin:80 - create IPUIPlugin
2024-03-28 22:54:10,109 [INFO] IPUIPlugin:80 - create IPUIPlugin
2024-03-28 22:54:10,110 [INFO] IPUIPlugin:80 - create IPUIPlugin
2024-03-28 22:54:10,110 [INFO] IPUIPlugin:80 - create IPUIPlugin
2024-03-28 22:54:10,110 [INFO] IPUIPlugin:80 - create IPUIPlugin
2024-03-28 22:54:10,110 [INFO] IPUIPlugin:80 - create IPUIPlugin
2024-03-28 22:54:10,110 [INFO] IPUIPlugin:80 - create IPUIPlugin
2024-03-28 22:54:10,110 [INFO] IPUIPlugin:80 - create IPUIPlugin
2024-03-28 22:54:10,110 [INFO] IPUIPlugin:80 - create IPUIPlugin
2024-03-28 22:54:10,111 [INFO] IPUIPlugin:80 - create IPUIPlugin
2024-03-28 22:54:10,111 [INFO] IPUIPlugin:80 - create IPUIPlugin
2024-03-28 22:54:10,111 [INFO] IPUIPlugin:80 - create IPUIPlugin
2024-03-28 22:54:10,111 [INFO] IPUIPlugin:80 - create IPUIPlugin
2024-03-28 22:54:10,111 [INFO] IPUIPlugin:80 - create IPUIPlugin
2024-03-28 22:54:10,111 [INFO] IPUIPlugin:80 - create IPUIPlugin
2024-03-28 22:54:10,112 [INFO] IPUIPlugin:80 - create IPUIPlugin
2024-03-28 22:54:10,112 [INFO] IPUIPlugin:80 - create IPUIPlugin
2024-03-28 22:54:10,112 [INFO] IPUIPlugin:80 - create IPUIPlugin
2024-03-28 22:54:10,112 [INFO] IPUIPlugin:80 - create IPUIPlugin
2024-03-28 22:54:10,114 [INFO] IPUIPlugin:80 - create IPUIPlugin
2024-03-28 22:54:10,114 [INFO] IPUIPlugin:80 - create IPUIPlugin
2024-03-28 22:54:10,114 [INFO] IPUIPlugin:80 - create IPUIPlugin
2024-03-28 22:54:10,114 [INFO] IPUIPlugin:80 - create IPUIPlugin
2024-03-28 22:54:10,114 [INFO] IPUIPlugin:80 - create IPUIPlugin
2024-03-28 22:54:10,115 [INFO] IPUIPlugin:80 - create IPUIPlugin
2024-03-28 22:54:10,116 [INFO] IPUIPlugin:80 - create IPUIPlugin
2024-03-28 22:54:10,116 [INFO] IPUIPlugin:80 - create IPUIPlugin
2024-03-28 22:54:10,147 [INFO] ApiDbMcu:507 - Load IP Config File for PDM2PCM
2024-03-28 22:54:10,385 [INFO] CADModel:165 - CPN selected for project levelSTM32F407VGT6
2024-03-28 22:54:10,386 [INFO] CADModel:114 - Register for checkConnection events
2024-03-28 22:54:10,422 [INFO] OpenFileManager:328 - Restore cursor
2024-03-28 23:12:41,328 [INFO] NvicIntPanel:101 - NVIC parent = com.st.microxplorer.plugins.ip.nvic.MultiNvicIntPanel[,0,0,0x0,invalid,layout=javax.swing.BoxLayout,alignmentX=0.0,alignmentY=0.0,border=,flags=9,maximumSize=,minimumSize=,preferredSize=]
2024-03-28 23:13:18,743 [ERROR] LogOutputStream:75 - [STDERR_REDIRECT] Exception in thread "AWT-EventQueue-0" java.awt.IllegalComponentStateException: component must be showing on the screen to determine its location
2024-03-28 23:13:18,745 [ERROR] LogOutputStream:75 - [STDERR_REDIRECT] 	at java.desktop/java.awt.Component.getLocationOnScreen_NoTreeLock(Component.java:2113)
2024-03-28 23:13:18,746 [ERROR] LogOutputStream:75 - [STDERR_REDIRECT] 	at java.desktop/java.awt.Component.getLocationOnScreen(Component.java:2087)
2024-03-28 23:13:18,748 [ERROR] LogOutputStream:75 - [STDERR_REDIRECT] 	at java.desktop/javax.swing.JPopupMenu.show(JPopupMenu.java:963)
2024-03-28 23:13:18,749 [ERROR] LogOutputStream:75 - [STDERR_REDIRECT] 	at java.desktop/javax.swing.plaf.basic.BasicComboPopup.show(BasicComboPopup.java:235)
2024-03-28 23:13:18,749 [ERROR] LogOutputStream:75 - [STDERR_REDIRECT] 	at java.desktop/javax.swing.plaf.basic.BasicComboPopup.togglePopup(BasicComboPopup.java:1257)
2024-03-28 23:13:18,750 [ERROR] LogOutputStream:75 - [STDERR_REDIRECT] 	at java.desktop/javax.swing.plaf.basic.BasicComboPopup$Handler.mousePressed(BasicComboPopup.java:936)
2024-03-28 23:13:18,751 [ERROR] LogOutputStream:75 - [STDERR_REDIRECT] 	at java.desktop/java.awt.Component.processMouseEvent(Component.java:6623)
2024-03-28 23:13:18,752 [ERROR] LogOutputStream:75 - [STDERR_REDIRECT] 	at java.desktop/javax.swing.JComponent.processMouseEvent(JComponent.java:3389)
2024-03-28 23:13:18,753 [ERROR] LogOutputStream:75 - [STDERR_REDIRECT] 	at java.desktop/java.awt.Component.processEvent(Component.java:6391)
2024-03-28 23:13:18,753 [ERROR] LogOutputStream:75 - [STDERR_REDIRECT] 	at java.desktop/java.awt.Container.processEvent(Container.java:2266)
2024-03-28 23:13:18,754 [ERROR] LogOutputStream:75 - [STDERR_REDIRECT] 	at java.desktop/java.awt.Component.dispatchEventImpl(Component.java:5001)
2024-03-28 23:13:18,755 [ERROR] LogOutputStream:75 - [STDERR_REDIRECT] 	at java.desktop/java.awt.Container.dispatchEventImpl(Container.java:2324)
2024-03-28 23:13:18,755 [ERROR] LogOutputStream:75 - [STDERR_REDIRECT] 	at java.desktop/java.awt.Component.dispatchEvent(Component.java:4833)
2024-03-28 23:13:18,755 [ERROR] LogOutputStream:75 - [STDERR_REDIRECT] 	at java.desktop/javax.swing.plaf.basic.BasicTableUI$Handler.repostEvent(BasicTableUI.java:987)
2024-03-28 23:13:18,757 [ERROR] LogOutputStream:75 - [STDERR_REDIRECT] 	at java.desktop/javax.swing.plaf.basic.BasicTableUI$Handler.adjustSelection(BasicTableUI.java:1149)
2024-03-28 23:13:18,758 [ERROR] LogOutputStream:75 - [STDERR_REDIRECT] 	at java.desktop/javax.swing.plaf.basic.BasicTableUI$Handler.mousePressed(BasicTableUI.java:1077)
2024-03-28 23:13:18,759 [ERROR] LogOutputStream:75 - [STDERR_REDIRECT] 	at java.desktop/java.awt.AWTEventMulticaster.mousePressed(AWTEventMulticaster.java:288)
2024-03-28 23:13:18,760 [ERROR] LogOutputStream:75 - [STDERR_REDIRECT] 	at java.desktop/java.awt.AWTEventMulticaster.mousePressed(AWTEventMulticaster.java:287)
2024-03-28 23:13:18,760 [ERROR] LogOutputStream:75 - [STDERR_REDIRECT] 	at java.desktop/java.awt.AWTEventMulticaster.mousePressed(AWTEventMulticaster.java:287)
2024-03-28 23:13:18,761 [ERROR] LogOutputStream:75 - [STDERR_REDIRECT] 	at java.desktop/java.awt.AWTEventMulticaster.mousePressed(AWTEventMulticaster.java:287)
2024-03-28 23:13:18,762 [ERROR] LogOutputStream:75 - [STDERR_REDIRECT] 	at java.desktop/java.awt.Component.processMouseEvent(Component.java:6623)
2024-03-28 23:13:18,763 [ERROR] LogOutputStream:75 - [STDERR_REDIRECT] 	at java.desktop/javax.swing.JComponent.processMouseEvent(JComponent.java:3389)
2024-03-28 23:13:18,764 [ERROR] LogOutputStream:75 - [STDERR_REDIRECT] 	at java.desktop/java.awt.Component.processEvent(Component.java:6391)
2024-03-28 23:13:18,765 [ERROR] LogOutputStream:75 - [STDERR_REDIRECT] 	at java.desktop/java.awt.Container.processEvent(Container.java:2266)
2024-03-28 23:13:18,766 [ERROR] LogOutputStream:75 - [STDERR_REDIRECT] 	at java.desktop/java.awt.Component.dispatchEventImpl(Component.java:5001)
2024-03-28 23:13:18,767 [ERROR] LogOutputStream:75 - [STDERR_REDIRECT] 	at java.desktop/java.awt.Container.dispatchEventImpl(Container.java:2324)
2024-03-28 23:13:18,767 [ERROR] LogOutputStream:75 - [STDERR_REDIRECT] 	at java.desktop/java.awt.Component.dispatchEvent(Component.java:4833)
2024-03-28 23:13:18,768 [ERROR] LogOutputStream:75 - [STDERR_REDIRECT] 	at java.desktop/java.awt.LightweightDispatcher.retargetMouseEvent(Container.java:4948)
2024-03-28 23:13:18,769 [ERROR] LogOutputStream:75 - [STDERR_REDIRECT] 	at java.desktop/java.awt.LightweightDispatcher.processMouseEvent(Container.java:4572)
2024-03-28 23:13:18,770 [ERROR] LogOutputStream:75 - [STDERR_REDIRECT] 	at java.desktop/java.awt.LightweightDispatcher.dispatchEvent(Container.java:4516)
2024-03-28 23:13:18,771 [ERROR] LogOutputStream:75 - [STDERR_REDIRECT] 	at java.desktop/java.awt.Container.dispatchEventImpl(Container.java:2310)
2024-03-28 23:13:18,771 [ERROR] LogOutputStream:75 - [STDERR_REDIRECT] 	at java.desktop/java.awt.Component.dispatchEvent(Component.java:4833)
2024-03-28 23:13:18,772 [ERROR] LogOutputStream:75 - [STDERR_REDIRECT] 	at java.desktop/java.awt.EventQueue.dispatchEventImpl(EventQueue.java:773)
2024-03-28 23:13:18,772 [ERROR] LogOutputStream:75 - [STDERR_REDIRECT] 	at java.desktop/java.awt.EventQueue$4.run(EventQueue.java:722)
2024-03-28 23:13:18,773 [ERROR] LogOutputStream:75 - [STDERR_REDIRECT] 	at java.desktop/java.awt.EventQueue$4.run(EventQueue.java:716)
2024-03-28 23:13:18,774 [ERROR] LogOutputStream:75 - [STDERR_REDIRECT] 	at java.base/java.security.AccessController.doPrivileged(AccessController.java:399)
2024-03-28 23:13:18,775 [ERROR] LogOutputStream:75 - [STDERR_REDIRECT] 	at java.base/java.security.ProtectionDomain$JavaSecurityAccessImpl.doIntersectionPrivilege(ProtectionDomain.java:86)
2024-03-28 23:13:18,776 [ERROR] LogOutputStream:75 - [STDERR_REDIRECT] 	at java.base/java.security.ProtectionDomain$JavaSecurityAccessImpl.doIntersectionPrivilege(ProtectionDomain.java:97)
2024-03-28 23:13:18,776 [ERROR] LogOutputStream:75 - [STDERR_REDIRECT] 	at java.desktop/java.awt.EventQueue$5.run(EventQueue.java:746)
2024-03-28 23:13:18,777 [ERROR] LogOutputStream:75 - [STDERR_REDIRECT] 	at java.desktop/java.awt.EventQueue$5.run(EventQueue.java:744)
2024-03-28 23:13:18,778 [ERROR] LogOutputStream:75 - [STDERR_REDIRECT] 	at java.base/java.security.AccessController.doPrivileged(AccessController.java:399)
2024-03-28 23:13:18,780 [ERROR] LogOutputStream:75 - [STDERR_REDIRECT] 	at java.base/java.security.ProtectionDomain$JavaSecurityAccessImpl.doIntersectionPrivilege(ProtectionDomain.java:86)
2024-03-28 23:13:18,780 [ERROR] LogOutputStream:75 - [STDERR_REDIRECT] 	at java.desktop/java.awt.EventQueue.dispatchEvent(EventQueue.java:743)
2024-03-28 23:13:18,781 [ERROR] LogOutputStream:75 - [STDERR_REDIRECT] 	at java.desktop/java.awt.EventDispatchThread.pumpOneEventForFilters(EventDispatchThread.java:203)
2024-03-28 23:13:18,782 [ERROR] LogOutputStream:75 - [STDERR_REDIRECT] 	at java.desktop/java.awt.EventDispatchThread.pumpEventsForFilter(EventDispatchThread.java:124)
2024-03-28 23:13:18,782 [ERROR] LogOutputStream:75 - [STDERR_REDIRECT] 	at java.desktop/java.awt.EventDispatchThread.pumpEventsForHierarchy(EventDispatchThread.java:113)
2024-03-28 23:13:18,784 [ERROR] LogOutputStream:75 - [STDERR_REDIRECT] 	at java.desktop/java.awt.EventDispatchThread.pumpEvents(EventDispatchThread.java:109)
2024-03-28 23:13:18,784 [ERROR] LogOutputStream:75 - [STDERR_REDIRECT] 	at java.desktop/java.awt.EventDispatchThread.pumpEvents(EventDispatchThread.java:101)
2024-03-28 23:13:18,786 [ERROR] LogOutputStream:75 - [STDERR_REDIRECT] 	at java.desktop/java.awt.EventDispatchThread.run(EventDispatchThread.java:90)
2024-03-28 23:19:09,228 [INFO] NvicIntPanel:101 - NVIC parent = com.st.microxplorer.plugins.ip.nvic.MultiNvicIntPanel[,0,0,0x0,invalid,layout=javax.swing.BoxLayout,alignmentX=0.0,alignmentY=0.0,border=,flags=9,maximumSize=,minimumSize=,preferredSize=]
2024-03-28 23:19:12,324 [INFO] NvicIntPanel:101 - NVIC parent = com.st.microxplorer.plugins.ip.nvic.MultiNvicIntPanel[,0,0,0x0,invalid,layout=javax.swing.BoxLayout,alignmentX=0.0,alignmentY=0.0,border=,flags=9,maximumSize=,minimumSize=,preferredSize=]
2024-03-28 23:19:19,884 [INFO] NvicIntPanel:101 - NVIC parent = com.st.microxplorer.plugins.ip.nvic.MultiNvicIntPanel[,0,0,0x0,invalid,layout=javax.swing.BoxLayout,alignmentX=0.0,alignmentY=0.0,border=,flags=9,maximumSize=,minimumSize=,preferredSize=]
2024-03-28 23:19:28,462 [INFO] UtilMem:75 - End SaveConfig() Used Memory: 672644832 Bytes (1073741824)
2024-03-28 23:19:31,574 [INFO] UtilMem:75 - End SaveConfig() Used Memory: 839392408 Bytes (1073741824)
2024-03-28 23:19:32,118 [INFO] BlockDiagram:2759 - set Specific Code input for plugin: SPI
2024-03-28 23:19:32,119 [INFO] BlockDiagram:2759 - set Specific Code input for plugin: SPI
2024-03-28 23:19:32,119 [INFO] BlockDiagram:2759 - set Specific Code input for plugin: SYS
2024-03-28 23:19:32,119 [INFO] BlockDiagram:2759 - set Specific Code input for plugin: RCC
2024-03-28 23:19:32,119 [INFO] BlockDiagram:2759 - set Specific Code input for plugin: RTC
2024-03-28 23:19:32,119 [INFO] BlockDiagram:2759 - set Specific Code input for plugin: NVIC
2024-03-28 23:19:32,119 [INFO] BlockDiagram:2759 - set Specific Code input for plugin: USART
2024-03-28 23:19:32,119 [INFO] BlockDiagram:2759 - set Specific Code input for plugin: USART
2024-03-28 23:19:32,119 [INFO] BlockDiagram:2759 - set Specific Code input for plugin: USART
2024-03-28 23:19:32,119 [INFO] BlockDiagram:2759 - set Specific Code input for plugin: DMA
2024-03-28 23:19:32,119 [INFO] BlockDiagram:2759 - set Specific Code input for plugin: GPIO
2024-03-28 23:19:32,119 [INFO] BlockDiagram:2759 - set Specific Code input for plugin: FATFS
2024-03-28 23:19:32,120 [INFO] CodeGenerator:799 - code generatio: config db path: C:\ST\STM32CubeIDE_1.13.1\STM32CubeIDE\plugins\com.st.stm32cube.common.mx_6.9.2.202309101412\\db\
2024-03-28 23:19:32,550 [INFO] CodeEngine:255 - oldGeneratedFile, C:\Users\skttr\OneDrive\Desktop\TU-BU-IOT\TUBU_V4\MXTmpFiles\license.tmp_save
2024-03-28 23:19:33,265 [INFO] CodeEngine:279 - Generated code: C:\Users\skttr\OneDrive\Desktop\TU-BU-IOT\TUBU_V4\MXTmpFiles\license.tmp
2024-03-28 23:19:33,403 [INFO] CodeEngine:255 - oldGeneratedFile, C:\Users\skttr\OneDrive\Desktop\TU-BU-IOT\TUBU_V4\MXTmpFiles\gpio.tmp_save
2024-03-28 23:19:33,632 [INFO] CodeEngine:279 - Generated code: C:\Users\skttr\OneDrive\Desktop\TU-BU-IOT\TUBU_V4\MXTmpFiles\gpio.tmp
2024-03-28 23:19:34,313 [INFO] Middleware:1439 - No code input for Bsp Dependency
2024-03-28 23:19:34,332 [INFO] CodeEngine:255 - oldGeneratedFile, C:\Users\skttr\OneDrive\Desktop\TU-BU-IOT\TUBU_V4\MXTmpFiles\fatfs_HalInit.tmp_save
2024-03-28 23:19:34,506 [INFO] CodeEngine:279 - Generated code: C:\Users\skttr\OneDrive\Desktop\TU-BU-IOT\TUBU_V4\MXTmpFiles\fatfs_HalInit.tmp
2024-03-28 23:19:34,532 [INFO] CodeEngine:255 - oldGeneratedFile, C:\Users\skttr\OneDrive\Desktop\TU-BU-IOT\TUBU_V4\MXTmpFiles\fatfs_vars.tmp_save
2024-03-28 23:19:34,635 [INFO] CodeEngine:279 - Generated code: C:\Users\skttr\OneDrive\Desktop\TU-BU-IOT\TUBU_V4\MXTmpFiles\fatfs_vars.tmp
2024-03-28 23:19:34,668 [INFO] CodeEngine:255 - oldGeneratedFile, C:\Users\skttr\OneDrive\Desktop\TU-BU-IOT\TUBU_V4\MXTmpFiles\fatfs_ext_vars.tmp_save
2024-03-28 23:19:34,766 [INFO] CodeEngine:279 - Generated code: C:\Users\skttr\OneDrive\Desktop\TU-BU-IOT\TUBU_V4\MXTmpFiles\fatfs_ext_vars.tmp
2024-03-28 23:19:34,816 [INFO] CodeEngine:255 - oldGeneratedFile, C:\Users\skttr\OneDrive\Desktop\TU-BU-IOT\TUBU_V4\MXTmpFiles\fatfs_inc.tmp_save
2024-03-28 23:19:34,984 [INFO] CodeEngine:279 - Generated code: C:\Users\skttr\OneDrive\Desktop\TU-BU-IOT\TUBU_V4\MXTmpFiles\fatfs_inc.tmp
2024-03-28 23:19:35,082 [INFO] CodeEngine:255 - oldGeneratedFile, C:\Users\skttr\OneDrive\Desktop\TU-BU-IOT\TUBU_V4\MXTmpFiles\dma.tmp_save
2024-03-28 23:19:35,262 [INFO] CodeEngine:279 - Generated code: C:\Users\skttr\OneDrive\Desktop\TU-BU-IOT\TUBU_V4\MXTmpFiles\dma.tmp
2024-03-28 23:19:35,323 [INFO] CodeEngine:255 - oldGeneratedFile, C:\Users\skttr\OneDrive\Desktop\TU-BU-IOT\TUBU_V4\MXTmpFiles\dma_GV.tmp_save
2024-03-28 23:19:35,413 [INFO] CodeEngine:279 - Generated code: C:\Users\skttr\OneDrive\Desktop\TU-BU-IOT\TUBU_V4\MXTmpFiles\dma_GV.tmp
2024-03-28 23:19:35,422 [INFO] Middleware:1439 - No code input for Bsp Dependency
2024-03-28 23:19:35,436 [INFO] CodeEngine:255 - oldGeneratedFile, C:\Users\skttr\OneDrive\Desktop\TU-BU-IOT\TUBU_V4\MXTmpFiles\fatfs_HalInit.tmp_save
2024-03-28 23:19:35,583 [INFO] CodeEngine:279 - Generated code: C:\Users\skttr\OneDrive\Desktop\TU-BU-IOT\TUBU_V4\MXTmpFiles\fatfs_HalInit.tmp
2024-03-28 23:19:35,601 [INFO] CodeEngine:255 - oldGeneratedFile, C:\Users\skttr\OneDrive\Desktop\TU-BU-IOT\TUBU_V4\MXTmpFiles\fatfs_vars.tmp_save
2024-03-28 23:19:35,660 [INFO] CodeEngine:279 - Generated code: C:\Users\skttr\OneDrive\Desktop\TU-BU-IOT\TUBU_V4\MXTmpFiles\fatfs_vars.tmp
2024-03-28 23:19:35,675 [INFO] CodeEngine:255 - oldGeneratedFile, C:\Users\skttr\OneDrive\Desktop\TU-BU-IOT\TUBU_V4\MXTmpFiles\fatfs_ext_vars.tmp_save
2024-03-28 23:19:35,726 [INFO] CodeEngine:279 - Generated code: C:\Users\skttr\OneDrive\Desktop\TU-BU-IOT\TUBU_V4\MXTmpFiles\fatfs_ext_vars.tmp
2024-03-28 23:19:35,735 [INFO] CodeEngine:255 - oldGeneratedFile, C:\Users\skttr\OneDrive\Desktop\TU-BU-IOT\TUBU_V4\MXTmpFiles\fatfs_inc.tmp_save
2024-03-28 23:19:35,794 [INFO] CodeEngine:279 - Generated code: C:\Users\skttr\OneDrive\Desktop\TU-BU-IOT\TUBU_V4\MXTmpFiles\fatfs_inc.tmp
2024-03-28 23:19:35,821 [INFO] CodeEngine:255 - oldGeneratedFile, C:\Users\skttr\OneDrive\Desktop\TU-BU-IOT\TUBU_V4\FATFS\Target\ffconf.h_save
2024-03-28 23:19:35,943 [INFO] CodeEngine:279 - Generated code: C:\Users\skttr\OneDrive\Desktop\TU-BU-IOT\TUBU_V4\FATFS\Target\ffconf.h
2024-03-28 23:19:35,975 [INFO] CodeEngine:255 - oldGeneratedFile, C:\Users\skttr\OneDrive\Desktop\TU-BU-IOT\TUBU_V4\FATFS\Target\user_diskio.c_save
2024-03-28 23:19:36,076 [INFO] CodeEngine:279 - Generated code: C:\Users\skttr\OneDrive\Desktop\TU-BU-IOT\TUBU_V4\FATFS\Target\user_diskio.c
2024-03-28 23:19:36,104 [INFO] CodeEngine:255 - oldGeneratedFile, C:\Users\skttr\OneDrive\Desktop\TU-BU-IOT\TUBU_V4\FATFS\Target\user_diskio.h_save
2024-03-28 23:19:36,211 [INFO] CodeEngine:279 - Generated code: C:\Users\skttr\OneDrive\Desktop\TU-BU-IOT\TUBU_V4\FATFS\Target\user_diskio.h
2024-03-28 23:19:36,273 [INFO] CodeEngine:255 - oldGeneratedFile, C:\Users\skttr\OneDrive\Desktop\TU-BU-IOT\TUBU_V4\FATFS\App\fatfs.c_save
2024-03-28 23:19:36,376 [INFO] CodeEngine:279 - Generated code: C:\Users\skttr\OneDrive\Desktop\TU-BU-IOT\TUBU_V4\FATFS\App\fatfs.c
2024-03-28 23:19:36,402 [INFO] CodeEngine:255 - oldGeneratedFile, C:\Users\skttr\OneDrive\Desktop\TU-BU-IOT\TUBU_V4\FATFS\App\fatfs.h_save
2024-03-28 23:19:36,493 [INFO] CodeEngine:279 - Generated code: C:\Users\skttr\OneDrive\Desktop\TU-BU-IOT\TUBU_V4\FATFS\App\fatfs.h
2024-03-28 23:19:36,533 [INFO] CodeEngine:255 - oldGeneratedFile, C:\Users\skttr\OneDrive\Desktop\TU-BU-IOT\TUBU_V4\Core\Src\stm32f4xx_it.c_save
2024-03-28 23:19:36,674 [INFO] CodeEngine:279 - Generated code: C:\Users\skttr\OneDrive\Desktop\TU-BU-IOT\TUBU_V4\Core\Src\stm32f4xx_it.c
2024-03-28 23:19:36,699 [INFO] CodeEngine:255 - oldGeneratedFile, C:\Users\skttr\OneDrive\Desktop\TU-BU-IOT\TUBU_V4\Core\Inc\stm32f4xx_it.h_save
2024-03-28 23:19:36,783 [INFO] CodeEngine:279 - Generated code: C:\Users\skttr\OneDrive\Desktop\TU-BU-IOT\TUBU_V4\Core\Inc\stm32f4xx_it.h
2024-03-28 23:19:36,829 [INFO] CodeEngine:255 - oldGeneratedFile, C:\Users\skttr\OneDrive\Desktop\TU-BU-IOT\TUBU_V4\Core\Src\stm32f4xx_hal_msp.c_save
2024-03-28 23:19:37,005 [INFO] CodeEngine:279 - Generated code: C:\Users\skttr\OneDrive\Desktop\TU-BU-IOT\TUBU_V4\Core\Src\stm32f4xx_hal_msp.c
2024-03-28 23:19:37,029 [INFO] CodeEngine:255 - oldGeneratedFile, C:\Users\skttr\OneDrive\Desktop\TU-BU-IOT\TUBU_V4\MXTmpFiles\system.tmp_save
2024-03-28 23:19:37,100 [INFO] CodeEngine:279 - Generated code: C:\Users\skttr\OneDrive\Desktop\TU-BU-IOT\TUBU_V4\MXTmpFiles\system.tmp
2024-03-28 23:19:37,136 [INFO] CodeEngine:311 - oldGeneratedFile, C:\Users\skttr\OneDrive\Desktop\TU-BU-IOT\TUBU_V4\Core\Inc\stm32f4xx_hal_conf.h_save
2024-03-28 23:19:37,303 [INFO] CodeEngine:335 - Generated code: C:\Users\skttr\OneDrive\Desktop\TU-BU-IOT\TUBU_V4\Core\Inc\stm32f4xx_hal_conf.h
2024-03-28 23:19:37,403 [INFO] CodeEngine:255 - oldGeneratedFile, C:\Users\skttr\OneDrive\Desktop\TU-BU-IOT\TUBU_V4\Core\Inc\main.h_save
2024-03-28 23:19:37,539 [INFO] CodeEngine:279 - Generated code: C:\Users\skttr\OneDrive\Desktop\TU-BU-IOT\TUBU_V4\Core\Inc\main.h
2024-03-28 23:19:37,565 [INFO] CodeEngine:255 - oldGeneratedFile, C:\Users\skttr\OneDrive\Desktop\TU-BU-IOT\TUBU_V4\Core\Src\main.c_save
2024-03-28 23:19:37,773 [INFO] CodeEngine:279 - Generated code: C:\Users\skttr\OneDrive\Desktop\TU-BU-IOT\TUBU_V4\Core\Src\main.c
2024-03-28 23:19:38,514 [INFO] ProjectBuilder:3064 - Time for Copy HAL[1] : 356mS.
2024-03-28 23:19:38,532 [INFO] ProjectBuilder:4404 - Project Generator version: 4.1.0
2024-03-28 23:19:38,958 [INFO] ConfigFileManager:1457 - The Die is : DIE413
2024-03-28 23:19:38,986 [INFO] ApiDbMcu:507 - Load IP Config File for FREERTOS
2024-03-28 23:19:39,002 [INFO] ApiDbMcu:507 - Load IP Config File for LIBJPEG
2024-03-28 23:19:39,020 [INFO] ApiDbMcu:507 - Load IP Config File for LWIP
2024-03-28 23:19:39,040 [INFO] ApiDbMcu:507 - Load IP Config File for MBEDTLS
2024-03-28 23:19:39,054 [INFO] ApiDbMcu:507 - Load IP Config File for USB_DEVICE
2024-03-28 23:19:39,064 [INFO] ApiDbMcu:507 - Load IP Config File for USB_HOST
2024-03-28 23:19:40,233 [INFO] LogOutputStream:77 - [STDOUT_REDIRECT] 
2024-03-28 23:19:43,883 [INFO] ProjectBuilder:4626 - Time for Generating toolchain IDE Files: 5351mS.
2024-03-28 23:19:43,885 [INFO] ProjectBuilder:2935 - Time for Copy CMSIS : 1mS.
2024-03-28 23:19:43,892 [INFO] ProjectBuilder:2935 - Time for Copy CMSIS : 0mS.
